0001_0011_0016_0050_0050.jpg 1 11 16 50 50
0002_0045_0020_0046_0046.jpg 1 45 20 46 46
0003_0033_0025_0061_0061.jpg 1 33 25 61 61
0004_0033_0042_0042_0042.jpg 1 33 42 42 42
0005_0038_0011_0045_0045.jpg 1 38 11 45 45
0006_0008_0048_0030_0030.jpg 1 8 48 30 30
0007_0005_0015_0056_0056.jpg 1 5 15 56 56
0008_0008_0019_0056_0056.jpg 1 8 19 56 56
0009_0026_0020_0067_0067.jpg 1 26 20 67 67
0010_0042_0052_0034_0034.jpg 1 42 52 34 34
0011_0029_0012_0054_0054.jpg 1 29 12 54 54
0012_0053_0011_0032_0032.jpg 1 53 11 32 32
0013_0011_0024_0057_0057.jpg 1 11 24 57 57
0014_0039_0026_0054_0054.jpg 1 39 26 54 54
0015_0048_0041_0030_0030.jpg 1 48 41 30 30
0016_0040_0059_0026_0026.jpg 1 40 59 26 26
0017_0020_0034_0056_0056.jpg 1 20 34 56 56
0018_0043_0029_0036_0036.jpg 1 43 29 36 36
0019_0027_0010_0068_0068.jpg 1 27 10 68 68
0020_0032_0027_0050_0050.jpg 1 32 27 50 50
0021_0032_0034_0052_0052.jpg 1 32 34 52 52
0022_0057_0054_0026_0026.jpg 1 57 54 26 26
0023_0038_0032_0057_0057.jpg 1 38 32 57 57
0024_0014_0013_0069_0069.jpg 1 14 13 69 69
0025_0005_0014_0065_0065.jpg 1 5 14 65 65
0026_0054_0035_0031_0031.jpg 1 54 35 31 31
0027_0010_0007_0053_0053.jpg 1 10 7 53 53
0028_0022_0016_0041_0041.jpg 1 22 16 41 41
0029_0043_0012_0040_0040.jpg 1 43 12 40 40
0030_0050_0044_0032_0032.jpg 1 50 44 32 32
0031_0034_0027_0057_0057.jpg 1 34 27 57 57
0032_0024_0029_0045_0045.jpg 1 24 29 45 45
0033_0013_0009_0066_0066.jpg 1 13 9 66 66
0034_0023_0005_0068_0068.jpg 1 23 5 68 68
0035_0027_0012_0024_0024.jpg 1 27 12 24 24
0036_0024_0004_0056_0056.jpg 1 24 4 56 56
0037_0024_0015_0061_0061.jpg 1 24 15 61 61
0038_0042_0006_0044_0044.jpg 1 42 6 44 44
0039_0005_0026_0061_0061.jpg 1 5 26 61 61
0040_0009_0036_0055_0055.jpg 1 9 36 55 55
0041_0017_0037_0038_0038.jpg 1 17 37 38 38
0042_0007_0005_0047_0047.jpg 1 7 5 47 47
0043_0013_0018_0057_0057.jpg 1 13 18 57 57
0044_0027_0026_0053_0053.jpg 1 27 26 53 53
0045_0008_0023_0069_0069.jpg 1 8 23 69 69
0046_0041_0011_0039_0039.jpg 1 41 11 39 39
0047_0031_0016_0052_0052.jpg 1 31 16 52 52
0048_0014_0004_0066_0066.jpg 1 14 4 66 66
0049_0039_0028_0033_0033.jpg 1 39 28 33 33
0050_0013_0009_0062_0062.jpg 1 13 9 62 62
0051_0031_0038_0036_0036.jpg 1 31 38 36 36
0052_0011_0035_0053_0053.jpg 1 11 35 53 53
0053_0056_0034_0028_0028.jpg 1 56 34 28 28
0054_0035_0008_0034_0034.jpg 1 35 8 34 34
0055_0011_0039_0036_0036.jpg 1 11 39 36 36
0056_0009_0016_0059_0059.jpg 1 9 16 59 59
0057_0019_0007_0066_0066.jpg 1 19 7 66 66
0058_0008_0003_0068_0068.jpg 1 8 3 68 68
0059_0008_0023_0058_0058.jpg 1 8 23 58 58
0060_0024_0003_0069_0069.jpg 1 24 3 69 69
0061_0019_0008_0024_0024.jpg 1 19 8 24 24
0062_0018_0024_0062_0062.jpg 1 18 24 62 62
0063_0039_0015_0041_0041.jpg 1 39 15 41 41
0064_0010_0012_0043_0043.jpg 1 10 12 43 43
0065_0040_0044_0048_0048.jpg 1 40 44 48 48
0066_0038_0056_0032_0032.jpg 1 38 56 32 32
0067_0004_0023_0056_0056.jpg 1 4 23 56 56
0068_0029_0042_0053_0053.jpg 1 29 42 53 53
0069_0035_0011_0053_0053.jpg 1 35 11 53 53
0070_0029_0010_0053_0053.jpg 1 29 10 53 53
0071_0013_0028_0047_0047.jpg 1 13 28 47 47
0072_0033_0016_0042_0042.jpg 1 33 16 42 42
0073_0043_0036_0034_0034.jpg 1 43 36 34 34
0074_0051_0040_0039_0039.jpg 1 51 40 39 39
0075_0039_0014_0032_0032.jpg 1 39 14 32 32
0076_0053_0050_0027_0027.jpg 1 53 50 27 27
0077_0031_0013_0059_0059.jpg 1 31 13 59 59
0078_0023_0022_0066_0066.jpg 1 23 22 66 66
0079_0016_0007_0054_0054.jpg 1 16 7 54 54
0080_0024_0018_0050_0050.jpg 1 24 18 50 50
0081_0020_0013_0034_0034.jpg 1 20 13 34 34
0082_0010_0053_0024_0024.jpg 1 10 53 24 24
0083_0021_0018_0027_0027.jpg 1 21 18 27 27
0084_0038_0030_0056_0056.jpg 1 38 30 56 56
0085_0008_0030_0065_0065.jpg 1 8 30 65 65
0086_0030_0030_0027_0027.jpg 1 30 30 27 27
0087_0032_0023_0064_0064.jpg 1 32 23 64 64
0088_0051_0033_0038_0038.jpg 1 51 33 38 38
0089_0025_0017_0057_0057.jpg 1 25 17 57 57
0090_0020_0051_0039_0039.jpg 1 20 51 39 39
0091_0024_0024_0065_0065.jpg 1 24 24 65 65
0092_0006_0036_0047_0047.jpg 1 6 36 47 47
0093_0028_0009_0063_0063.jpg 1 28 9 63 63
0094_0035_0039_0053_0053.jpg 1 35 39 53 53
0095_0013_0040_0046_0046.jpg 1 13 40 46 46
0096_0026_0048_0038_0038.jpg 1 26 48 38 38
0097_0036_0020_0039_0039.jpg 1 36 20 39 39
0098_0033_0027_0054_0054.jpg 1 33 27 54 54
0099_0009_0015_0025_0025.jpg 1 9 15 25 25
0100_0051_0024_0035_0035.jpg 1 51 24 35 35
0101_0006_0023_0062_0062.jpg 1 6 23 62 62
0102_0023_0032_0041_0041.jpg 1 23 32 41 41
0103_0009_0008_0064_0064.jpg 1 9 8 64 64
0104_0027_0049_0027_0027.jpg 1 27 49 27 27
0105_0061_0030_0027_0027.jpg 1 61 30 27 27
0106_0032_0014_0049_0049.jpg 1 32 14 49 49
0107_0049_0028_0038_0038.jpg 1 49 28 38 38
0108_0022_0023_0056_0056.jpg 1 22 23 56 56
0109_0006_0029_0066_0066.jpg 1 6 29 66 66
0110_0064_0041_0025_0025.jpg 1 64 41 25 25
0111_0030_0005_0048_0048.jpg 1 30 5 48 48
0112_0048_0058_0034_0034.jpg 1 48 58 34 34
0113_0052_0050_0036_0036.jpg 1 52 50 36 36
0114_0020_0004_0063_0063.jpg 1 20 4 63 63
0115_0016_0012_0051_0051.jpg 1 16 12 51 51
0116_0017_0035_0032_0032.jpg 1 17 35 32 32
0117_0008_0013_0055_0055.jpg 1 8 13 55 55
0118_0007_0053_0040_0040.jpg 1 7 53 40 40
0119_0003_0008_0069_0069.jpg 1 3 8 69 69
0120_0008_0036_0026_0026.jpg 1 8 36 26 26
0121_0051_0049_0025_0025.jpg 1 51 49 25 25
0122_0025_0017_0060_0060.jpg 1 25 17 60 60
0123_0031_0021_0043_0043.jpg 1 31 21 43 43
0124_0014_0005_0061_0061.jpg 1 14 5 61 61
0125_0026_0045_0034_0034.jpg 1 26 45 34 34
0126_0031_0017_0062_0062.jpg 1 31 17 62 62
0127_0052_0032_0039_0039.jpg 1 52 32 39 39
0128_0048_0006_0036_0036.jpg 1 48 6 36 36
0129_0031_0008_0065_0065.jpg 1 31 8 65 65
0130_0026_0037_0032_0032.jpg 1 26 37 32 32
0131_0033_0021_0059_0059.jpg 1 33 21 59 59
0132_0015_0040_0050_0050.jpg 1 15 40 50 50
0133_0020_0042_0040_0040.jpg 1 20 42 40 40
0134_0014_0010_0064_0064.jpg 1 14 10 64 64
0135_0032_0041_0044_0044.jpg 1 32 41 44 44
0136_0019_0049_0042_0042.jpg 1 19 49 42 42
0137_0059_0013_0028_0028.jpg 1 59 13 28 28
0138_0023_0018_0066_0066.jpg 1 23 18 66 66
0139_0026_0026_0044_0044.jpg 1 26 26 44 44
0140_0008_0014_0059_0059.jpg 1 8 14 59 59
0141_0011_0013_0054_0054.jpg 1 11 13 54 54
0142_0015_0015_0063_0063.jpg 1 15 15 63 63
0143_0019_0028_0047_0047.jpg 1 19 28 47 47
0144_0023_0027_0058_0058.jpg 1 23 27 58 58
0145_0026_0057_0026_0026.jpg 1 26 57 26 26
0146_0007_0043_0050_0050.jpg 1 7 43 50 50
0147_0029_0005_0066_0066.jpg 1 29 5 66 66
0148_0016_0022_0069_0069.jpg 1 16 22 69 69
0149_0008_0039_0040_0040.jpg 1 8 39 40 40
0150_0011_0024_0061_0061.jpg 1 11 24 61 61
0151_0015_0028_0060_0060.jpg 1 15 28 60 60
0152_0030_0042_0050_0050.jpg 1 30 42 50 50
0153_0006_0023_0053_0053.jpg 1 6 23 53 53
0154_0028_0006_0065_0065.jpg 1 28 6 65 65
0155_0020_0010_0066_0066.jpg 1 20 10 66 66
0156_0007_0029_0037_0037.jpg 1 7 29 37 37
0157_0029_0021_0047_0047.jpg 1 29 21 47 47
0158_0023_0050_0040_0040.jpg 1 23 50 40 40
0159_0033_0018_0056_0056.jpg 1 33 18 56 56
0160_0017_0015_0056_0056.jpg 1 17 15 56 56
0161_0048_0050_0033_0033.jpg 1 48 50 33 33
0162_0010_0009_0052_0052.jpg 1 10 9 52 52
0163_0010_0038_0054_0054.jpg 1 10 38 54 54
0164_0024_0003_0069_0069.jpg 1 24 3 69 69
0165_0026_0017_0063_0063.jpg 1 26 17 63 63
0166_0054_0033_0031_0031.jpg 1 54 33 31 31
0167_0011_0012_0066_0066.jpg 1 11 12 66 66
0168_0008_0011_0050_0050.jpg 1 8 11 50 50
0169_0017_0003_0061_0061.jpg 1 17 3 61 61
0170_0010_0049_0041_0041.jpg 1 10 49 41 41
0171_0010_0011_0029_0029.jpg 1 10 11 29 29
0172_0038_0042_0045_0045.jpg 1 38 42 45 45
0173_0020_0027_0047_0047.jpg 1 20 27 47 47
0174_0026_0033_0037_0037.jpg 1 26 33 37 37
0175_0026_0005_0049_0049.jpg 1 26 5 49 49
0176_0042_0028_0050_0050.jpg 1 42 28 50 50
0177_0029_0018_0061_0061.jpg 1 29 18 61 61
0178_0011_0026_0036_0036.jpg 1 11 26 36 36
0179_0019_0027_0038_0038.jpg 1 19 27 38 38
0180_0005_0021_0058_0058.jpg 1 5 21 58 58
0181_0027_0005_0060_0060.jpg 1 27 5 60 60
0182_0029_0018_0057_0057.jpg 1 29 18 57 57
0183_0017_0019_0056_0056.jpg 1 17 19 56 56
0184_0020_0028_0037_0037.jpg 1 20 28 37 37
0185_0022_0045_0032_0032.jpg 1 22 45 32 32
0186_0035_0030_0053_0053.jpg 1 35 30 53 53
0187_0053_0058_0034_0034.jpg 1 53 58 34 34
0188_0008_0046_0046_0046.jpg 1 8 46 46 46
0189_0052_0051_0041_0041.jpg 1 52 51 41 41
0190_0052_0028_0037_0037.jpg 1 52 28 37 37
0191_0006_0033_0053_0053.jpg 1 6 33 53 53
0192_0031_0009_0037_0037.jpg 1 31 9 37 37
0193_0042_0015_0048_0048.jpg 1 42 15 48 48
0194_0004_0017_0060_0060.jpg 1 4 17 60 60
0195_0031_0025_0065_0065.jpg 1 31 25 65 65
0196_0019_0012_0026_0026.jpg 1 19 12 26 26
0197_0048_0038_0044_0044.jpg 1 48 38 44 44
0198_0012_0011_0069_0069.jpg 1 12 11 69 69
0199_0036_0005_0046_0046.jpg 1 36 5 46 46
0200_0020_0017_0048_0048.jpg 1 20 17 48 48
0201_0044_0014_0048_0048.jpg 1 44 14 48 48
0202_0022_0016_0068_0068.jpg 1 22 16 68 68
0203_0025_0016_0054_0054.jpg 1 25 16 54 54
0204_0032_0023_0054_0054.jpg 1 32 23 54 54
0205_0010_0035_0049_0049.jpg 1 10 35 49 49
0206_0013_0028_0037_0037.jpg 1 13 28 37 37
0207_0037_0039_0051_0051.jpg 1 37 39 51 51
0208_0014_0008_0054_0054.jpg 1 14 8 54 54
0209_0017_0029_0039_0039.jpg 1 17 29 39 39
0210_0043_0027_0025_0025.jpg 1 43 27 25 25
0211_0024_0053_0024_0024.jpg 1 24 53 24 24
0212_0038_0028_0041_0041.jpg 1 38 28 41 41
0213_0013_0038_0049_0049.jpg 1 13 38 49 49
0214_0058_0020_0029_0029.jpg 1 58 20 29 29
0215_0025_0012_0069_0069.jpg 1 25 12 69 69
0216_0016_0033_0053_0053.jpg 1 16 33 53 53
0217_0011_0017_0046_0046.jpg 1 11 17 46 46
0218_0034_0013_0040_0040.jpg 1 34 13 40 40
0219_0021_0016_0068_0068.jpg 1 21 16 68 68
0220_0027_0016_0043_0043.jpg 1 27 16 43 43
0221_0024_0022_0067_0067.jpg 1 24 22 67 67
0222_0044_0034_0024_0024.jpg 1 44 34 24 24
0223_0041_0012_0030_0030.jpg 1 41 12 30 30
0224_0035_0036_0057_0057.jpg 1 35 36 57 57
0225_0005_0016_0058_0058.jpg 1 5 16 58 58
0226_0024_0036_0055_0055.jpg 1 24 36 55 55
0227_0031_0040_0031_0031.jpg 1 31 40 31 31
0228_0026_0013_0066_0066.jpg 1 26 13 66 66
0229_0021_0012_0052_0052.jpg 1 21 12 52 52
0230_0044_0032_0048_0048.jpg 1 44 32 48 48
0231_0030_0048_0024_0024.jpg 1 30 48 24 24
0232_0020_0011_0048_0048.jpg 1 20 11 48 48
0233_0022_0063_0025_0025.jpg 1 22 63 25 25
0234_0038_0058_0028_0028.jpg 1 38 58 28 28
0235_0010_0014_0057_0057.jpg 1 10 14 57 57
0236_0007_0011_0064_0064.jpg 1 7 11 64 64
0237_0040_0009_0040_0040.jpg 1 40 9 40 40
0238_0018_0024_0064_0064.jpg 1 18 24 64 64
0239_0057_0046_0034_0034.jpg 1 57 46 34 34
0240_0027_0021_0055_0055.jpg 1 27 21 55 55
0241_0024_0050_0041_0041.jpg 1 24 50 41 41
0242_0027_0019_0051_0051.jpg 1 27 19 51 51
0243_0024_0028_0058_0058.jpg 1 24 28 58 58
0244_0006_0029_0065_0065.jpg 1 6 29 65 65
0245_0041_0007_0031_0031.jpg 1 41 7 31 31
0246_0054_0009_0031_0031.jpg 1 54 9 31 31
0247_0030_0045_0044_0044.jpg 1 30 45 44 44
0248_0056_0013_0029_0029.jpg 1 56 13 29 29
0249_0050_0054_0028_0028.jpg 1 50 54 28 28
0250_0035_0005_0059_0059.jpg 1 35 5 59 59
0251_0004_0012_0062_0062.jpg 1 4 12 62 62
0252_0021_0016_0069_0069.jpg 1 21 16 69 69
0253_0046_0036_0048_0048.jpg 1 46 36 48 48
0254_0009_0009_0059_0059.jpg 1 9 9 59 59
0255_0019_0007_0058_0058.jpg 1 19 7 58 58
0256_0019_0016_0056_0056.jpg 1 19 16 56 56
0257_0035_0035_0026_0026.jpg 1 35 35 26 26
0258_0038_0026_0055_0055.jpg 1 38 26 55 55
0259_0017_0010_0055_0055.jpg 1 17 10 55 55
0260_0004_0029_0063_0063.jpg 1 4 29 63 63
0261_0038_0014_0044_0044.jpg 1 38 14 44 44
0262_0013_0020_0045_0045.jpg 1 13 20 45 45
0263_0032_0013_0032_0032.jpg 1 32 13 32 32
0264_0037_0007_0052_0052.jpg 1 37 7 52 52
0265_0021_0032_0057_0057.jpg 1 21 32 57 57
0266_0013_0043_0036_0036.jpg 1 13 43 36 36
0267_0007_0017_0069_0069.jpg 1 7 17 69 69
0268_0023_0026_0030_0030.jpg 1 23 26 30 30
0269_0043_0010_0034_0034.jpg 1 43 10 34 34
0270_0009_0045_0045_0045.jpg 1 9 45 45 45
0271_0015_0015_0069_0069.jpg 1 15 15 69 69
0272_0046_0027_0025_0025.jpg 1 46 27 25 25
0273_0031_0031_0058_0058.jpg 1 31 31 58 58
0274_0032_0012_0026_0026.jpg 1 32 12 26 26
0275_0022_0050_0037_0037.jpg 1 22 50 37 37
0276_0008_0009_0052_0052.jpg 1 8 9 52 52
0277_0043_0033_0037_0037.jpg 1 43 33 37 37
0278_0051_0065_0024_0024.jpg 1 51 65 24 24
0279_0015_0043_0027_0027.jpg 1 15 43 27 27
0280_0014_0013_0064_0064.jpg 1 14 13 64 64
0281_0008_0024_0052_0052.jpg 1 8 24 52 52
0282_0041_0029_0046_0046.jpg 1 41 29 46 46
0283_0034_0031_0042_0042.jpg 1 34 31 42 42
0284_0036_0009_0054_0054.jpg 1 36 9 54 54
0285_0008_0032_0035_0035.jpg 1 8 32 35 35
0286_0019_0015_0058_0058.jpg 1 19 15 58 58
0287_0008_0036_0050_0050.jpg 1 8 36 50 50
0288_0040_0008_0035_0035.jpg 1 40 8 35 35
0289_0021_0006_0058_0058.jpg 1 21 6 58 58
0290_0023_0014_0057_0057.jpg 1 23 14 57 57
0291_0015_0008_0064_0064.jpg 1 15 8 64 64
0292_0018_0019_0068_0068.jpg 1 18 19 68 68
0293_0036_0029_0044_0044.jpg 1 36 29 44 44
0294_0040_0007_0055_0055.jpg 1 40 7 55 55
0295_0033_0044_0046_0046.jpg 1 33 44 46 46
0296_0005_0025_0044_0044.jpg 1 5 25 44 44
0297_0050_0050_0029_0029.jpg 1 50 50 29 29
0298_0013_0041_0053_0053.jpg 1 13 41 53 53
0299_0020_0019_0054_0054.jpg 1 20 19 54 54
0300_0015_0014_0064_0064.jpg 1 15 14 64 64
0301_0004_0014_0062_0062.jpg 1 4 14 62 62
0302_0012_0021_0069_0069.jpg 1 12 21 69 69
0303_0040_0037_0052_0052.jpg 1 40 37 52 52
0304_0053_0030_0040_0040.jpg 1 53 30 40 40
0305_0032_0029_0058_0058.jpg 1 32 29 58 58
0306_0022_0017_0063_0063.jpg 1 22 17 63 63
0307_0059_0051_0031_0031.jpg 1 59 51 31 31
0308_0035_0031_0049_0049.jpg 1 35 31 49 49
0309_0020_0033_0056_0056.jpg 1 20 33 56 56
0310_0026_0027_0060_0060.jpg 1 26 27 60 60
0311_0043_0028_0030_0030.jpg 1 43 28 30 30
0312_0006_0015_0069_0069.jpg 1 6 15 69 69
0313_0016_0044_0042_0042.jpg 1 16 44 42 42
0314_0032_0028_0040_0040.jpg 1 32 28 40 40
0315_0053_0059_0029_0029.jpg 1 53 59 29 29
0316_0008_0017_0025_0025.jpg 1 8 17 25 25
0317_0014_0011_0061_0061.jpg 1 14 11 61 61
0318_0034_0049_0029_0029.jpg 1 34 49 29 29
0319_0022_0012_0047_0047.jpg 1 22 12 47 47
0320_0057_0036_0031_0031.jpg 1 57 36 31 31
0321_0021_0017_0042_0042.jpg 1 21 17 42 42
0322_0017_0022_0068_0068.jpg 1 17 22 68 68
0323_0007_0023_0037_0037.jpg 1 7 23 37 37
0324_0019_0025_0042_0042.jpg 1 19 25 42 42
0325_0015_0019_0062_0062.jpg 1 15 19 62 62
0326_0027_0043_0031_0031.jpg 1 27 43 31 31
0327_0020_0020_0029_0029.jpg 1 20 20 29 29
0328_0023_0031_0061_0061.jpg 1 23 31 61 61
0329_0025_0058_0028_0028.jpg 1 25 58 28 28
0330_0017_0038_0026_0026.jpg 1 17 38 26 26
0331_0010_0036_0056_0056.jpg 1 10 36 56 56
0332_0031_0004_0057_0057.jpg 1 31 4 57 57
0333_0016_0015_0066_0066.jpg 1 16 15 66 66
0334_0033_0008_0061_0061.jpg 1 33 8 61 61
0335_0046_0059_0024_0024.jpg 1 46 59 24 24
0336_0041_0034_0024_0024.jpg 1 41 34 24 24
0337_0004_0022_0069_0069.jpg 1 4 22 69 69
0338_0035_0026_0048_0048.jpg 1 35 26 48 48
0339_0051_0053_0036_0036.jpg 1 51 53 36 36
0340_0006_0031_0062_0062.jpg 1 6 31 62 62
0341_0019_0009_0067_0067.jpg 1 19 9 67 67
0342_0019_0056_0035_0035.jpg 1 19 56 35 35
0343_0015_0005_0055_0055.jpg 1 15 5 55 55
0344_0037_0006_0051_0051.jpg 1 37 6 51 51
0345_0019_0021_0035_0035.jpg 1 19 21 35 35
0346_0016_0024_0036_0036.jpg 1 16 24 36 36
0347_0020_0030_0061_0061.jpg 1 20 30 61 61
0348_0034_0064_0025_0025.jpg 1 34 64 25 25
0349_0019_0007_0030_0030.jpg 1 19 7 30 30
0350_0063_0009_0028_0028.jpg 1 63 9 28 28
0351_0010_0017_0038_0038.jpg 1 10 17 38 38
0352_0011_0026_0033_0033.jpg 1 11 26 33 33
0353_0004_0035_0057_0057.jpg 1 4 35 57 57
0354_0028_0047_0041_0041.jpg 1 28 47 41 41
0355_0053_0045_0037_0037.jpg 1 53 45 37 37
0356_0034_0026_0039_0039.jpg 1 34 26 39 39
0357_0033_0049_0041_0041.jpg 1 33 49 41 41
0358_0021_0025_0063_0063.jpg 1 21 25 63 63
0359_0065_0062_0026_0026.jpg 1 65 62 26 26
0360_0041_0045_0047_0047.jpg 1 41 45 47 47
0361_0019_0024_0062_0062.jpg 1 19 24 62 62
0362_0016_0060_0033_0033.jpg 1 16 60 33 33
0363_0037_0036_0025_0025.jpg 1 37 36 25 25
0364_0035_0019_0060_0060.jpg 1 35 19 60 60
0365_0029_0022_0061_0061.jpg 1 29 22 61 61
0366_0015_0030_0051_0051.jpg 1 15 30 51 51
0367_0016_0007_0051_0051.jpg 1 16 7 51 51
0368_0046_0007_0036_0036.jpg 1 46 7 36 36
0369_0023_0005_0057_0057.jpg 1 23 5 57 57
0370_0034_0024_0059_0059.jpg 1 34 24 59 59
0371_0006_0015_0067_0067.jpg 1 6 15 67 67
0372_0051_0049_0024_0024.jpg 1 51 49 24 24
0373_0014_0015_0055_0055.jpg 1 14 15 55 55
0374_0047_0045_0028_0028.jpg 1 47 45 28 28
0375_0034_0037_0056_0056.jpg 1 34 37 56 56
0376_0025_0014_0064_0064.jpg 1 25 14 64 64
0377_0023_0028_0046_0046.jpg 1 23 28 46 46
0378_0016_0024_0063_0063.jpg 1 16 24 63 63
0379_0006_0029_0062_0062.jpg 1 6 29 62 62
0380_0013_0015_0062_0062.jpg 1 13 15 62 62
0381_0058_0044_0026_0026.jpg 1 58 44 26 26
0382_0026_0020_0067_0067.jpg 1 26 20 67 67
0383_0010_0027_0061_0061.jpg 1 10 27 61 61
0384_0034_0025_0050_0050.jpg 1 34 25 50 50
0385_0028_0032_0047_0047.jpg 1 28 32 47 47
0386_0017_0027_0067_0067.jpg 1 17 27 67 67
0387_0016_0010_0049_0049.jpg 1 16 10 49 49
0388_0029_0032_0034_0034.jpg 1 29 32 34 34
0389_0036_0038_0036_0036.jpg 1 36 38 36 36
0390_0048_0031_0036_0036.jpg 1 48 31 36 36
0391_0005_0045_0048_0048.jpg 1 5 45 48 48
0392_0035_0024_0037_0037.jpg 1 35 24 37 37
0393_0007_0032_0058_0058.jpg 1 7 32 58 58
0394_0050_0019_0044_0044.jpg 1 50 19 44 44
0395_0046_0017_0037_0037.jpg 1 46 17 37 37
0396_0040_0016_0044_0044.jpg 1 40 16 44 44
0397_0006_0016_0067_0067.jpg 1 6 16 67 67
0398_0025_0004_0067_0067.jpg 1 25 4 67 67
0399_0003_0024_0069_0069.jpg 1 3 24 69 69
0400_0047_0037_0047_0047.jpg 1 47 37 47 47
0401_0008_0014_0063_0063.jpg 1 8 14 63 63
0402_0015_0025_0066_0066.jpg 1 15 25 66 66
0403_0010_0035_0045_0045.jpg 1 10 35 45 45
0404_0027_0005_0069_0069.jpg 1 27 5 69 69
0405_0006_0034_0045_0045.jpg 1 6 34 45 45
0406_0023_0032_0024_0024.jpg 1 23 32 24 24
0407_0029_0022_0049_0049.jpg 1 29 22 49 49
0408_0044_0041_0029_0029.jpg 1 44 41 29 29
0409_0006_0012_0069_0069.jpg 1 6 12 69 69
0410_0015_0013_0057_0057.jpg 1 15 13 57 57
0411_0022_0005_0054_0054.jpg 1 22 5 54 54
0412_0024_0028_0049_0049.jpg 1 24 28 49 49
0413_0049_0023_0037_0037.jpg 1 49 23 37 37
0414_0043_0050_0028_0028.jpg 1 43 50 28 28
0415_0047_0024_0025_0025.jpg 1 47 24 25 25
0416_0015_0028_0062_0062.jpg 1 15 28 62 62
0417_0022_0012_0052_0052.jpg 1 22 12 52 52
0418_0021_0037_0028_0028.jpg 1 21 37 28 28
0419_0061_0025_0029_0029.jpg 1 61 25 29 29
0420_0007_0003_0069_0069.jpg 1 7 3 69 69
0421_0040_0044_0045_0045.jpg 1 40 44 45 45
0422_0020_0025_0056_0056.jpg 1 20 25 56 56
0423_0017_0041_0049_0049.jpg 1 17 41 49 49
0424_0013_0007_0066_0066.jpg 1 13 7 66 66
0425_0038_0015_0028_0028.jpg 1 38 15 28 28
0426_0014_0007_0061_0061.jpg 1 14 7 61 61
0427_0048_0021_0024_0024.jpg 1 48 21 24 24
0428_0037_0029_0048_0048.jpg 1 37 29 48 48
0429_0064_0039_0025_0025.jpg 1 64 39 25 25
0430_0030_0008_0050_0050.jpg 1 30 8 50 50
0431_0012_0016_0062_0062.jpg 1 12 16 62 62
0432_0031_0019_0063_0063.jpg 1 31 19 63 63
0433_0020_0008_0051_0051.jpg 1 20 8 51 51
0434_0037_0008_0058_0058.jpg 1 37 8 58 58
0435_0038_0009_0029_0029.jpg 1 38 9 29 29
0436_0007_0055_0030_0030.jpg 1 7 55 30 30
0437_0053_0033_0030_0030.jpg 1 53 33 30 30
0438_0017_0040_0042_0042.jpg 1 17 40 42 42
0439_0006_0012_0064_0064.jpg 1 6 12 64 64
0440_0025_0022_0050_0050.jpg 1 25 22 50 50
0441_0005_0008_0057_0057.jpg 1 5 8 57 57
0442_0005_0005_0057_0057.jpg 1 5 5 57 57
0443_0030_0042_0034_0034.jpg 1 30 42 34 34
0444_0030_0021_0035_0035.jpg 1 30 21 35 35
0445_0046_0019_0046_0046.jpg 1 46 19 46 46
0446_0040_0021_0051_0051.jpg 1 40 21 51 51
0447_0043_0029_0037_0037.jpg 1 43 29 37 37
0448_0054_0057_0030_0030.jpg 1 54 57 30 30
0449_0045_0009_0029_0029.jpg 1 45 9 29 29
0450_0047_0034_0032_0032.jpg 1 47 34 32 32
0451_0015_0006_0048_0048.jpg 1 15 6 48 48
0452_0031_0025_0059_0059.jpg 1 31 25 59 59
0453_0015_0036_0038_0038.jpg 1 15 36 38 38
0454_0022_0010_0064_0064.jpg 1 22 10 64 64
0455_0015_0027_0047_0047.jpg 1 15 27 47 47
0456_0012_0024_0051_0051.jpg 1 12 24 51 51
0457_0010_0044_0045_0045.jpg 1 10 44 45 45
0458_0011_0043_0035_0035.jpg 1 11 43 35 35
0459_0004_0016_0068_0068.jpg 1 4 16 68 68
0460_0010_0016_0058_0058.jpg 1 10 16 58 58
0461_0031_0026_0028_0028.jpg 1 31 26 28 28
0462_0012_0016_0061_0061.jpg 1 12 16 61 61
0463_0024_0018_0047_0047.jpg 1 24 18 47 47
0464_0013_0015_0044_0044.jpg 1 13 15 44 44
0465_0009_0008_0060_0060.jpg 1 9 8 60 60
0466_0015_0005_0066_0066.jpg 1 15 5 66 66
0467_0034_0052_0037_0037.jpg 1 34 52 37 37
0468_0014_0012_0057_0057.jpg 1 14 12 57 57
0469_0024_0043_0039_0039.jpg 1 24 43 39 39
0470_0017_0022_0033_0033.jpg 1 17 22 33 33
0471_0012_0019_0028_0028.jpg 1 12 19 28 28
0472_0029_0011_0064_0064.jpg 1 29 11 64 64
0473_0024_0035_0052_0052.jpg 1 24 35 52 52
0474_0029_0034_0059_0059.jpg 1 29 34 59 59
0475_0044_0015_0046_0046.jpg 1 44 15 46 46
0476_0026_0021_0068_0068.jpg 1 26 21 68 68
0477_0028_0021_0068_0068.jpg 1 28 21 68 68
0478_0009_0018_0060_0060.jpg 1 9 18 60 60
0479_0066_0016_0024_0024.jpg 1 66 16 24 24
0480_0028_0037_0024_0024.jpg 1 28 37 24 24
0481_0032_0016_0038_0038.jpg 1 32 16 38 38
0482_0063_0051_0025_0025.jpg 1 63 51 25 25
0483_0012_0037_0057_0057.jpg 1 12 37 57 57
0484_0018_0048_0038_0038.jpg 1 18 48 38 38
0485_0016_0021_0064_0064.jpg 1 16 21 64 64
0486_0018_0006_0065_0065.jpg 1 18 6 65 65
0487_0005_0018_0068_0068.jpg 1 5 18 68 68
0488_0036_0012_0052_0052.jpg 1 36 12 52 52
0489_0047_0040_0044_0044.jpg 1 47 40 44 44
0490_0016_0014_0042_0042.jpg 1 16 14 42 42
0491_0025_0010_0040_0040.jpg 1 25 10 40 40
0492_0031_0016_0059_0059.jpg 1 31 16 59 59
0493_0042_0037_0038_0038.jpg 1 42 37 38 38
0494_0010_0009_0038_0038.jpg 1 10 9 38 38
0495_0016_0040_0052_0052.jpg 1 16 40 52 52
0496_0019_0049_0033_0033.jpg 1 19 49 33 33
0497_0013_0014_0053_0053.jpg 1 13 14 53 53
0498_0059_0009_0030_0030.jpg 1 59 9 30 30
0499_0026_0029_0049_0049.jpg 1 26 29 49 49
0500_0006_0046_0048_0048.jpg 1 6 46 48 48
0501_0052_0055_0031_0031.jpg 1 52 55 31 31
0502_0009_0014_0056_0056.jpg 1 9 14 56 56
0503_0006_0011_0049_0049.jpg 1 6 11 49 49
0504_0007_0009_0069_0069.jpg 1 7 9 69 69
0505_0030_0020_0059_0059.jpg 1 30 20 59 59
0506_0042_0055_0031_0031.jpg 1 42 55 31 31
0507_0004_0029_0063_0063.jpg 1 4 29 63 63
0508_0005_0027_0068_0068.jpg 1 5 27 68 68
0509_0007_0020_0061_0061.jpg 1 7 20 61 61
0510_0022_0030_0065_0065.jpg 1 22 30 65 65
0511_0033_0017_0060_0060.jpg 1 33 17 60 60
0512_0009_0004_0062_0062.jpg 1 9 4 62 62
0513_0009_0021_0062_0062.jpg 1 9 21 62 62
0514_0029_0007_0063_0063.jpg 1 29 7 63 63
0515_0037_0011_0056_0056.jpg 1 37 11 56 56
0516_0012_0011_0049_0049.jpg 1 12 11 49 49
0517_0029_0010_0053_0053.jpg 1 29 10 53 53
0518_0018_0018_0034_0034.jpg 1 18 18 34 34
0519_0027_0013_0055_0055.jpg 1 27 13 55 55
0520_0057_0035_0024_0024.jpg 1 57 35 24 24
0521_0041_0042_0046_0046.jpg 1 41 42 46 46
0522_0003_0007_0068_0068.jpg 1 3 7 68 68
0523_0028_0013_0039_0039.jpg 1 28 13 39 39
0524_0031_0026_0054_0054.jpg 1 31 26 54 54
0525_0011_0007_0067_0067.jpg 1 11 7 67 67
0526_0037_0025_0046_0046.jpg 1 37 25 46 46
0527_0010_0019_0064_0064.jpg 1 10 19 64 64
0528_0026_0011_0037_0037.jpg 1 26 11 37 37
0529_0025_0024_0056_0056.jpg 1 25 24 56 56
0530_0015_0038_0042_0042.jpg 1 15 38 42 42
0531_0014_0033_0041_0041.jpg 1 14 33 41 41
0532_0007_0006_0045_0045.jpg 1 7 6 45 45
0533_0012_0026_0043_0043.jpg 1 12 26 43 43
0534_0054_0031_0038_0038.jpg 1 54 31 38 38
0535_0037_0012_0045_0045.jpg 1 37 12 45 45
0536_0056_0057_0033_0033.jpg 1 56 57 33 33
0537_0021_0014_0067_0067.jpg 1 21 14 67 67
0538_0007_0015_0053_0053.jpg 1 7 15 53 53
0539_0048_0059_0032_0032.jpg 1 48 59 32 32
0540_0028_0035_0026_0026.jpg 1 28 35 26 26
0541_0044_0043_0029_0029.jpg 1 44 43 29 29
0542_0026_0019_0063_0063.jpg 1 26 19 63 63
0543_0040_0037_0041_0041.jpg 1 40 37 41 41
0544_0023_0032_0049_0049.jpg 1 23 32 49 49
0545_0024_0007_0069_0069.jpg 1 24 7 69 69
0546_0033_0064_0024_0024.jpg 1 33 64 24 24
0547_0008_0030_0065_0065.jpg 1 8 30 65 65
0548_0026_0027_0062_0062.jpg 1 26 27 62 62
0549_0026_0021_0067_0067.jpg 1 26 21 67 67
0550_0017_0043_0038_0038.jpg 1 17 43 38 38
0551_0026_0023_0044_0044.jpg 1 26 23 44 44
0552_0019_0024_0055_0055.jpg 1 19 24 55 55
0553_0008_0033_0030_0030.jpg 1 8 33 30 30
0554_0019_0018_0028_0028.jpg 1 19 18 28 28
0555_0018_0021_0069_0069.jpg 1 18 21 69 69
0556_0021_0023_0064_0064.jpg 1 21 23 64 64
0557_0025_0008_0034_0034.jpg 1 25 8 34 34
0558_0007_0014_0054_0054.jpg 1 7 14 54 54
0559_0019_0026_0043_0043.jpg 1 19 26 43 43
0560_0019_0024_0053_0053.jpg 1 19 24 53 53
0561_0029_0009_0051_0051.jpg 1 29 9 51 51
0562_0014_0006_0046_0046.jpg 1 14 6 46 46
0563_0037_0027_0058_0058.jpg 1 37 27 58 58
0564_0014_0014_0048_0048.jpg 1 14 14 48 48
0565_0010_0030_0063_0063.jpg 1 10 30 63 63
0566_0037_0019_0041_0041.jpg 1 37 19 41 41
0567_0031_0014_0063_0063.jpg 1 31 14 63 63
0568_0019_0010_0060_0060.jpg 1 19 10 60 60
0569_0027_0033_0051_0051.jpg 1 27 33 51 51
0570_0027_0034_0054_0054.jpg 1 27 34 54 54
0571_0023_0007_0060_0060.jpg 1 23 7 60 60
0572_0024_0008_0049_0049.jpg 1 24 8 49 49
0573_0017_0014_0067_0067.jpg 1 17 14 67 67
0574_0010_0030_0047_0047.jpg 1 10 30 47 47
0575_0018_0054_0025_0025.jpg 1 18 54 25 25
0576_0021_0004_0059_0059.jpg 1 21 4 59 59
0577_0018_0010_0028_0028.jpg 1 18 10 28 28
0578_0043_0041_0043_0043.jpg 1 43 41 43 43
0579_0008_0030_0055_0055.jpg 1 8 30 55 55
0580_0006_0014_0042_0042.jpg 1 6 14 42 42
0581_0029_0005_0064_0064.jpg 1 29 5 64 64
0582_0038_0011_0035_0035.jpg 1 38 11 35 35
0583_0041_0016_0046_0046.jpg 1 41 16 46 46
0584_0012_0032_0044_0044.jpg 1 12 32 44 44
0585_0018_0011_0043_0043.jpg 1 18 11 43 43
0586_0008_0034_0051_0051.jpg 1 8 34 51 51
0587_0032_0010_0059_0059.jpg 1 32 10 59 59
0588_0016_0013_0065_0065.jpg 1 16 13 65 65
0589_0023_0028_0061_0061.jpg 1 23 28 61 61
0590_0020_0023_0029_0029.jpg 1 20 23 29 29
0591_0012_0037_0030_0030.jpg 1 12 37 30 30
0592_0013_0018_0065_0065.jpg 1 13 18 65 65
0593_0047_0018_0040_0040.jpg 1 47 18 40 40
0594_0013_0019_0044_0044.jpg 1 13 19 44 44
0595_0023_0040_0046_0046.jpg 1 23 40 46 46
0596_0012_0048_0046_0046.jpg 1 12 48 46 46
0597_0056_0007_0035_0035.jpg 1 56 7 35 35
0598_0034_0014_0056_0056.jpg 1 34 14 56 56
0599_0021_0035_0043_0043.jpg 1 21 35 43 43
0600_0037_0053_0031_0031.jpg 1 37 53 31 31
0601_0028_0024_0048_0048.jpg 1 28 24 48 48
0602_0019_0029_0053_0053.jpg 1 19 29 53 53
0603_0015_0014_0057_0057.jpg 1 15 14 57 57
0604_0023_0011_0028_0028.jpg 1 23 11 28 28
0605_0018_0007_0065_0065.jpg 1 18 7 65 65
0606_0016_0022_0059_0059.jpg 1 16 22 59 59
0607_0014_0047_0040_0040.jpg 1 14 47 40 40
0608_0007_0033_0058_0058.jpg 1 7 33 58 58
0609_0013_0015_0032_0032.jpg 1 13 15 32 32
0610_0048_0022_0025_0025.jpg 1 48 22 25 25
0611_0020_0037_0039_0039.jpg 1 20 37 39 39
0612_0024_0052_0027_0027.jpg 1 24 52 27 27
0613_0034_0027_0058_0058.jpg 1 34 27 58 58
0614_0006_0011_0050_0050.jpg 1 6 11 50 50
0615_0015_0016_0044_0044.jpg 1 15 16 44 44
0616_0056_0059_0030_0030.jpg 1 56 59 30 30
0617_0004_0007_0068_0068.jpg 1 4 7 68 68
0618_0019_0008_0063_0063.jpg 1 19 8 63 63
0619_0022_0024_0069_0069.jpg 1 22 24 69 69
0620_0026_0028_0034_0034.jpg 1 26 28 34 34
0621_0045_0039_0027_0027.jpg 1 45 39 27 27
0622_0009_0022_0050_0050.jpg 1 9 22 50 50
0623_0010_0024_0064_0064.jpg 1 10 24 64 64
0624_0015_0003_0068_0068.jpg 1 15 3 68 68
0625_0015_0029_0040_0040.jpg 1 15 29 40 40
0626_0007_0009_0035_0035.jpg 1 7 9 35 35
0627_0011_0015_0061_0061.jpg 1 11 15 61 61
0628_0045_0057_0027_0027.jpg 1 45 57 27 27
0629_0010_0026_0057_0057.jpg 1 10 26 57 57
0630_0024_0014_0066_0066.jpg 1 24 14 66 66
0631_0035_0039_0032_0032.jpg 1 35 39 32 32
0632_0007_0012_0066_0066.jpg 1 7 12 66 66
0633_0008_0019_0062_0062.jpg 1 8 19 62 62
0634_0021_0023_0065_0065.jpg 1 21 23 65 65
0635_0007_0050_0035_0035.jpg 1 7 50 35 35
0636_0040_0025_0044_0044.jpg 1 40 25 44 44
0637_0030_0010_0045_0045.jpg 1 30 10 45 45
0638_0013_0009_0056_0056.jpg 1 13 9 56 56
0639_0006_0006_0048_0048.jpg 1 6 6 48 48
0640_0033_0013_0034_0034.jpg 1 33 13 34 34
0641_0052_0056_0026_0026.jpg 1 52 56 26 26
0642_0026_0048_0024_0024.jpg 1 26 48 24 24
0643_0024_0006_0057_0057.jpg 1 24 6 57 57
0644_0040_0025_0045_0045.jpg 1 40 25 45 45
0645_0023_0016_0067_0067.jpg 1 23 16 67 67
0646_0037_0033_0055_0055.jpg 1 37 33 55 55
0647_0032_0030_0024_0024.jpg 1 32 30 24 24
0648_0031_0041_0039_0039.jpg 1 31 41 39 39
0649_0030_0017_0025_0025.jpg 1 30 17 25 25
0650_0005_0010_0049_0049.jpg 1 5 10 49 49
0651_0025_0037_0046_0046.jpg 1 25 37 46 46
0652_0045_0019_0036_0036.jpg 1 45 19 36 36
0653_0008_0054_0037_0037.jpg 1 8 54 37 37
0654_0007_0026_0035_0035.jpg 1 7 26 35 35
0655_0035_0017_0032_0032.jpg 1 35 17 32 32
0656_0024_0009_0044_0044.jpg 1 24 9 44 44
0657_0021_0015_0059_0059.jpg 1 21 15 59 59
0658_0004_0010_0067_0067.jpg 1 4 10 67 67
0659_0042_0014_0024_0024.jpg 1 42 14 24 24
0660_0005_0033_0060_0060.jpg 1 5 33 60 60
0661_0018_0026_0046_0046.jpg 1 18 26 46 46
0662_0014_0064_0028_0028.jpg 1 14 64 28 28
0663_0009_0049_0034_0034.jpg 1 9 49 34 34
0664_0019_0035_0038_0038.jpg 1 19 35 38 38
0665_0019_0024_0048_0048.jpg 1 19 24 48 48
0666_0039_0049_0027_0027.jpg 1 39 49 27 27
0667_0049_0026_0041_0041.jpg 1 49 26 41 41
0668_0006_0009_0058_0058.jpg 1 6 9 58 58
0669_0024_0009_0051_0051.jpg 1 24 9 51 51
0670_0034_0018_0029_0029.jpg 1 34 18 29 29
0671_0003_0025_0064_0064.jpg 1 3 25 64 64
0672_0014_0013_0041_0041.jpg 1 14 13 41 41
0673_0022_0031_0039_0039.jpg 1 22 31 39 39
0674_0029_0039_0048_0048.jpg 1 29 39 48 48
0675_0010_0042_0036_0036.jpg 1 10 42 36 36
0676_0029_0032_0049_0049.jpg 1 29 32 49 49
0677_0032_0026_0060_0060.jpg 1 32 26 60 60
0678_0027_0007_0068_0068.jpg 1 27 7 68 68
0679_0032_0006_0051_0051.jpg 1 32 6 51 51
0680_0063_0032_0024_0024.jpg 1 63 32 24 24
0681_0057_0038_0029_0029.jpg 1 57 38 29 29
0682_0014_0042_0049_0049.jpg 1 14 42 49 49
0683_0061_0045_0027_0027.jpg 1 61 45 27 27
0684_0047_0057_0030_0030.jpg 1 47 57 30 30
0685_0017_0012_0053_0053.jpg 1 17 12 53 53
0686_0040_0042_0051_0051.jpg 1 40 42 51 51
0687_0033_0018_0041_0041.jpg 1 33 18 41 41
0688_0020_0021_0062_0062.jpg 1 20 21 62 62
0689_0031_0054_0035_0035.jpg 1 31 54 35 35
0690_0035_0012_0060_0060.jpg 1 35 12 60 60
0691_0057_0033_0029_0029.jpg 1 57 33 29 29
0692_0012_0027_0066_0066.jpg 1 12 27 66 66
0693_0038_0015_0026_0026.jpg 1 38 15 26 26
0694_0025_0011_0068_0068.jpg 1 25 11 68 68
0695_0016_0043_0050_0050.jpg 1 16 43 50 50
0696_0058_0056_0024_0024.jpg 1 58 56 24 24
0697_0016_0007_0035_0035.jpg 1 16 7 35 35
0698_0009_0030_0063_0063.jpg 1 9 30 63 63
0699_0012_0003_0068_0068.jpg 1 12 3 68 68
0700_0028_0012_0024_0024.jpg 1 28 12 24 24
0701_0005_0025_0049_0049.jpg 1 5 25 49 49
0702_0028_0009_0045_0045.jpg 1 28 9 45 45
0703_0030_0010_0045_0045.jpg 1 30 10 45 45
0704_0015_0017_0052_0052.jpg 1 15 17 52 52
0705_0019_0019_0031_0031.jpg 1 19 19 31 31
0706_0014_0022_0063_0063.jpg 1 14 22 63 63
0707_0005_0014_0064_0064.jpg 1 5 14 64 64
0708_0006_0016_0056_0056.jpg 1 6 16 56 56
0709_0010_0040_0048_0048.jpg 1 10 40 48 48
0710_0035_0043_0049_0049.jpg 1 35 43 49 49
0711_0028_0020_0055_0055.jpg 1 28 20 55 55
0712_0031_0051_0040_0040.jpg 1 31 51 40 40
0713_0023_0022_0057_0057.jpg 1 23 22 57 57
0714_0007_0016_0043_0043.jpg 1 7 16 43 43
0715_0012_0041_0026_0026.jpg 1 12 41 26 26
0716_0007_0012_0067_0067.jpg 1 7 12 67 67
0717_0016_0024_0061_0061.jpg 1 16 24 61 61
0718_0024_0020_0064_0064.jpg 1 24 20 64 64
0719_0006_0021_0052_0052.jpg 1 6 21 52 52
0720_0014_0032_0059_0059.jpg 1 14 32 59 59
0721_0037_0020_0027_0027.jpg 1 37 20 27 27
0722_0047_0030_0031_0031.jpg 1 47 30 31 31
0723_0046_0009_0033_0033.jpg 1 46 9 33 33
0724_0047_0028_0040_0040.jpg 1 47 28 40 40
0725_0051_0044_0038_0038.jpg 1 51 44 38 38
0726_0037_0026_0054_0054.jpg 1 37 26 54 54
0727_0035_0052_0028_0028.jpg 1 35 52 28 28
0728_0029_0022_0059_0059.jpg 1 29 22 59 59
0729_0049_0034_0043_0043.jpg 1 49 34 43 43
0730_0008_0019_0024_0024.jpg 1 8 19 24 24
0731_0013_0009_0031_0031.jpg 1 13 9 31 31
0732_0039_0028_0054_0054.jpg 1 39 28 54 54
0733_0035_0009_0045_0045.jpg 1 35 9 45 45
0734_0033_0022_0025_0025.jpg 1 33 22 25 25
0735_0009_0011_0067_0067.jpg 1 9 11 67 67
0736_0008_0015_0036_0036.jpg 1 8 15 36 36
0737_0043_0013_0040_0040.jpg 1 43 13 40 40
0738_0046_0019_0031_0031.jpg 1 46 19 31 31
0739_0018_0014_0042_0042.jpg 1 18 14 42 42
0740_0053_0019_0040_0040.jpg 1 53 19 40 40
0741_0012_0033_0045_0045.jpg 1 12 33 45 45
0742_0026_0007_0069_0069.jpg 1 26 7 69 69
0743_0041_0031_0047_0047.jpg 1 41 31 47 47
0744_0036_0040_0051_0051.jpg 1 36 40 51 51
0745_0040_0024_0046_0046.jpg 1 40 24 46 46
0746_0025_0015_0062_0062.jpg 1 25 15 62 62
0747_0030_0023_0051_0051.jpg 1 30 23 51 51
0748_0037_0013_0028_0028.jpg 1 37 13 28 28
0749_0009_0018_0064_0064.jpg 1 9 18 64 64
0750_0032_0029_0062_0062.jpg 1 32 29 62 62
0751_0055_0030_0033_0033.jpg 1 55 30 33 33
0752_0024_0027_0060_0060.jpg 1 24 27 60 60
0753_0054_0030_0036_0036.jpg 1 54 30 36 36
0754_0010_0019_0064_0064.jpg 1 10 19 64 64
0755_0049_0020_0026_0026.jpg 1 49 20 26 26
0756_0035_0018_0054_0054.jpg 1 35 18 54 54
0757_0026_0016_0030_0030.jpg 1 26 16 30 30
0758_0011_0030_0025_0025.jpg 1 11 30 25 25
0759_0037_0020_0043_0043.jpg 1 37 20 43 43
0760_0018_0037_0052_0052.jpg 1 18 37 52 52
0761_0033_0017_0054_0054.jpg 1 33 17 54 54
0762_0019_0010_0049_0049.jpg 1 19 10 49 49
0763_0052_0043_0027_0027.jpg 1 52 43 27 27
0764_0035_0017_0053_0053.jpg 1 35 17 53 53
0765_0030_0027_0057_0057.jpg 1 30 27 57 57
0766_0066_0013_0025_0025.jpg 1 66 13 25 25
0767_0021_0050_0035_0035.jpg 1 21 50 35 35
0768_0018_0040_0028_0028.jpg 1 18 40 28 28
0769_0017_0033_0053_0053.jpg 1 17 33 53 53
0770_0015_0027_0051_0051.jpg 1 15 27 51 51
0771_0017_0007_0031_0031.jpg 1 17 7 31 31
0772_0006_0021_0057_0057.jpg 1 6 21 57 57
0773_0041_0057_0026_0026.jpg 1 41 57 26 26
0774_0033_0018_0047_0047.jpg 1 33 18 47 47
0775_0012_0036_0057_0057.jpg 1 12 36 57 57
0776_0003_0018_0066_0066.jpg 1 3 18 66 66
0777_0014_0008_0041_0041.jpg 1 14 8 41 41
0778_0027_0017_0048_0048.jpg 1 27 17 48 48
0779_0026_0022_0026_0026.jpg 1 26 22 26 26
0780_0021_0032_0063_0063.jpg 1 21 32 63 63
0781_0024_0025_0061_0061.jpg 1 24 25 61 61
0782_0011_0042_0042_0042.jpg 1 11 42 42 42
0783_0025_0029_0052_0052.jpg 1 25 29 52 52
0784_0007_0031_0029_0029.jpg 1 7 31 29 29
0785_0018_0021_0058_0058.jpg 1 18 21 58 58
0786_0007_0041_0036_0036.jpg 1 7 41 36 36
0787_0011_0019_0067_0067.jpg 1 11 19 67 67
0788_0013_0031_0062_0062.jpg 1 13 31 62 62
0789_0021_0032_0050_0050.jpg 1 21 32 50 50
0790_0011_0027_0062_0062.jpg 1 11 27 62 62
0791_0020_0030_0061_0061.jpg 1 20 30 61 61
0792_0031_0054_0034_0034.jpg 1 31 54 34 34
0793_0019_0020_0067_0067.jpg 1 19 20 67 67
0794_0020_0008_0030_0030.jpg 1 20 8 30 30
0795_0016_0007_0067_0067.jpg 1 16 7 67 67
0796_0019_0030_0036_0036.jpg 1 19 30 36 36
0797_0056_0022_0028_0028.jpg 1 56 22 28 28
0798_0026_0007_0055_0055.jpg 1 26 7 55 55
0799_0025_0021_0062_0062.jpg 1 25 21 62 62
0800_0026_0032_0037_0037.jpg 1 26 32 37 37
0801_0034_0011_0058_0058.jpg 1 34 11 58 58
0802_0009_0005_0058_0058.jpg 1 9 5 58 58
0803_0030_0033_0038_0038.jpg 1 30 33 38 38
0804_0018_0025_0063_0063.jpg 1 18 25 63 63
0805_0035_0029_0058_0058.jpg 1 35 29 58 58
0806_0054_0035_0032_0032.jpg 1 54 35 32 32
0807_0021_0041_0048_0048.jpg 1 21 41 48 48
0808_0005_0014_0055_0055.jpg 1 5 14 55 55
0809_0031_0019_0062_0062.jpg 1 31 19 62 62
0810_0014_0007_0057_0057.jpg 1 14 7 57 57
0811_0039_0033_0038_0038.jpg 1 39 33 38 38
0812_0008_0039_0037_0037.jpg 1 8 39 37 37
0813_0030_0039_0035_0035.jpg 1 30 39 35 35
0814_0018_0037_0058_0058.jpg 1 18 37 58 58
0815_0028_0004_0061_0061.jpg 1 28 4 61 61
0816_0024_0005_0064_0064.jpg 1 24 5 64 64
0817_0025_0010_0062_0062.jpg 1 25 10 62 62
0818_0011_0035_0057_0057.jpg 1 11 35 57 57
0819_0033_0038_0048_0048.jpg 1 33 38 48 48
0820_0039_0032_0043_0043.jpg 1 39 32 43 43
0821_0030_0019_0036_0036.jpg 1 30 19 36 36
0822_0031_0039_0054_0054.jpg 1 31 39 54 54
0823_0040_0018_0037_0037.jpg 1 40 18 37 37
0824_0025_0048_0038_0038.jpg 1 25 48 38 38
0825_0051_0057_0028_0028.jpg 1 51 57 28 28
0826_0015_0041_0029_0029.jpg 1 15 41 29 29
0827_0047_0037_0030_0030.jpg 1 47 37 30 30
0828_0066_0054_0025_0025.jpg 1 66 54 25 25
0829_0031_0021_0056_0056.jpg 1 31 21 56 56
0830_0020_0017_0053_0053.jpg 1 20 17 53 53
0831_0016_0006_0064_0064.jpg 1 16 6 64 64
0832_0016_0033_0062_0062.jpg 1 16 33 62 62
0833_0022_0032_0060_0060.jpg 1 22 32 60 60
0834_0028_0045_0043_0043.jpg 1 28 45 43 43
0835_0010_0046_0034_0034.jpg 1 10 46 34 34
0836_0038_0005_0050_0050.jpg 1 38 5 50 50
0837_0011_0037_0055_0055.jpg 1 11 37 55 55
0838_0053_0009_0034_0034.jpg 1 53 9 34 34
0839_0010_0027_0040_0040.jpg 1 10 27 40 40
0840_0008_0028_0060_0060.jpg 1 8 28 60 60
0841_0020_0017_0048_0048.jpg 1 20 17 48 48
0842_0014_0009_0038_0038.jpg 1 14 9 38 38
0843_0029_0041_0053_0053.jpg 1 29 41 53 53
0844_0030_0033_0053_0053.jpg 1 30 33 53 53
0845_0039_0024_0036_0036.jpg 1 39 24 36 36
0846_0019_0028_0053_0053.jpg 1 19 28 53 53
0847_0031_0006_0064_0064.jpg 1 31 6 64 64
0848_0016_0041_0039_0039.jpg 1 16 41 39 39
0849_0034_0020_0058_0058.jpg 1 34 20 58 58
0850_0038_0023_0039_0039.jpg 1 38 23 39 39
0851_0029_0007_0055_0055.jpg 1 29 7 55 55
0852_0028_0017_0066_0066.jpg 1 28 17 66 66
0853_0012_0009_0065_0065.jpg 1 12 9 65 65
0854_0011_0013_0068_0068.jpg 1 11 13 68 68
0855_0014_0037_0056_0056.jpg 1 14 37 56 56
0856_0033_0015_0034_0034.jpg 1 33 15 34 34
0857_0012_0030_0062_0062.jpg 1 12 30 62 62
0858_0028_0041_0048_0048.jpg 1 28 41 48 48
0859_0026_0026_0033_0033.jpg 1 26 26 33 33
0860_0028_0010_0064_0064.jpg 1 28 10 64 64
0861_0061_0042_0026_0026.jpg 1 61 42 26 26
0862_0058_0013_0030_0030.jpg 1 58 13 30 30
0863_0049_0005_0045_0045.jpg 1 49 5 45 45
0864_0034_0015_0051_0051.jpg 1 34 15 51 51
0865_0019_0030_0053_0053.jpg 1 19 30 53 53
0866_0028_0022_0063_0063.jpg 1 28 22 63 63
0867_0020_0022_0064_0064.jpg 1 20 22 64 64
0868_0031_0012_0027_0027.jpg 1 31 12 27 27
0869_0029_0044_0028_0028.jpg 1 29 44 28 28
0870_0050_0034_0034_0034.jpg 1 50 34 34 34
0871_0016_0010_0041_0041.jpg 1 16 10 41 41
0872_0048_0040_0029_0029.jpg 1 48 40 29 29
0873_0038_0018_0040_0040.jpg 1 38 18 40 40
0874_0024_0031_0051_0051.jpg 1 24 31 51 51
0875_0017_0026_0054_0054.jpg 1 17 26 54 54
0876_0019_0036_0044_0044.jpg 1 19 36 44 44
0877_0007_0055_0032_0032.jpg 1 7 55 32 32
0878_0037_0036_0042_0042.jpg 1 37 36 42 42
0879_0048_0017_0035_0035.jpg 1 48 17 35 35
0880_0033_0042_0029_0029.jpg 1 33 42 29 29
0881_0028_0012_0047_0047.jpg 1 28 12 47 47
0882_0019_0015_0069_0069.jpg 1 19 15 69 69
0883_0030_0017_0053_0053.jpg 1 30 17 53 53
0884_0037_0026_0037_0037.jpg 1 37 26 37 37
0885_0007_0025_0064_0064.jpg 1 7 25 64 64
0886_0024_0032_0047_0047.jpg 1 24 32 47 47
0887_0061_0042_0026_0026.jpg 1 61 42 26 26
0888_0016_0016_0067_0067.jpg 1 16 16 67 67
0889_0005_0020_0068_0068.jpg 1 5 20 68 68
0890_0057_0006_0033_0033.jpg 1 57 6 33 33
0891_0024_0026_0060_0060.jpg 1 24 26 60 60
0892_0016_0010_0069_0069.jpg 1 16 10 69 69
0893_0018_0027_0056_0056.jpg 1 18 27 56 56
0894_0050_0039_0026_0026.jpg 1 50 39 26 26
0895_0023_0033_0033_0033.jpg 1 23 33 33 33
0896_0003_0027_0069_0069.jpg 1 3 27 69 69
0897_0063_0047_0028_0028.jpg 1 63 47 28 28
0898_0044_0022_0038_0038.jpg 1 44 22 38 38
0899_0010_0028_0064_0064.jpg 1 10 28 64 64
0900_0007_0016_0055_0055.jpg 1 7 16 55 55
0901_0007_0044_0048_0048.jpg 1 7 44 48 48
0902_0007_0034_0061_0061.jpg 1 7 34 61 61
0903_0028_0039_0034_0034.jpg 1 28 39 34 34
0904_0045_0021_0045_0045.jpg 1 45 21 45 45
0905_0023_0033_0037_0037.jpg 1 23 33 37 37
0906_0005_0016_0059_0059.jpg 1 5 16 59 59
0907_0036_0018_0059_0059.jpg 1 36 18 59 59
0908_0006_0033_0051_0051.jpg 1 6 33 51 51
0909_0005_0016_0069_0069.jpg 1 5 16 69 69
0910_0027_0045_0048_0048.jpg 1 27 45 48 48
0911_0036_0013_0059_0059.jpg 1 36 13 59 59
0912_0018_0053_0024_0024.jpg 1 18 53 24 24
0913_0028_0032_0049_0049.jpg 1 28 32 49 49
0914_0015_0034_0033_0033.jpg 1 15 34 33 33
0915_0027_0029_0066_0066.jpg 1 27 29 66 66
0916_0028_0034_0060_0060.jpg 1 28 34 60 60
0917_0027_0059_0029_0029.jpg 1 27 59 29 29
0918_0026_0043_0035_0035.jpg 1 26 43 35 35
0919_0059_0047_0030_0030.jpg 1 59 47 30 30
0920_0044_0034_0032_0032.jpg 1 44 34 32 32
0921_0014_0030_0060_0060.jpg 1 14 30 60 60
0922_0011_0066_0025_0025.jpg 1 11 66 25 25
0923_0014_0008_0061_0061.jpg 1 14 8 61 61
0924_0041_0050_0031_0031.jpg 1 41 50 31 31
0925_0014_0015_0038_0038.jpg 1 14 15 38 38
0926_0026_0019_0062_0062.jpg 1 26 19 62 62
0927_0004_0022_0064_0064.jpg 1 4 22 64 64
0928_0012_0018_0043_0043.jpg 1 12 18 43 43
0929_0014_0026_0066_0066.jpg 1 14 26 66 66
0930_0044_0013_0025_0025.jpg 1 44 13 25 25
0931_0038_0027_0031_0031.jpg 1 38 27 31 31
0932_0033_0042_0046_0046.jpg 1 33 42 46 46
0933_0032_0038_0037_0037.jpg 1 32 38 37 37
0934_0018_0016_0052_0052.jpg 1 18 16 52 52
0935_0016_0039_0053_0053.jpg 1 16 39 53 53
0936_0015_0017_0053_0053.jpg 1 15 17 53 53
0937_0019_0029_0049_0049.jpg 1 19 29 49 49
0938_0008_0053_0032_0032.jpg 1 8 53 32 32
0939_0019_0010_0060_0060.jpg 1 19 10 60 60
0940_0011_0037_0050_0050.jpg 1 11 37 50 50
0941_0040_0062_0029_0029.jpg 1 40 62 29 29
0942_0034_0007_0054_0054.jpg 1 34 7 54 54
0943_0044_0011_0047_0047.jpg 1 44 11 47 47
0944_0019_0021_0035_0035.jpg 1 19 21 35 35
0945_0020_0028_0065_0065.jpg 1 20 28 65 65
0946_0027_0014_0068_0068.jpg 1 27 14 68 68
0947_0017_0020_0026_0026.jpg 1 17 20 26 26
0948_0026_0040_0045_0045.jpg 1 26 40 45 45
0949_0014_0042_0031_0031.jpg 1 14 42 31 31
0950_0029_0011_0066_0066.jpg 1 29 11 66 66
0951_0065_0064_0024_0024.jpg 1 65 64 24 24
0952_0036_0022_0029_0029.jpg 1 36 22 29 29
0953_0017_0013_0024_0024.jpg 1 17 13 24 24
0954_0036_0030_0049_0049.jpg 1 36 30 49 49
0955_0021_0028_0065_0065.jpg 1 21 28 65 65
0956_0035_0018_0056_0056.jpg 1 35 18 56 56
0957_0054_0031_0037_0037.jpg 1 54 31 37 37
0958_0053_0013_0032_0032.jpg 1 53 13 32 32
0959_0023_0050_0036_0036.jpg 1 23 50 36 36
0960_0017_0027_0036_0036.jpg 1 17 27 36 36
0961_0009_0003_0067_0067.jpg 1 9 3 67 67
0962_0043_0018_0040_0040.jpg 1 43 18 40 40
0963_0042_0032_0041_0041.jpg 1 42 32 41 41
0964_0027_0050_0039_0039.jpg 1 27 50 39 39
0965_0022_0018_0044_0044.jpg 1 22 18 44 44
0966_0039_0010_0046_0046.jpg 1 39 10 46 46
0967_0015_0039_0048_0048.jpg 1 15 39 48 48
0968_0013_0019_0055_0055.jpg 1 13 19 55 55
0969_0040_0017_0047_0047.jpg 1 40 17 47 47
0970_0004_0014_0068_0068.jpg 1 4 14 68 68
0971_0041_0033_0032_0032.jpg 1 41 33 32 32
0972_0030_0008_0033_0033.jpg 1 30 8 33 33
0973_0023_0016_0063_0063.jpg 1 23 16 63 63
0974_0042_0036_0024_0024.jpg 1 42 36 24 24
0975_0035_0037_0044_0044.jpg 1 35 37 44 44
0976_0039_0030_0027_0027.jpg 1 39 30 27 27
0977_0039_0009_0027_0027.jpg 1 39 9 27 27
0978_0018_0035_0040_0040.jpg 1 18 35 40 40
0979_0035_0045_0042_0042.jpg 1 35 45 42 42
0980_0030_0041_0040_0040.jpg 1 30 41 40 40
0981_0033_0005_0055_0055.jpg 1 33 5 55 55
0982_0028_0015_0032_0032.jpg 1 28 15 32 32
0983_0005_0007_0069_0069.jpg 1 5 7 69 69
0984_0054_0021_0025_0025.jpg 1 54 21 25 25
0985_0015_0005_0065_0065.jpg 1 15 5 65 65
0986_0020_0014_0061_0061.jpg 1 20 14 61 61
0987_0038_0033_0029_0029.jpg 1 38 33 29 29
0988_0007_0017_0027_0027.jpg 1 7 17 27 27
0989_0016_0013_0056_0056.jpg 1 16 13 56 56
0990_0028_0030_0066_0066.jpg 1 28 30 66 66
0991_0036_0030_0031_0031.jpg 1 36 30 31 31
0992_0041_0028_0027_0027.jpg 1 41 28 27 27
0993_0065_0009_0024_0024.jpg 1 65 9 24 24
0994_0022_0061_0026_0026.jpg 1 22 61 26 26
0995_0020_0012_0048_0048.jpg 1 20 12 48 48
0996_0023_0042_0038_0038.jpg 1 23 42 38 38
0997_0032_0036_0041_0041.jpg 1 32 36 41 41
0998_0007_0021_0051_0051.jpg 1 7 21 51 51
0999_0043_0039_0033_0033.jpg 1 43 39 33 33
1000_0050_0046_0038_0038.jpg 1 50 46 38 38
1001_0024_0029_0043_0043.jpg 1 24 29 43 43
1002_0014_0028_0048_0048.jpg 1 14 28 48 48
1003_0025_0021_0061_0061.jpg 1 25 21 61 61
1004_0040_0033_0045_0045.jpg 1 40 33 45 45
1005_0010_0012_0038_0038.jpg 1 10 12 38 38
1006_0025_0021_0044_0044.jpg 1 25 21 44 44
1007_0019_0047_0032_0032.jpg 1 19 47 32 32
1008_0047_0043_0030_0030.jpg 1 47 43 30 30
1009_0012_0045_0034_0034.jpg 1 12 45 34 34
1010_0014_0044_0045_0045.jpg 1 14 44 45 45
1011_0017_0004_0065_0065.jpg 1 17 4 65 65
1012_0065_0039_0026_0026.jpg 1 65 39 26 26
1013_0024_0009_0044_0044.jpg 1 24 9 44 44
1014_0037_0015_0041_0041.jpg 1 37 15 41 41
1015_0019_0005_0069_0069.jpg 1 19 5 69 69
1016_0032_0006_0042_0042.jpg 1 32 6 42 42
1017_0037_0017_0051_0051.jpg 1 37 17 51 51
1018_0057_0054_0033_0033.jpg 1 57 54 33 33
1019_0031_0018_0061_0061.jpg 1 31 18 61 61
1020_0013_0040_0053_0053.jpg 1 13 40 53 53
1021_0022_0015_0050_0050.jpg 1 22 15 50 50
1022_0030_0007_0035_0035.jpg 1 30 7 35 35
1023_0007_0030_0062_0062.jpg 1 7 30 62 62
1024_0031_0025_0061_0061.jpg 1 31 25 61 61
1025_0024_0039_0041_0041.jpg 1 24 39 41 41
1026_0038_0040_0026_0026.jpg 1 38 40 26 26
1027_0021_0027_0062_0062.jpg 1 21 27 62 62
1028_0048_0006_0044_0044.jpg 1 48 6 44 44
1029_0017_0007_0061_0061.jpg 1 17 7 61 61
1030_0022_0035_0040_0040.jpg 1 22 35 40 40
1031_0005_0012_0062_0062.jpg 1 5 12 62 62
1032_0043_0014_0037_0037.jpg 1 43 14 37 37
1033_0006_0011_0067_0067.jpg 1 6 11 67 67
1034_0012_0023_0067_0067.jpg 1 12 23 67 67
1035_0036_0055_0035_0035.jpg 1 36 55 35 35
1036_0014_0017_0042_0042.jpg 1 14 17 42 42
1037_0048_0022_0045_0045.jpg 1 48 22 45 45
1038_0010_0041_0032_0032.jpg 1 10 41 32 32
1039_0044_0036_0047_0047.jpg 1 44 36 47 47
1040_0013_0040_0039_0039.jpg 1 13 40 39 39
1041_0033_0050_0044_0044.jpg 1 33 50 44 44
1042_0024_0022_0027_0027.jpg 1 24 22 27 27
1043_0034_0006_0045_0045.jpg 1 34 6 45 45
1044_0015_0015_0061_0061.jpg 1 15 15 61 61
1045_0040_0030_0033_0033.jpg 1 40 30 33 33
1046_0036_0039_0036_0036.jpg 1 36 39 36 36
1047_0034_0053_0034_0034.jpg 1 34 53 34 34
1048_0025_0013_0062_0062.jpg 1 25 13 62 62
1049_0009_0049_0041_0041.jpg 1 9 49 41 41
1050_0011_0022_0048_0048.jpg 1 11 22 48 48
1051_0009_0004_0064_0064.jpg 1 9 4 64 64
1052_0034_0011_0059_0059.jpg 1 34 11 59 59
1053_0022_0044_0029_0029.jpg 1 22 44 29 29
1054_0027_0009_0043_0043.jpg 1 27 9 43 43
1055_0012_0011_0063_0063.jpg 1 12 11 63 63
1056_0039_0007_0027_0027.jpg 1 39 7 27 27
1057_0017_0034_0033_0033.jpg 1 17 34 33 33
1058_0019_0033_0043_0043.jpg 1 19 33 43 43
1059_0007_0036_0024_0024.jpg 1 7 36 24 24
1060_0014_0037_0058_0058.jpg 1 14 37 58 58
1061_0025_0006_0037_0037.jpg 1 25 6 37 37
1062_0010_0021_0067_0067.jpg 1 10 21 67 67
1063_0021_0025_0057_0057.jpg 1 21 25 57 57
1064_0058_0040_0035_0035.jpg 1 58 40 35 35
1065_0060_0060_0025_0025.jpg 1 60 60 25 25
1066_0042_0008_0049_0049.jpg 1 42 8 49 49
1067_0043_0010_0040_0040.jpg 1 43 10 40 40
1068_0025_0010_0058_0058.jpg 1 25 10 58 58
1069_0024_0018_0069_0069.jpg 1 24 18 69 69
1070_0017_0012_0058_0058.jpg 1 17 12 58 58
1071_0007_0011_0035_0035.jpg 1 7 11 35 35
1072_0026_0018_0051_0051.jpg 1 26 18 51 51
1073_0013_0044_0025_0025.jpg 1 13 44 25 25
1074_0017_0029_0061_0061.jpg 1 17 29 61 61
1075_0016_0019_0057_0057.jpg 1 16 19 57 57
1076_0048_0047_0045_0045.jpg 1 48 47 45 45
1077_0009_0014_0053_0053.jpg 1 9 14 53 53
1078_0055_0039_0026_0026.jpg 1 55 39 26 26
1079_0012_0016_0063_0063.jpg 1 12 16 63 63
1080_0018_0013_0046_0046.jpg 1 18 13 46 46
1081_0024_0011_0064_0064.jpg 1 24 11 64 64
1082_0040_0043_0037_0037.jpg 1 40 43 37 37
1083_0015_0021_0045_0045.jpg 1 15 21 45 45
1084_0055_0017_0037_0037.jpg 1 55 17 37 37
1085_0025_0048_0038_0038.jpg 1 25 48 38 38
1086_0008_0026_0046_0046.jpg 1 8 26 46 46
1087_0013_0026_0059_0059.jpg 1 13 26 59 59
1088_0048_0032_0029_0029.jpg 1 48 32 29 29
1089_0022_0007_0056_0056.jpg 1 22 7 56 56
1090_0026_0013_0036_0036.jpg 1 26 13 36 36
1091_0027_0018_0063_0063.jpg 1 27 18 63 63
1092_0042_0022_0042_0042.jpg 1 42 22 42 42
1093_0018_0033_0048_0048.jpg 1 18 33 48 48
1094_0005_0023_0048_0048.jpg 1 5 23 48 48
1095_0010_0006_0065_0065.jpg 1 10 6 65 65
1096_0010_0017_0066_0066.jpg 1 10 17 66 66
1097_0006_0007_0057_0057.jpg 1 6 7 57 57
1098_0041_0035_0044_0044.jpg 1 41 35 44 44
1099_0024_0049_0040_0040.jpg 1 24 49 40 40
1100_0043_0034_0032_0032.jpg 1 43 34 32 32
1101_0020_0017_0068_0068.jpg 1 20 17 68 68
1102_0012_0031_0054_0054.jpg 1 12 31 54 54
1103_0006_0016_0057_0057.jpg 1 6 16 57 57
1104_0043_0044_0036_0036.jpg 1 43 44 36 36
1105_0018_0020_0051_0051.jpg 1 18 20 51 51
1106_0010_0058_0035_0035.jpg 1 10 58 35 35
1107_0005_0033_0056_0056.jpg 1 5 33 56 56
1108_0032_0020_0054_0054.jpg 1 32 20 54 54
1109_0030_0036_0053_0053.jpg 1 30 36 53 53
1110_0054_0053_0029_0029.jpg 1 54 53 29 29
1111_0017_0005_0052_0052.jpg 1 17 5 52 52
1112_0032_0022_0049_0049.jpg 1 32 22 49 49
1113_0040_0009_0047_0047.jpg 1 40 9 47 47
1114_0023_0029_0037_0037.jpg 1 23 29 37 37
1115_0014_0020_0063_0063.jpg 1 14 20 63 63
1116_0031_0035_0051_0051.jpg 1 31 35 51 51
1117_0010_0029_0067_0067.jpg 1 10 29 67 67
1118_0008_0032_0062_0062.jpg 1 8 32 62 62
1119_0020_0008_0042_0042.jpg 1 20 8 42 42
1120_0006_0026_0065_0065.jpg 1 6 26 65 65
1121_0024_0027_0056_0056.jpg 1 24 27 56 56
1122_0054_0045_0039_0039.jpg 1 54 45 39 39
1123_0017_0031_0045_0045.jpg 1 17 31 45 45
1124_0009_0059_0026_0026.jpg 1 9 59 26 26
1125_0019_0024_0061_0061.jpg 1 19 24 61 61
1126_0016_0016_0067_0067.jpg 1 16 16 67 67
1127_0021_0010_0045_0045.jpg 1 21 10 45 45
1128_0011_0018_0054_0054.jpg 1 11 18 54 54
1129_0017_0018_0031_0031.jpg 1 17 18 31 31
1130_0062_0035_0024_0024.jpg 1 62 35 24 24
1131_0021_0043_0031_0031.jpg 1 21 43 31 31
1132_0026_0023_0025_0025.jpg 1 26 23 25 25
1133_0015_0010_0046_0046.jpg 1 15 10 46 46
1134_0037_0021_0052_0052.jpg 1 37 21 52 52
1135_0055_0027_0037_0037.jpg 1 55 27 37 37
1136_0027_0040_0026_0026.jpg 1 27 40 26 26
1137_0024_0004_0057_0057.jpg 1 24 4 57 57
1138_0046_0045_0048_0048.jpg 1 46 45 48 48
1139_0018_0004_0061_0061.jpg 1 18 4 61 61
1140_0054_0024_0026_0026.jpg 1 54 24 26 26
1141_0011_0013_0037_0037.jpg 1 11 13 37 37
1142_0012_0036_0038_0038.jpg 1 12 36 38 38
1143_0059_0057_0033_0033.jpg 1 59 57 33 33
1144_0005_0026_0063_0063.jpg 1 5 26 63 63
1145_0057_0011_0026_0026.jpg 1 57 11 26 26
1146_0037_0052_0037_0037.jpg 1 37 52 37 37
1147_0023_0018_0054_0054.jpg 1 23 18 54 54
1148_0016_0040_0048_0048.jpg 1 16 40 48 48
1149_0035_0025_0059_0059.jpg 1 35 25 59 59
1150_0017_0045_0038_0038.jpg 1 17 45 38 38
1151_0029_0042_0045_0045.jpg 1 29 42 45 45
1152_0057_0038_0033_0033.jpg 1 57 38 33 33
1153_0004_0013_0061_0061.jpg 1 4 13 61 61
1154_0014_0034_0057_0057.jpg 1 14 34 57 57
1155_0015_0035_0047_0047.jpg 1 15 35 47 47
1156_0047_0022_0032_0032.jpg 1 47 22 32 32
1157_0013_0016_0041_0041.jpg 1 13 16 41 41
1158_0041_0024_0038_0038.jpg 1 41 24 38 38
1159_0036_0043_0026_0026.jpg 1 36 43 26 26
1160_0042_0014_0040_0040.jpg 1 42 14 40 40
1161_0011_0028_0054_0054.jpg 1 11 28 54 54
1162_0011_0026_0038_0038.jpg 1 11 26 38 38
1163_0013_0012_0068_0068.jpg 1 13 12 68 68
1164_0018_0010_0049_0049.jpg 1 18 10 49 49
1165_0007_0030_0062_0062.jpg 1 7 30 62 62
1166_0015_0042_0045_0045.jpg 1 15 42 45 45
1167_0029_0032_0062_0062.jpg 1 29 32 62 62
1168_0008_0020_0048_0048.jpg 1 8 20 48 48
1169_0033_0031_0048_0048.jpg 1 33 31 48 48
1170_0027_0008_0055_0055.jpg 1 27 8 55 55
1171_0027_0040_0030_0030.jpg 1 27 40 30 30
1172_0022_0013_0064_0064.jpg 1 22 13 64 64
1173_0019_0024_0055_0055.jpg 1 19 24 55 55
1174_0015_0043_0049_0049.jpg 1 15 43 49 49
1175_0011_0030_0033_0033.jpg 1 11 30 33 33
1176_0046_0033_0043_0043.jpg 1 46 33 43 43
1177_0022_0006_0053_0053.jpg 1 22 6 53 53
1178_0033_0046_0026_0026.jpg 1 33 46 26 26
1179_0038_0049_0024_0024.jpg 1 38 49 24 24
1180_0019_0028_0060_0060.jpg 1 19 28 60 60
1181_0035_0031_0052_0052.jpg 1 35 31 52 52
1182_0004_0021_0068_0068.jpg 1 4 21 68 68
1183_0039_0007_0034_0034.jpg 1 39 7 34 34
1184_0043_0016_0037_0037.jpg 1 43 16 37 37
1185_0008_0016_0034_0034.jpg 1 8 16 34 34
1186_0007_0043_0035_0035.jpg 1 7 43 35 35
1187_0007_0016_0053_0053.jpg 1 7 16 53 53
1188_0028_0013_0034_0034.jpg 1 28 13 34 34
1189_0017_0049_0025_0025.jpg 1 17 49 25 25
1190_0032_0024_0033_0033.jpg 1 32 24 33 33
1191_0056_0028_0037_0037.jpg 1 56 28 37 37
1192_0020_0023_0034_0034.jpg 1 20 23 34 34
1193_0026_0009_0065_0065.jpg 1 26 9 65 65
1194_0015_0048_0039_0039.jpg 1 15 48 39 39
1195_0029_0009_0066_0066.jpg 1 29 9 66 66
1196_0038_0063_0026_0026.jpg 1 38 63 26 26
1197_0040_0040_0047_0047.jpg 1 40 40 47 47
1198_0033_0011_0060_0060.jpg 1 33 11 60 60
1199_0010_0007_0034_0034.jpg 1 10 7 34 34
1200_0010_0003_0068_0068.jpg 1 10 3 68 68
1201_0011_0012_0035_0035.jpg 1 11 12 35 35
1202_0028_0042_0025_0025.jpg 1 28 42 25 25
1203_0043_0022_0049_0049.jpg 1 43 22 49 49
1204_0015_0017_0067_0067.jpg 1 15 17 67 67
1205_0046_0048_0043_0043.jpg 1 46 48 43 43
1206_0013_0011_0032_0032.jpg 1 13 11 32 32
1207_0013_0011_0069_0069.jpg 1 13 11 69 69
1208_0045_0050_0041_0041.jpg 1 45 50 41 41
1209_0016_0010_0058_0058.jpg 1 16 10 58 58
1210_0064_0060_0028_0028.jpg 1 64 60 28 28
1211_0033_0011_0032_0032.jpg 1 33 11 32 32
1212_0012_0024_0051_0051.jpg 1 12 24 51 51
1213_0016_0010_0031_0031.jpg 1 16 10 31 31
1214_0052_0020_0042_0042.jpg 1 52 20 42 42
1215_0022_0036_0056_0056.jpg 1 22 36 56 56
1216_0031_0022_0049_0049.jpg 1 31 22 49 49
1217_0014_0026_0053_0053.jpg 1 14 26 53 53
1218_0025_0004_0061_0061.jpg 1 25 4 61 61
1219_0038_0052_0038_0038.jpg 1 38 52 38 38
1220_0020_0031_0050_0050.jpg 1 20 31 50 50
1221_0022_0016_0063_0063.jpg 1 22 16 63 63
1222_0037_0010_0046_0046.jpg 1 37 10 46 46
1223_0035_0034_0058_0058.jpg 1 35 34 58 58
1224_0043_0024_0024_0024.jpg 1 43 24 24 24
1225_0017_0012_0053_0053.jpg 1 17 12 53 53
1226_0018_0026_0066_0066.jpg 1 18 26 66 66
1227_0029_0031_0064_0064.jpg 1 29 31 64 64
1228_0009_0015_0069_0069.jpg 1 9 15 69 69
1229_0032_0064_0025_0025.jpg 1 32 64 25 25
1230_0024_0006_0044_0044.jpg 1 24 6 44 44
1231_0014_0025_0069_0069.jpg 1 14 25 69 69
1232_0028_0052_0028_0028.jpg 1 28 52 28 28
1233_0048_0030_0030_0030.jpg 1 48 30 30 30
1234_0010_0007_0062_0062.jpg 1 10 7 62 62
1235_0017_0010_0054_0054.jpg 1 17 10 54 54
1236_0031_0056_0024_0024.jpg 1 31 56 24 24
1237_0038_0039_0033_0033.jpg 1 38 39 33 33
1238_0047_0010_0040_0040.jpg 1 47 10 40 40
1239_0006_0019_0069_0069.jpg 1 6 19 69 69
1240_0015_0032_0037_0037.jpg 1 15 32 37 37
1241_0010_0032_0048_0048.jpg 1 10 32 48 48
1242_0004_0020_0061_0061.jpg 1 4 20 61 61
1243_0026_0042_0051_0051.jpg 1 26 42 51 51
1244_0050_0019_0029_0029.jpg 1 50 19 29 29
1245_0018_0018_0057_0057.jpg 1 18 18 57 57
1246_0022_0026_0058_0058.jpg 1 22 26 58 58
1247_0024_0005_0057_0057.jpg 1 24 5 57 57
1248_0048_0055_0034_0034.jpg 1 48 55 34 34
1249_0011_0007_0046_0046.jpg 1 11 7 46 46
1250_0015_0022_0067_0067.jpg 1 15 22 67 67
1251_0011_0013_0069_0069.jpg 1 11 13 69 69
1252_0017_0005_0069_0069.jpg 1 17 5 69 69
1253_0041_0015_0045_0045.jpg 1 41 15 45 45
1254_0013_0064_0027_0027.jpg 1 13 64 27 27
1255_0037_0018_0043_0043.jpg 1 37 18 43 43
1256_0045_0022_0047_0047.jpg 1 45 22 47 47
1257_0014_0047_0031_0031.jpg 1 14 47 31 31
1258_0019_0030_0037_0037.jpg 1 19 30 37 37
1259_0023_0008_0069_0069.jpg 1 23 8 69 69
1260_0032_0013_0058_0058.jpg 1 32 13 58 58
1261_0028_0040_0033_0033.jpg 1 28 40 33 33
1262_0006_0024_0065_0065.jpg 1 6 24 65 65
1263_0018_0038_0055_0055.jpg 1 18 38 55 55
1264_0008_0011_0061_0061.jpg 1 8 11 61 61
1265_0009_0019_0066_0066.jpg 1 9 19 66 66
1266_0049_0034_0043_0043.jpg 1 49 34 43 43
1267_0023_0023_0067_0067.jpg 1 23 23 67 67
1268_0023_0015_0040_0040.jpg 1 23 15 40 40
1269_0004_0020_0059_0059.jpg 1 4 20 59 59
1270_0014_0030_0038_0038.jpg 1 14 30 38 38
1271_0021_0022_0024_0024.jpg 1 21 22 24 24
1272_0022_0032_0052_0052.jpg 1 22 32 52 52
1273_0051_0014_0024_0024.jpg 1 51 14 24 24
1274_0012_0037_0040_0040.jpg 1 12 37 40 40
1275_0017_0007_0056_0056.jpg 1 17 7 56 56
1276_0032_0030_0038_0038.jpg 1 32 30 38 38
1277_0034_0004_0057_0057.jpg 1 34 4 57 57
1278_0042_0015_0029_0029.jpg 1 42 15 29 29
1279_0021_0034_0059_0059.jpg 1 21 34 59 59
1280_0030_0048_0036_0036.jpg 1 30 48 36 36
1281_0043_0024_0028_0028.jpg 1 43 24 28 28
1282_0017_0007_0069_0069.jpg 1 17 7 69 69
1283_0041_0032_0047_0047.jpg 1 41 32 47 47
1284_0017_0052_0040_0040.jpg 1 17 52 40 40
1285_0022_0005_0068_0068.jpg 1 22 5 68 68
1286_0051_0055_0034_0034.jpg 1 51 55 34 34
1287_0059_0022_0029_0029.jpg 1 59 22 29 29
1288_0035_0008_0043_0043.jpg 1 35 8 43 43
1289_0009_0020_0047_0047.jpg 1 9 20 47 47
1290_0023_0037_0050_0050.jpg 1 23 37 50 50
1291_0040_0024_0025_0025.jpg 1 40 24 25 25
1292_0011_0026_0064_0064.jpg 1 11 26 64 64
1293_0030_0025_0060_0060.jpg 1 30 25 60 60
1294_0027_0016_0044_0044.jpg 1 27 16 44 44
1295_0031_0017_0064_0064.jpg 1 31 17 64 64
1296_0051_0052_0039_0039.jpg 1 51 52 39 39
1297_0038_0018_0035_0035.jpg 1 38 18 35 35
1298_0010_0030_0034_0034.jpg 1 10 30 34 34
1299_0004_0004_0069_0069.jpg 1 4 4 69 69
1300_0032_0016_0047_0047.jpg 1 32 16 47 47
1301_0020_0026_0056_0056.jpg 1 20 26 56 56
1302_0056_0013_0027_0027.jpg 1 56 13 27 27
1303_0015_0027_0024_0024.jpg 1 15 27 24 24
1304_0051_0023_0030_0030.jpg 1 51 23 30 30
1305_0015_0022_0065_0065.jpg 1 15 22 65 65
1306_0053_0042_0027_0027.jpg 1 53 42 27 27
1307_0056_0043_0025_0025.jpg 1 56 43 25 25
1308_0018_0023_0062_0062.jpg 1 18 23 62 62
1309_0022_0015_0066_0066.jpg 1 22 15 66 66
1310_0046_0026_0039_0039.jpg 1 46 26 39 39
1311_0003_0011_0068_0068.jpg 1 3 11 68 68
1312_0005_0016_0061_0061.jpg 1 5 16 61 61
1313_0033_0049_0043_0043.jpg 1 33 49 43 43
1314_0046_0034_0047_0047.jpg 1 46 34 47 47
1315_0021_0029_0065_0065.jpg 1 21 29 65 65
1316_0006_0033_0055_0055.jpg 1 6 33 55 55
1317_0029_0007_0056_0056.jpg 1 29 7 56 56
1318_0021_0012_0061_0061.jpg 1 21 12 61 61
1319_0029_0024_0034_0034.jpg 1 29 24 34 34
1320_0005_0012_0068_0068.jpg 1 5 12 68 68
1321_0029_0035_0035_0035.jpg 1 29 35 35 35
1322_0028_0011_0051_0051.jpg 1 28 11 51 51
1323_0021_0025_0059_0059.jpg 1 21 25 59 59
1324_0036_0022_0059_0059.jpg 1 36 22 59 59
1325_0010_0020_0068_0068.jpg 1 10 20 68 68
1326_0009_0035_0056_0056.jpg 1 9 35 56 56
1327_0025_0021_0068_0068.jpg 1 25 21 68 68
1328_0011_0015_0033_0033.jpg 1 11 15 33 33
1329_0031_0039_0030_0030.jpg 1 31 39 30 30
1330_0035_0025_0040_0040.jpg 1 35 25 40 40
1331_0047_0055_0037_0037.jpg 1 47 55 37 37
1332_0021_0018_0066_0066.jpg 1 21 18 66 66
1333_0048_0021_0038_0038.jpg 1 48 21 38 38
1334_0033_0025_0052_0052.jpg 1 33 25 52 52
1335_0005_0020_0049_0049.jpg 1 5 20 49 49
1336_0008_0017_0030_0030.jpg 1 8 17 30 30
1337_0022_0007_0069_0069.jpg 1 22 7 69 69
1338_0044_0051_0042_0042.jpg 1 44 51 42 42
1339_0021_0020_0069_0069.jpg 1 21 20 69 69
1340_0045_0006_0047_0047.jpg 1 45 6 47 47
1341_0030_0036_0055_0055.jpg 1 30 36 55 55
1342_0014_0035_0045_0045.jpg 1 14 35 45 45
1343_0015_0008_0069_0069.jpg 1 15 8 69 69
1344_0020_0012_0052_0052.jpg 1 20 12 52 52
1345_0018_0026_0059_0059.jpg 1 18 26 59 59
1346_0007_0008_0028_0028.jpg 1 7 8 28 28
1347_0035_0016_0043_0043.jpg 1 35 16 43 43
1348_0030_0047_0044_0044.jpg 1 30 47 44 44
1349_0016_0013_0033_0033.jpg 1 16 13 33 33
1350_0057_0057_0032_0032.jpg 1 57 57 32 32
1351_0023_0028_0032_0032.jpg 1 23 28 32 32
1352_0034_0039_0030_0030.jpg 1 34 39 30 30
1353_0041_0031_0026_0026.jpg 1 41 31 26 26
1354_0021_0023_0053_0053.jpg 1 21 23 53 53
1355_0031_0012_0060_0060.jpg 1 31 12 60 60
1356_0037_0031_0053_0053.jpg 1 37 31 53 53
1357_0032_0008_0062_0062.jpg 1 32 8 62 62
1358_0021_0039_0045_0045.jpg 1 21 39 45 45
1359_0010_0053_0040_0040.jpg 1 10 53 40 40
1360_0020_0027_0057_0057.jpg 1 20 27 57 57
1361_0019_0046_0026_0026.jpg 1 19 46 26 26
1362_0044_0029_0026_0026.jpg 1 44 29 26 26
1363_0039_0050_0024_0024.jpg 1 39 50 24 24
1364_0034_0010_0043_0043.jpg 1 34 10 43 43
1365_0012_0035_0028_0028.jpg 1 12 35 28 28
1366_0066_0015_0024_0024.jpg 1 66 15 24 24
1367_0032_0042_0041_0041.jpg 1 32 42 41 41
1368_0023_0038_0052_0052.jpg 1 23 38 52 52
1369_0006_0027_0068_0068.jpg 1 6 27 68 68
1370_0041_0019_0049_0049.jpg 1 41 19 49 49
1371_0034_0060_0027_0027.jpg 1 34 60 27 27
1372_0025_0036_0027_0027.jpg 1 25 36 27 27
1373_0062_0049_0025_0025.jpg 1 62 49 25 25
1374_0054_0051_0039_0039.jpg 1 54 51 39 39
1375_0040_0030_0046_0046.jpg 1 40 30 46 46
1376_0015_0057_0032_0032.jpg 1 15 57 32 32
1377_0035_0031_0055_0055.jpg 1 35 31 55 55
1378_0028_0025_0059_0059.jpg 1 28 25 59 59
1379_0028_0014_0049_0049.jpg 1 28 14 49 49
1380_0021_0029_0060_0060.jpg 1 21 29 60 60
1381_0021_0042_0042_0042.jpg 1 21 42 42 42
1382_0027_0028_0041_0041.jpg 1 27 28 41 41
1383_0012_0006_0067_0067.jpg 1 12 6 67 67
1384_0016_0020_0056_0056.jpg 1 16 20 56 56
1385_0031_0011_0032_0032.jpg 1 31 11 32 32
1386_0015_0030_0063_0063.jpg 1 15 30 63 63
1387_0030_0046_0027_0027.jpg 1 30 46 27 27
1388_0019_0013_0042_0042.jpg 1 19 13 42 42
1389_0017_0020_0060_0060.jpg 1 17 20 60 60
1390_0034_0026_0046_0046.jpg 1 34 26 46 46
1391_0036_0040_0033_0033.jpg 1 36 40 33 33
1392_0009_0036_0031_0031.jpg 1 9 36 31 31
1393_0029_0016_0061_0061.jpg 1 29 16 61 61
1394_0057_0037_0027_0027.jpg 1 57 37 27 27
1395_0006_0012_0067_0067.jpg 1 6 12 67 67
1396_0014_0004_0069_0069.jpg 1 14 4 69 69
1397_0047_0037_0043_0043.jpg 1 47 37 43 43
1398_0028_0028_0033_0033.jpg 1 28 28 33 33
1399_0008_0017_0039_0039.jpg 1 8 17 39 39
1400_0047_0037_0043_0043.jpg 1 47 37 43 43
1401_0041_0009_0039_0039.jpg 1 41 9 39 39
1402_0053_0054_0032_0032.jpg 1 53 54 32 32
1403_0030_0030_0064_0064.jpg 1 30 30 64 64
1404_0033_0024_0062_0062.jpg 1 33 24 62 62
1405_0019_0012_0057_0057.jpg 1 19 12 57 57
1406_0026_0052_0026_0026.jpg 1 26 52 26 26
1407_0032_0051_0035_0035.jpg 1 32 51 35 35
1408_0031_0059_0030_0030.jpg 1 31 59 30 30
1409_0017_0027_0069_0069.jpg 1 17 27 69 69
1410_0038_0011_0033_0033.jpg 1 38 11 33 33
1411_0007_0036_0033_0033.jpg 1 7 36 33 33
1412_0005_0029_0060_0060.jpg 1 5 29 60 60
1413_0054_0014_0037_0037.jpg 1 54 14 37 37
1414_0053_0049_0030_0030.jpg 1 53 49 30 30
1415_0015_0049_0041_0041.jpg 1 15 49 41 41
1416_0023_0043_0027_0027.jpg 1 23 43 27 27
1417_0038_0027_0053_0053.jpg 1 38 27 53 53
1418_0031_0033_0029_0029.jpg 1 31 33 29 29
1419_0024_0018_0067_0067.jpg 1 24 18 67 67
1420_0053_0043_0036_0036.jpg 1 53 43 36 36
1421_0006_0028_0051_0051.jpg 1 6 28 51 51
1422_0011_0016_0032_0032.jpg 1 11 16 32 32
1423_0022_0061_0029_0029.jpg 1 22 61 29 29
1424_0005_0007_0067_0067.jpg 1 5 7 67 67
1425_0017_0012_0067_0067.jpg 1 17 12 67 67
1426_0015_0006_0060_0060.jpg 1 15 6 60 60
1427_0034_0019_0057_0057.jpg 1 34 19 57 57
1428_0018_0013_0047_0047.jpg 1 18 13 47 47
1429_0027_0050_0039_0039.jpg 1 27 50 39 39
1430_0029_0037_0029_0029.jpg 1 29 37 29 29
1431_0010_0013_0027_0027.jpg 1 10 13 27 27
1432_0037_0026_0053_0053.jpg 1 37 26 53 53
1433_0007_0004_0064_0064.jpg 1 7 4 64 64
1434_0024_0025_0054_0054.jpg 1 24 25 54 54
1435_0032_0045_0037_0037.jpg 1 32 45 37 37
1436_0016_0017_0035_0035.jpg 1 16 17 35 35
1437_0009_0041_0028_0028.jpg 1 9 41 28 28
1438_0016_0032_0053_0053.jpg 1 16 32 53 53
1439_0030_0007_0063_0063.jpg 1 30 7 63 63
1440_0021_0011_0050_0050.jpg 1 21 11 50 50
1441_0011_0033_0053_0053.jpg 1 11 33 53 53
1442_0019_0030_0036_0036.jpg 1 19 30 36 36
1443_0014_0032_0045_0045.jpg 1 14 32 45 45
1444_0049_0024_0026_0026.jpg 1 49 24 26 26
1445_0013_0006_0069_0069.jpg 1 13 6 69 69
1446_0037_0053_0027_0027.jpg 1 37 53 27 27
1447_0028_0029_0048_0048.jpg 1 28 29 48 48
1448_0015_0034_0060_0060.jpg 1 15 34 60 60
1449_0035_0066_0024_0024.jpg 1 35 66 24 24
1450_0017_0011_0053_0053.jpg 1 17 11 53 53
1451_0007_0019_0040_0040.jpg 1 7 19 40 40
1452_0025_0033_0059_0059.jpg 1 25 33 59 59
1453_0019_0023_0040_0040.jpg 1 19 23 40 40
1454_0015_0019_0024_0024.jpg 1 15 19 24 24
1455_0008_0026_0049_0049.jpg 1 8 26 49 49
1456_0011_0011_0060_0060.jpg 1 11 11 60 60
1457_0013_0034_0049_0049.jpg 1 13 34 49 49
1458_0013_0023_0069_0069.jpg 1 13 23 69 69
1459_0015_0006_0048_0048.jpg 1 15 6 48 48
1460_0019_0026_0060_0060.jpg 1 19 26 60 60
1461_0027_0028_0068_0068.jpg 1 27 28 68 68
1462_0008_0021_0032_0032.jpg 1 8 21 32 32
1463_0019_0012_0041_0041.jpg 1 19 12 41 41
1464_0029_0008_0059_0059.jpg 1 29 8 59 59
1465_0012_0029_0062_0062.jpg 1 12 29 62 62
1466_0042_0023_0041_0041.jpg 1 42 23 41 41
1467_0010_0011_0040_0040.jpg 1 10 11 40 40
1468_0026_0043_0041_0041.jpg 1 26 43 41 41
1469_0037_0026_0056_0056.jpg 1 37 26 56 56
1470_0010_0008_0060_0060.jpg 1 10 8 60 60
1471_0009_0031_0061_0061.jpg 1 9 31 61 61
1472_0006_0020_0068_0068.jpg 1 6 20 68 68
1473_0013_0035_0052_0052.jpg 1 13 35 52 52
1474_0051_0036_0032_0032.jpg 1 51 36 32 32
1475_0006_0004_0061_0061.jpg 1 6 4 61 61
1476_0021_0047_0031_0031.jpg 1 21 47 31 31
1477_0010_0026_0054_0054.jpg 1 10 26 54 54
1478_0046_0010_0034_0034.jpg 1 46 10 34 34
1479_0036_0039_0056_0056.jpg 1 36 39 56 56
1480_0020_0013_0050_0050.jpg 1 20 13 50 50
1481_0006_0042_0049_0049.jpg 1 6 42 49 49
1482_0020_0027_0062_0062.jpg 1 20 27 62 62
1483_0025_0059_0031_0031.jpg 1 25 59 31 31
1484_0021_0005_0045_0045.jpg 1 21 5 45 45
1485_0047_0026_0047_0047.jpg 1 47 26 47 47
1486_0017_0022_0060_0060.jpg 1 17 22 60 60
1487_0024_0032_0062_0062.jpg 1 24 32 62 62
1488_0007_0015_0066_0066.jpg 1 7 15 66 66
1489_0030_0042_0030_0030.jpg 1 30 42 30 30
1490_0011_0026_0025_0025.jpg 1 11 26 25 25
1491_0048_0017_0037_0037.jpg 1 48 17 37 37
1492_0049_0043_0024_0024.jpg 1 49 43 24 24
1493_0039_0019_0054_0054.jpg 1 39 19 54 54
1494_0016_0039_0043_0043.jpg 1 16 39 43 43
1495_0017_0021_0059_0059.jpg 1 17 21 59 59
1496_0059_0044_0031_0031.jpg 1 59 44 31 31
1497_0045_0056_0033_0033.jpg 1 45 56 33 33
1498_0013_0014_0064_0064.jpg 1 13 14 64 64
1499_0037_0022_0048_0048.jpg 1 37 22 48 48
1500_0013_0020_0047_0047.jpg 1 13 20 47 47
1501_0036_0042_0049_0049.jpg 1 36 42 49 49
1502_0023_0049_0036_0036.jpg 1 23 49 36 36
1503_0042_0046_0024_0024.jpg 1 42 46 24 24
