0001_0021_0051_0032_0032.jpg 1 21 51 32 32
0002_0044_0027_0031_0031.jpg 1 44 27 31 31
0003_0057_0040_0034_0034.jpg 1 57 40 34 34
0004_0013_0032_0027_0027.jpg 1 13 32 27 27
0005_0023_0024_0068_0068.jpg 1 23 24 68 68
0006_0031_0044_0046_0046.jpg 1 31 44 46 46
0007_0048_0017_0043_0043.jpg 1 48 17 43 43
0008_0019_0035_0032_0032.jpg 1 19 35 32 32
0009_0012_0010_0059_0059.jpg 1 12 10 59 59
0010_0049_0036_0041_0041.jpg 1 49 36 41 41
0011_0040_0017_0052_0052.jpg 1 40 17 52 52
0012_0049_0044_0043_0043.jpg 1 49 44 43 43
0013_0018_0011_0047_0047.jpg 1 18 11 47 47
0014_0047_0056_0034_0034.jpg 1 47 56 34 34
0015_0059_0018_0033_0033.jpg 1 59 18 33 33
0016_0019_0033_0045_0045.jpg 1 19 33 45 45
0017_0035_0040_0029_0029.jpg 1 35 40 29 29
0018_0030_0015_0058_0058.jpg 1 30 15 58 58
0019_0030_0006_0065_0065.jpg 1 30 6 65 65
0020_0040_0020_0043_0043.jpg 1 40 20 43 43
0021_0012_0040_0049_0049.jpg 1 12 40 49 49
0022_0065_0043_0025_0025.jpg 1 65 43 25 25
0023_0031_0024_0025_0025.jpg 1 31 24 25 25
0024_0004_0005_0061_0061.jpg 1 4 5 61 61
0025_0028_0025_0066_0066.jpg 1 28 25 66 66
0026_0036_0035_0050_0050.jpg 1 36 35 50 50
0027_0027_0029_0053_0053.jpg 1 27 29 53 53
0028_0030_0016_0059_0059.jpg 1 30 16 59 59
0029_0029_0009_0047_0047.jpg 1 29 9 47 47
0030_0020_0006_0047_0047.jpg 1 20 6 47 47
0031_0044_0009_0026_0026.jpg 1 44 9 26 26
0032_0053_0058_0027_0027.jpg 1 53 58 27 27
0033_0034_0028_0050_0050.jpg 1 34 28 50 50
0034_0013_0021_0069_0069.jpg 1 13 21 69 69
0035_0038_0023_0038_0038.jpg 1 38 23 38 38
0036_0011_0018_0069_0069.jpg 1 11 18 69 69
0037_0059_0023_0031_0031.jpg 1 59 23 31 31
0038_0044_0041_0050_0050.jpg 1 44 41 50 50
0039_0006_0017_0066_0066.jpg 1 6 17 66 66
0040_0004_0025_0051_0051.jpg 1 4 25 51 51
0041_0032_0031_0025_0025.jpg 1 32 31 25 25
0042_0026_0056_0036_0036.jpg 1 26 56 36 36
0043_0052_0053_0033_0033.jpg 1 52 53 33 33
0044_0037_0036_0045_0045.jpg 1 37 36 45 45
0045_0025_0018_0040_0040.jpg 1 25 18 40 40
0046_0008_0037_0037_0037.jpg 1 8 37 37 37
0047_0017_0008_0068_0068.jpg 1 17 8 68 68
0048_0043_0054_0035_0035.jpg 1 43 54 35 35
0049_0044_0024_0046_0046.jpg 1 44 24 46 46
0050_0012_0056_0037_0037.jpg 1 12 56 37 37
0051_0046_0060_0030_0030.jpg 1 46 60 30 30
0052_0010_0026_0067_0067.jpg 1 10 26 67 67
0053_0056_0010_0031_0031.jpg 1 56 10 31 31
0054_0045_0027_0046_0046.jpg 1 45 27 46 46
0055_0032_0027_0058_0058.jpg 1 32 27 58 58
0056_0033_0037_0038_0038.jpg 1 33 37 38 38
0057_0034_0035_0048_0048.jpg 1 34 35 48 48
0058_0022_0031_0054_0054.jpg 1 22 31 54 54
0059_0028_0030_0060_0060.jpg 1 28 30 60 60
0060_0021_0052_0040_0040.jpg 1 21 52 40 40
0061_0013_0023_0067_0067.jpg 1 13 23 67 67
0062_0025_0061_0029_0029.jpg 1 25 61 29 29
0063_0040_0007_0042_0042.jpg 1 40 7 42 42
0064_0020_0024_0069_0069.jpg 1 20 24 69 69
0065_0010_0025_0055_0055.jpg 1 10 25 55 55
0066_0014_0023_0049_0049.jpg 1 14 23 49 49
0067_0010_0031_0048_0048.jpg 1 10 31 48 48
0068_0040_0009_0042_0042.jpg 1 40 9 42 42
0069_0041_0037_0052_0052.jpg 1 41 37 52 52
0070_0047_0010_0042_0042.jpg 1 47 10 42 42
0071_0031_0062_0030_0030.jpg 1 31 62 30 30
0072_0021_0014_0046_0046.jpg 1 21 14 46 46
0073_0051_0024_0038_0038.jpg 1 51 24 38 38
0074_0013_0009_0065_0065.jpg 1 13 9 65 65
0075_0022_0028_0060_0060.jpg 1 22 28 60 60
0076_0011_0024_0068_0068.jpg 1 11 24 68 68
0077_0029_0024_0033_0033.jpg 1 29 24 33 33
0078_0009_0048_0028_0028.jpg 1 9 48 28 28
0079_0011_0047_0042_0042.jpg 1 11 47 42 42
0080_0039_0016_0051_0051.jpg 1 39 16 51 51
0081_0017_0030_0035_0035.jpg 1 17 30 35 35
0082_0023_0012_0066_0066.jpg 1 23 12 66 66
0083_0021_0010_0067_0067.jpg 1 21 10 67 67
0084_0026_0011_0069_0069.jpg 1 26 11 69 69
0085_0032_0024_0055_0055.jpg 1 32 24 55 55
0086_0025_0035_0040_0040.jpg 1 25 35 40 40
0087_0033_0019_0028_0028.jpg 1 33 19 28 28
0088_0014_0040_0026_0026.jpg 1 14 40 26 26
0089_0005_0032_0060_0060.jpg 1 5 32 60 60
0090_0066_0064_0024_0024.jpg 1 66 64 24 24
0091_0022_0005_0063_0063.jpg 1 22 5 63 63
0092_0030_0051_0025_0025.jpg 1 30 51 25 25
0093_0014_0025_0055_0055.jpg 1 14 25 55 55
0094_0060_0056_0033_0033.jpg 1 60 56 33 33
0095_0003_0014_0063_0063.jpg 1 3 14 63 63
0096_0030_0020_0063_0063.jpg 1 30 20 63 63
0097_0028_0006_0064_0064.jpg 1 28 6 64 64
0098_0014_0010_0045_0045.jpg 1 14 10 45 45
0099_0025_0035_0048_0048.jpg 1 25 35 48 48
0100_0005_0036_0048_0048.jpg 1 5 36 48 48
0101_0037_0022_0053_0053.jpg 1 37 22 53 53
0102_0013_0013_0057_0057.jpg 1 13 13 57 57
0103_0006_0036_0059_0059.jpg 1 6 36 59 59
0104_0031_0016_0047_0047.jpg 1 31 16 47 47
0105_0020_0025_0064_0064.jpg 1 20 25 64 64
0106_0009_0006_0069_0069.jpg 1 9 6 69 69
0107_0008_0023_0053_0053.jpg 1 8 23 53 53
0108_0010_0009_0028_0028.jpg 1 10 9 28 28
0109_0040_0041_0024_0024.jpg 1 40 41 24 24
0110_0032_0018_0026_0026.jpg 1 32 18 26 26
0111_0046_0049_0026_0026.jpg 1 46 49 26 26
0112_0047_0047_0028_0028.jpg 1 47 47 28 28
0113_0021_0046_0034_0034.jpg 1 21 46 34 34
0114_0015_0019_0064_0064.jpg 1 15 19 64 64
0115_0035_0031_0057_0057.jpg 1 35 31 57 57
0116_0014_0038_0052_0052.jpg 1 14 38 52 52
0117_0012_0031_0028_0028.jpg 1 12 31 28 28
0118_0033_0027_0062_0062.jpg 1 33 27 62 62
0119_0013_0033_0046_0046.jpg 1 13 33 46 46
0120_0006_0031_0056_0056.jpg 1 6 31 56 56
0121_0048_0013_0041_0041.jpg 1 48 13 41 41
0122_0059_0055_0026_0026.jpg 1 59 55 26 26
0123_0012_0021_0029_0029.jpg 1 12 21 29 29
0124_0026_0009_0065_0065.jpg 1 26 9 65 65
0125_0030_0014_0063_0063.jpg 1 30 14 63 63
0126_0027_0058_0027_0027.jpg 1 27 58 27 27
0127_0020_0047_0032_0032.jpg 1 20 47 32 32
0128_0019_0027_0067_0067.jpg 1 19 27 67 67
0129_0053_0041_0025_0025.jpg 1 53 41 25 25
0130_0021_0007_0057_0057.jpg 1 21 7 57 57
0131_0013_0032_0057_0057.jpg 1 13 32 57 57
0132_0018_0022_0054_0054.jpg 1 18 22 54 54
0133_0006_0015_0069_0069.jpg 1 6 15 69 69
0134_0057_0012_0032_0032.jpg 1 57 12 32 32
0135_0012_0067_0024_0024.jpg 1 12 67 24 24
0136_0032_0048_0025_0025.jpg 1 32 48 25 25
0137_0021_0019_0061_0061.jpg 1 21 19 61 61
0138_0022_0029_0063_0063.jpg 1 22 29 63 63
0139_0018_0009_0056_0056.jpg 1 18 9 56 56
0140_0041_0017_0033_0033.jpg 1 41 17 33 33
0141_0008_0026_0032_0032.jpg 1 8 26 32 32
0142_0012_0030_0029_0029.jpg 1 12 30 29 29
0143_0033_0017_0040_0040.jpg 1 33 17 40 40
0144_0030_0011_0053_0053.jpg 1 30 11 53 53
0145_0032_0051_0028_0028.jpg 1 32 51 28 28
0146_0009_0039_0048_0048.jpg 1 9 39 48 48
0147_0022_0005_0055_0055.jpg 1 22 5 55 55
0148_0013_0028_0039_0039.jpg 1 13 28 39 39
0149_0008_0018_0027_0027.jpg 1 8 18 27 27
0150_0009_0010_0061_0061.jpg 1 9 10 61 61
0151_0029_0026_0049_0049.jpg 1 29 26 49 49
0152_0040_0050_0038_0038.jpg 1 40 50 38 38
0153_0008_0028_0046_0046.jpg 1 8 28 46 46
0154_0027_0039_0026_0026.jpg 1 27 39 26 26
0155_0027_0029_0031_0031.jpg 1 27 29 31 31
0156_0013_0033_0045_0045.jpg 1 13 33 45 45
0157_0039_0016_0032_0032.jpg 1 39 16 32 32
0158_0062_0018_0027_0027.jpg 1 62 18 27 27
0159_0031_0018_0040_0040.jpg 1 31 18 40 40
0160_0029_0051_0034_0034.jpg 1 29 51 34 34
0161_0048_0041_0043_0043.jpg 1 48 41 43 43
0162_0014_0022_0068_0068.jpg 1 14 22 68 68
0163_0036_0008_0031_0031.jpg 1 36 8 31 31
0164_0004_0018_0069_0069.jpg 1 4 18 69 69
0165_0037_0050_0044_0044.jpg 1 37 50 44 44
0166_0026_0040_0054_0054.jpg 1 26 40 54 54
0167_0017_0038_0040_0040.jpg 1 17 38 40 40
0168_0051_0034_0037_0037.jpg 1 51 34 37 37
0169_0045_0066_0024_0024.jpg 1 45 66 24 24
0170_0057_0057_0036_0036.jpg 1 57 57 36 36
0171_0032_0020_0029_0029.jpg 1 32 20 29 29
0172_0041_0007_0051_0051.jpg 1 41 7 51 51
0173_0020_0015_0036_0036.jpg 1 20 15 36 36
0174_0048_0008_0034_0034.jpg 1 48 8 34 34
0175_0005_0024_0065_0065.jpg 1 5 24 65 65
0176_0021_0028_0067_0067.jpg 1 21 28 67 67
0177_0038_0021_0029_0029.jpg 1 38 21 29 29
0178_0030_0008_0027_0027.jpg 1 30 8 27 27
0179_0009_0015_0061_0061.jpg 1 9 15 61 61
0180_0031_0015_0042_0042.jpg 1 31 15 42 42
0181_0029_0012_0057_0057.jpg 1 29 12 57 57
0182_0009_0041_0032_0032.jpg 1 9 41 32 32
0183_0012_0021_0059_0059.jpg 1 12 21 59 59
0184_0038_0053_0037_0037.jpg 1 38 53 37 37
0185_0027_0007_0066_0066.jpg 1 27 7 66 66
0186_0027_0032_0059_0059.jpg 1 27 32 59 59
0187_0040_0035_0053_0053.jpg 1 40 35 53 53
0188_0041_0029_0051_0051.jpg 1 41 29 51 51
0189_0051_0029_0029_0029.jpg 1 51 29 29 29
0190_0043_0037_0038_0038.jpg 1 43 37 38 38
0191_0007_0050_0035_0035.jpg 1 7 50 35 35
0192_0037_0014_0056_0056.jpg 1 37 14 56 56
0193_0015_0015_0036_0036.jpg 1 15 15 36 36
0194_0029_0016_0060_0060.jpg 1 29 16 60 60
0195_0020_0004_0063_0063.jpg 1 20 4 63 63
0196_0024_0032_0049_0049.jpg 1 24 32 49 49
0197_0010_0025_0045_0045.jpg 1 10 25 45 45
0198_0035_0039_0055_0055.jpg 1 35 39 55 55
0199_0011_0017_0063_0063.jpg 1 11 17 63 63
0200_0029_0058_0029_0029.jpg 1 29 58 29 29
0201_0038_0051_0025_0025.jpg 1 38 51 25 25
0202_0015_0029_0052_0052.jpg 1 15 29 52 52
0203_0056_0051_0034_0034.jpg 1 56 51 34 34
0204_0037_0007_0035_0035.jpg 1 37 7 35 35
0205_0027_0026_0048_0048.jpg 1 27 26 48 48
0206_0020_0008_0041_0041.jpg 1 20 8 41 41
0207_0052_0009_0040_0040.jpg 1 52 9 40 40
0208_0066_0020_0025_0025.jpg 1 66 20 25 25
0209_0006_0017_0055_0055.jpg 1 6 17 55 55
0210_0009_0021_0067_0067.jpg 1 9 21 67 67
0211_0022_0042_0037_0037.jpg 1 22 42 37 37
0212_0008_0025_0063_0063.jpg 1 8 25 63 63
0213_0014_0025_0057_0057.jpg 1 14 25 57 57
0214_0013_0024_0065_0065.jpg 1 13 24 65 65
0215_0022_0051_0026_0026.jpg 1 22 51 26 26
0216_0025_0034_0025_0025.jpg 1 25 34 25 25
0217_0012_0019_0042_0042.jpg 1 12 19 42 42
0218_0005_0037_0053_0053.jpg 1 5 37 53 53
0219_0020_0014_0049_0049.jpg 1 20 14 49 49
0220_0025_0032_0035_0035.jpg 1 25 32 35 35
0221_0031_0014_0054_0054.jpg 1 31 14 54 54
0222_0032_0041_0033_0033.jpg 1 32 41 33 33
0223_0044_0040_0049_0049.jpg 1 44 40 49 49
0224_0037_0017_0057_0057.jpg 1 37 17 57 57
0225_0051_0061_0026_0026.jpg 1 51 61 26 26
0226_0009_0029_0054_0054.jpg 1 9 29 54 54
0227_0022_0030_0064_0064.jpg 1 22 30 64 64
0228_0017_0017_0064_0064.jpg 1 17 17 64 64
0229_0030_0008_0046_0046.jpg 1 30 8 46 46
0230_0014_0005_0057_0057.jpg 1 14 5 57 57
0231_0053_0048_0030_0030.jpg 1 53 48 30 30
0232_0031_0011_0032_0032.jpg 1 31 11 32 32
0233_0012_0027_0049_0049.jpg 1 12 27 49 49
0234_0012_0037_0039_0039.jpg 1 12 37 39 39
0235_0031_0012_0052_0052.jpg 1 31 12 52 52
0236_0026_0036_0050_0050.jpg 1 26 36 50 50
0237_0054_0009_0031_0031.jpg 1 54 9 31 31
0238_0034_0045_0035_0035.jpg 1 34 45 35 35
0239_0032_0020_0050_0050.jpg 1 32 20 50 50
0240_0011_0029_0026_0026.jpg 1 11 29 26 26
0241_0010_0031_0056_0056.jpg 1 10 31 56 56
0242_0021_0019_0064_0064.jpg 1 21 19 64 64
0243_0054_0059_0026_0026.jpg 1 54 59 26 26
0244_0031_0062_0030_0030.jpg 1 31 62 30 30
0245_0011_0010_0063_0063.jpg 1 11 10 63 63
0246_0020_0037_0056_0056.jpg 1 20 37 56 56
0247_0054_0028_0024_0024.jpg 1 54 28 24 24
0248_0022_0027_0047_0047.jpg 1 22 27 47 47
0249_0028_0026_0055_0055.jpg 1 28 26 55 55
0250_0030_0027_0063_0063.jpg 1 30 27 63 63
0251_0017_0027_0067_0067.jpg 1 17 27 67 67
0252_0019_0030_0043_0043.jpg 1 19 30 43 43
0253_0004_0023_0066_0066.jpg 1 4 23 66 66
0254_0065_0059_0026_0026.jpg 1 65 59 26 26
0255_0036_0033_0056_0056.jpg 1 36 33 56 56
0256_0027_0041_0053_0053.jpg 1 27 41 53 53
0257_0043_0014_0039_0039.jpg 1 43 14 39 39
0258_0036_0015_0047_0047.jpg 1 36 15 47 47
0259_0039_0011_0040_0040.jpg 1 39 11 40 40
0260_0031_0014_0053_0053.jpg 1 31 14 53 53
0261_0027_0021_0027_0027.jpg 1 27 21 27 27
0262_0026_0024_0059_0059.jpg 1 26 24 59 59
0263_0053_0022_0041_0041.jpg 1 53 22 41 41
0264_0064_0013_0024_0024.jpg 1 64 13 24 24
0265_0006_0006_0054_0054.jpg 1 6 6 54 54
0266_0014_0010_0049_0049.jpg 1 14 10 49 49
0267_0020_0041_0050_0050.jpg 1 20 41 50 50
0268_0026_0007_0058_0058.jpg 1 26 7 58 58
0269_0025_0032_0057_0057.jpg 1 25 32 57 57
0270_0009_0038_0045_0045.jpg 1 9 38 45 45
0271_0030_0008_0064_0064.jpg 1 30 8 64 64
0272_0027_0014_0059_0059.jpg 1 27 14 59 59
0273_0055_0041_0034_0034.jpg 1 55 41 34 34
0274_0031_0033_0062_0062.jpg 1 31 33 62 62
0275_0022_0055_0027_0027.jpg 1 22 55 27 27
0276_0015_0016_0060_0060.jpg 1 15 16 60 60
0277_0049_0034_0038_0038.jpg 1 49 34 38 38
0278_0011_0029_0067_0067.jpg 1 11 29 67 67
0279_0057_0027_0030_0030.jpg 1 57 27 30 30
0280_0022_0003_0064_0064.jpg 1 22 3 64 64
0281_0007_0035_0024_0024.jpg 1 7 35 24 24
0282_0028_0036_0038_0038.jpg 1 28 36 38 38
0283_0042_0045_0045_0045.jpg 1 42 45 45 45
0284_0031_0033_0025_0025.jpg 1 31 33 25 25
0285_0019_0014_0063_0063.jpg 1 19 14 63 63
0286_0044_0017_0035_0035.jpg 1 44 17 35 35
0287_0054_0064_0027_0027.jpg 1 54 64 27 27
0288_0004_0032_0059_0059.jpg 1 4 32 59 59
0289_0020_0010_0066_0066.jpg 1 20 10 66 66
0290_0037_0027_0057_0057.jpg 1 37 27 57 57
0291_0014_0025_0067_0067.jpg 1 14 25 67 67
0292_0011_0015_0046_0046.jpg 1 11 15 46 46
0293_0028_0010_0064_0064.jpg 1 28 10 64 64
0294_0031_0023_0054_0054.jpg 1 31 23 54 54
0295_0019_0012_0065_0065.jpg 1 19 12 65 65
0296_0023_0026_0047_0047.jpg 1 23 26 47 47
0297_0012_0034_0050_0050.jpg 1 12 34 50 50
0298_0044_0041_0037_0037.jpg 1 44 41 37 37
0299_0028_0040_0053_0053.jpg 1 28 40 53 53
0300_0014_0011_0060_0060.jpg 1 14 11 60 60
0301_0013_0009_0057_0057.jpg 1 13 9 57 57
0302_0010_0012_0062_0062.jpg 1 10 12 62 62
0303_0023_0024_0032_0032.jpg 1 23 24 32 32
0304_0029_0012_0057_0057.jpg 1 29 12 57 57
0305_0012_0024_0064_0064.jpg 1 12 24 64 64
0306_0024_0014_0042_0042.jpg 1 24 14 42 42
0307_0008_0045_0032_0032.jpg 1 8 45 32 32
0308_0022_0018_0064_0064.jpg 1 22 18 64 64
0309_0038_0038_0053_0053.jpg 1 38 38 53 53
0310_0037_0014_0055_0055.jpg 1 37 14 55 55
0311_0012_0025_0057_0057.jpg 1 12 25 57 57
0312_0042_0039_0033_0033.jpg 1 42 39 33 33
0313_0010_0049_0036_0036.jpg 1 10 49 36 36
0314_0050_0014_0031_0031.jpg 1 50 14 31 31
0315_0013_0045_0032_0032.jpg 1 13 45 32 32
0316_0013_0025_0067_0067.jpg 1 13 25 67 67
0317_0006_0009_0056_0056.jpg 1 6 9 56 56
0318_0037_0009_0056_0056.jpg 1 37 9 56 56
0319_0033_0050_0041_0041.jpg 1 33 50 41 41
0320_0033_0043_0047_0047.jpg 1 33 43 47 47
0321_0030_0024_0062_0062.jpg 1 30 24 62 62
0322_0028_0028_0049_0049.jpg 1 28 28 49 49
0323_0014_0034_0040_0040.jpg 1 14 34 40 40
0324_0041_0012_0053_0053.jpg 1 41 12 53 53
0325_0052_0011_0026_0026.jpg 1 52 11 26 26
0326_0009_0062_0024_0024.jpg 1 9 62 24 24
0327_0005_0010_0055_0055.jpg 1 5 10 55 55
0328_0032_0020_0054_0054.jpg 1 32 20 54 54
0329_0008_0029_0059_0059.jpg 1 8 29 59 59
0330_0008_0028_0050_0050.jpg 1 8 28 50 50
0331_0017_0048_0033_0033.jpg 1 17 48 33 33
0332_0006_0037_0057_0057.jpg 1 6 37 57 57
0333_0008_0026_0045_0045.jpg 1 8 26 45 45
0334_0022_0042_0041_0041.jpg 1 22 42 41 41
0335_0009_0032_0031_0031.jpg 1 9 32 31 31
0336_0020_0019_0048_0048.jpg 1 20 19 48 48
0337_0009_0035_0049_0049.jpg 1 9 35 49 49
0338_0047_0008_0046_0046.jpg 1 47 8 46 46
0339_0021_0043_0026_0026.jpg 1 21 43 26 26
0340_0004_0024_0058_0058.jpg 1 4 24 58 58
0341_0019_0019_0024_0024.jpg 1 19 19 24 24
0342_0021_0035_0047_0047.jpg 1 21 35 47 47
0343_0016_0012_0053_0053.jpg 1 16 12 53 53
0344_0011_0013_0068_0068.jpg 1 11 13 68 68
0345_0045_0053_0034_0034.jpg 1 45 53 34 34
0346_0033_0064_0026_0026.jpg 1 33 64 26 26
0347_0020_0028_0054_0054.jpg 1 20 28 54 54
0348_0008_0008_0068_0068.jpg 1 8 8 68 68
0349_0040_0013_0043_0043.jpg 1 40 13 43 43
0350_0039_0028_0036_0036.jpg 1 39 28 36 36
0351_0045_0057_0028_0028.jpg 1 45 57 28 28
0352_0025_0039_0025_0025.jpg 1 25 39 25 25
0353_0045_0019_0046_0046.jpg 1 45 19 46 46
0354_0024_0006_0065_0065.jpg 1 24 6 65 65
0355_0026_0029_0065_0065.jpg 1 26 29 65 65
0356_0011_0019_0026_0026.jpg 1 11 19 26 26
0357_0012_0033_0052_0052.jpg 1 12 33 52 52
0358_0009_0036_0055_0055.jpg 1 9 36 55 55
0359_0012_0023_0041_0041.jpg 1 12 23 41 41
0360_0018_0040_0049_0049.jpg 1 18 40 49 49
0361_0035_0041_0040_0040.jpg 1 35 41 40 40
0362_0022_0021_0025_0025.jpg 1 22 21 25 25
0363_0057_0009_0025_0025.jpg 1 57 9 25 25
0364_0030_0023_0057_0057.jpg 1 30 23 57 57
0365_0034_0017_0053_0053.jpg 1 34 17 53 53
0366_0009_0025_0069_0069.jpg 1 9 25 69 69
0367_0020_0020_0054_0054.jpg 1 20 20 54 54
0368_0018_0009_0047_0047.jpg 1 18 9 47 47
0369_0027_0021_0066_0066.jpg 1 27 21 66 66
0370_0022_0027_0026_0026.jpg 1 22 27 26 26
0371_0043_0019_0038_0038.jpg 1 43 19 38 38
0372_0024_0039_0037_0037.jpg 1 24 39 37 37
0373_0022_0048_0046_0046.jpg 1 22 48 46 46
0374_0045_0038_0049_0049.jpg 1 45 38 49 49
0375_0021_0016_0054_0054.jpg 1 21 16 54 54
0376_0029_0036_0029_0029.jpg 1 29 36 29 29
0377_0011_0026_0047_0047.jpg 1 11 26 47 47
0378_0051_0038_0040_0040.jpg 1 51 38 40 40
0379_0026_0020_0056_0056.jpg 1 26 20 56 56
0380_0052_0019_0036_0036.jpg 1 52 19 36 36
0381_0024_0037_0040_0040.jpg 1 24 37 40 40
0382_0021_0036_0056_0056.jpg 1 21 36 56 56
0383_0018_0029_0062_0062.jpg 1 18 29 62 62
0384_0025_0010_0063_0063.jpg 1 25 10 63 63
0385_0029_0012_0065_0065.jpg 1 29 12 65 65
0386_0052_0040_0034_0034.jpg 1 52 40 34 34
0387_0035_0007_0038_0038.jpg 1 35 7 38 38
0388_0030_0009_0026_0026.jpg 1 30 9 26 26
0389_0049_0014_0034_0034.jpg 1 49 14 34 34
0390_0026_0023_0068_0068.jpg 1 26 23 68 68
0391_0028_0025_0047_0047.jpg 1 28 25 47 47
0392_0045_0045_0042_0042.jpg 1 45 45 42 42
0393_0027_0029_0061_0061.jpg 1 27 29 61 61
0394_0014_0030_0043_0043.jpg 1 14 30 43 43
0395_0007_0050_0035_0035.jpg 1 7 50 35 35
0396_0050_0034_0038_0038.jpg 1 50 34 38 38
0397_0018_0010_0042_0042.jpg 1 18 10 42 42
0398_0008_0034_0038_0038.jpg 1 8 34 38 38
0399_0055_0040_0029_0029.jpg 1 55 40 29 29
0400_0042_0047_0046_0046.jpg 1 42 47 46 46
0401_0023_0014_0048_0048.jpg 1 23 14 48 48
0402_0013_0020_0059_0059.jpg 1 13 20 59 59
0403_0013_0034_0060_0060.jpg 1 13 34 60 60
0404_0019_0034_0053_0053.jpg 1 19 34 53 53
0405_0041_0040_0051_0051.jpg 1 41 40 51 51
0406_0005_0016_0043_0043.jpg 1 5 16 43 43
0407_0016_0015_0063_0063.jpg 1 16 15 63 63
0408_0008_0050_0035_0035.jpg 1 8 50 35 35
0409_0005_0023_0060_0060.jpg 1 5 23 60 60
0410_0041_0046_0026_0026.jpg 1 41 46 26 26
0411_0010_0007_0054_0054.jpg 1 10 7 54 54
0412_0008_0004_0068_0068.jpg 1 8 4 68 68
0413_0037_0006_0057_0057.jpg 1 37 6 57 57
0414_0053_0032_0036_0036.jpg 1 53 32 36 36
0415_0034_0025_0036_0036.jpg 1 34 25 36 36
0416_0013_0017_0035_0035.jpg 1 13 17 35 35
0417_0011_0035_0060_0060.jpg 1 11 35 60 60
0418_0014_0040_0024_0024.jpg 1 14 40 24 24
0419_0051_0052_0031_0031.jpg 1 51 52 31 31
0420_0024_0027_0027_0027.jpg 1 24 27 27 27
0421_0008_0047_0028_0028.jpg 1 8 47 28 28
0422_0018_0035_0035_0035.jpg 1 18 35 35 35
0423_0020_0029_0030_0030.jpg 1 20 29 30 30
0424_0017_0044_0042_0042.jpg 1 17 44 42 42
0425_0010_0046_0025_0025.jpg 1 10 46 25 25
0426_0042_0007_0029_0029.jpg 1 42 7 29 29
0427_0011_0026_0048_0048.jpg 1 11 26 48 48
0428_0019_0014_0064_0064.jpg 1 19 14 64 64
0429_0022_0035_0043_0043.jpg 1 22 35 43 43
0430_0049_0061_0029_0029.jpg 1 49 61 29 29
0431_0023_0012_0037_0037.jpg 1 23 12 37 37
0432_0027_0013_0060_0060.jpg 1 27 13 60 60
0433_0009_0054_0038_0038.jpg 1 9 54 38 38
0434_0025_0029_0045_0045.jpg 1 25 29 45 45
0435_0034_0023_0058_0058.jpg 1 34 23 58 58
0436_0027_0031_0059_0059.jpg 1 27 31 59 59
0437_0023_0031_0052_0052.jpg 1 23 31 52 52
0438_0037_0024_0041_0041.jpg 1 37 24 41 41
0439_0005_0017_0055_0055.jpg 1 5 17 55 55
0440_0023_0018_0064_0064.jpg 1 23 18 64 64
0441_0025_0016_0024_0024.jpg 1 25 16 24 24
0442_0020_0035_0044_0044.jpg 1 20 35 44 44
0443_0038_0052_0042_0042.jpg 1 38 52 42 42
0444_0044_0059_0032_0032.jpg 1 44 59 32 32
0445_0024_0006_0042_0042.jpg 1 24 6 42 42
0446_0038_0023_0051_0051.jpg 1 38 23 51 51
0447_0051_0038_0037_0037.jpg 1 51 38 37 37
0448_0015_0017_0067_0067.jpg 1 15 17 67 67
0449_0010_0008_0048_0048.jpg 1 10 8 48 48
0450_0012_0023_0067_0067.jpg 1 12 23 67 67
0451_0058_0058_0034_0034.jpg 1 58 58 34 34
0452_0018_0011_0059_0059.jpg 1 18 11 59 59
0453_0020_0023_0062_0062.jpg 1 20 23 62 62
0454_0015_0013_0050_0050.jpg 1 15 13 50 50
0455_0007_0023_0039_0039.jpg 1 7 23 39 39
0456_0005_0033_0055_0055.jpg 1 5 33 55 55
0457_0032_0060_0027_0027.jpg 1 32 60 27 27
0458_0015_0040_0051_0051.jpg 1 15 40 51 51
0459_0035_0031_0045_0045.jpg 1 35 31 45 45
0460_0027_0032_0049_0049.jpg 1 27 32 49 49
0461_0035_0016_0047_0047.jpg 1 35 16 47 47
0462_0033_0039_0048_0048.jpg 1 33 39 48 48
0463_0005_0023_0055_0055.jpg 1 5 23 55 55
0464_0008_0016_0042_0042.jpg 1 8 16 42 42
0465_0040_0038_0034_0034.jpg 1 40 38 34 34
0466_0019_0026_0059_0059.jpg 1 19 26 59 59
0467_0038_0011_0034_0034.jpg 1 38 11 34 34
0468_0039_0017_0036_0036.jpg 1 39 17 36 36
0469_0006_0025_0057_0057.jpg 1 6 25 57 57
0470_0008_0010_0056_0056.jpg 1 8 10 56 56
0471_0034_0021_0050_0050.jpg 1 34 21 50 50
0472_0019_0027_0057_0057.jpg 1 19 27 57 57
0473_0017_0014_0061_0061.jpg 1 17 14 61 61
0474_0032_0011_0054_0054.jpg 1 32 11 54 54
0475_0011_0020_0041_0041.jpg 1 11 20 41 41
0476_0016_0011_0061_0061.jpg 1 16 11 61 61
0477_0009_0022_0041_0041.jpg 1 9 22 41 41
0478_0031_0032_0044_0044.jpg 1 31 32 44 44
0479_0043_0048_0041_0041.jpg 1 43 48 41 41
0480_0051_0030_0041_0041.jpg 1 51 30 41 41
0481_0038_0024_0057_0057.jpg 1 38 24 57 57
0482_0009_0028_0045_0045.jpg 1 9 28 45 45
0483_0044_0009_0028_0028.jpg 1 44 9 28 28
0484_0031_0016_0027_0027.jpg 1 31 16 27 27
0485_0021_0026_0062_0062.jpg 1 21 26 62 62
0486_0037_0033_0035_0035.jpg 1 37 33 35 35
0487_0007_0030_0049_0049.jpg 1 7 30 49 49
0488_0051_0047_0038_0038.jpg 1 51 47 38 38
0489_0045_0031_0049_0049.jpg 1 45 31 49 49
0490_0013_0011_0047_0047.jpg 1 13 11 47 47
0491_0008_0026_0054_0054.jpg 1 8 26 54 54
0492_0023_0031_0056_0056.jpg 1 23 31 56 56
0493_0017_0051_0031_0031.jpg 1 17 51 31 31
0494_0029_0008_0050_0050.jpg 1 29 8 50 50
0495_0008_0014_0065_0065.jpg 1 8 14 65 65
0496_0022_0012_0027_0027.jpg 1 22 12 27 27
0497_0025_0013_0058_0058.jpg 1 25 13 58 58
0498_0015_0040_0042_0042.jpg 1 15 40 42 42
0499_0042_0018_0047_0047.jpg 1 42 18 47 47
0500_0020_0027_0065_0065.jpg 1 20 27 65 65
0501_0035_0012_0030_0030.jpg 1 35 12 30 30
0502_0014_0042_0047_0047.jpg 1 14 42 47 47
0503_0010_0020_0054_0054.jpg 1 10 20 54 54
0504_0045_0042_0036_0036.jpg 1 45 42 36 36
0505_0011_0020_0067_0067.jpg 1 11 20 67 67
0506_0010_0009_0025_0025.jpg 1 10 9 25 25
0507_0022_0012_0030_0030.jpg 1 22 12 30 30
0508_0032_0008_0060_0060.jpg 1 32 8 60 60
0509_0029_0018_0049_0049.jpg 1 29 18 49 49
0510_0020_0022_0066_0066.jpg 1 20 22 66 66
0511_0026_0011_0065_0065.jpg 1 26 11 65 65
0512_0009_0023_0037_0037.jpg 1 9 23 37 37
0513_0013_0014_0058_0058.jpg 1 13 14 58 58
0514_0031_0028_0064_0064.jpg 1 31 28 64 64
0515_0021_0003_0069_0069.jpg 1 21 3 69 69
0516_0023_0016_0065_0065.jpg 1 23 16 65 65
0517_0067_0024_0025_0025.jpg 1 67 24 25 25
0518_0034_0008_0048_0048.jpg 1 34 8 48 48
0519_0010_0006_0068_0068.jpg 1 10 6 68 68
0520_0024_0025_0066_0066.jpg 1 24 25 66 66
0521_0036_0017_0041_0041.jpg 1 36 17 41 41
0522_0033_0011_0055_0055.jpg 1 33 11 55 55
0523_0035_0019_0044_0044.jpg 1 35 19 44 44
0524_0046_0039_0048_0048.jpg 1 46 39 48 48
0525_0017_0050_0030_0030.jpg 1 17 50 30 30
0526_0049_0021_0044_0044.jpg 1 49 21 44 44
0527_0016_0049_0025_0025.jpg 1 16 49 25 25
0528_0023_0032_0054_0054.jpg 1 23 32 54 54
0529_0018_0025_0048_0048.jpg 1 18 25 48 48
0530_0009_0058_0033_0033.jpg 1 9 58 33 33
0531_0005_0009_0065_0065.jpg 1 5 9 65 65
0532_0020_0006_0053_0053.jpg 1 20 6 53 53
0533_0020_0014_0051_0051.jpg 1 20 14 51 51
0534_0052_0009_0033_0033.jpg 1 52 9 33 33
0535_0014_0007_0055_0055.jpg 1 14 7 55 55
0536_0047_0021_0035_0035.jpg 1 47 21 35 35
0537_0004_0008_0062_0062.jpg 1 4 8 62 62
0538_0013_0008_0038_0038.jpg 1 13 8 38 38
0539_0007_0008_0055_0055.jpg 1 7 8 55 55
0540_0044_0018_0047_0047.jpg 1 44 18 47 47
0541_0019_0037_0044_0044.jpg 1 19 37 44 44
0542_0027_0009_0046_0046.jpg 1 27 9 46 46
0543_0012_0018_0038_0038.jpg 1 12 18 38 38
0544_0045_0045_0038_0038.jpg 1 45 45 38 38
0545_0048_0051_0041_0041.jpg 1 48 51 41 41
0546_0057_0050_0029_0029.jpg 1 57 50 29 29
0547_0013_0017_0033_0033.jpg 1 13 17 33 33
0548_0028_0016_0047_0047.jpg 1 28 16 47 47
0549_0045_0036_0026_0026.jpg 1 45 36 26 26
0550_0005_0026_0061_0061.jpg 1 5 26 61 61
0551_0030_0029_0065_0065.jpg 1 30 29 65 65
0552_0006_0028_0055_0055.jpg 1 6 28 55 55
0553_0025_0019_0063_0063.jpg 1 25 19 63 63
0554_0004_0009_0069_0069.jpg 1 4 9 69 69
0555_0022_0034_0050_0050.jpg 1 22 34 50 50
0556_0022_0022_0052_0052.jpg 1 22 22 52 52
0557_0028_0010_0042_0042.jpg 1 28 10 42 42
0558_0014_0031_0024_0024.jpg 1 14 31 24 24
0559_0052_0006_0036_0036.jpg 1 52 6 36 36
0560_0016_0014_0054_0054.jpg 1 16 14 54 54
0561_0006_0011_0065_0065.jpg 1 6 11 65 65
0562_0021_0050_0030_0030.jpg 1 21 50 30 30
0563_0013_0031_0053_0053.jpg 1 13 31 53 53
0564_0017_0012_0066_0066.jpg 1 17 12 66 66
0565_0010_0015_0069_0069.jpg 1 10 15 69 69
0566_0047_0046_0032_0032.jpg 1 47 46 32 32
0567_0045_0008_0035_0035.jpg 1 45 8 35 35
0568_0028_0012_0057_0057.jpg 1 28 12 57 57
0569_0036_0011_0056_0056.jpg 1 36 11 56 56
0570_0056_0007_0033_0033.jpg 1 56 7 33 33
0571_0016_0015_0024_0024.jpg 1 16 15 24 24
0572_0014_0009_0068_0068.jpg 1 14 9 68 68
0573_0026_0035_0050_0050.jpg 1 26 35 50 50
0574_0018_0013_0061_0061.jpg 1 18 13 61 61
0575_0023_0006_0062_0062.jpg 1 23 6 62 62
0576_0019_0047_0042_0042.jpg 1 19 47 42 42
0577_0005_0011_0068_0068.jpg 1 5 11 68 68
0578_0040_0005_0055_0055.jpg 1 40 5 55 55
0579_0035_0021_0057_0057.jpg 1 35 21 57 57
0580_0019_0025_0056_0056.jpg 1 19 25 56 56
0581_0040_0007_0034_0034.jpg 1 40 7 34 34
0582_0017_0044_0041_0041.jpg 1 17 44 41 41
0583_0008_0031_0039_0039.jpg 1 8 31 39 39
0584_0048_0019_0030_0030.jpg 1 48 19 30 30
0585_0033_0030_0039_0039.jpg 1 33 30 39 39
0586_0031_0010_0026_0026.jpg 1 31 10 26 26
0587_0015_0009_0041_0041.jpg 1 15 9 41 41
0588_0031_0029_0044_0044.jpg 1 31 29 44 44
0589_0035_0008_0060_0060.jpg 1 35 8 60 60
0590_0041_0020_0046_0046.jpg 1 41 20 46 46
0591_0056_0048_0030_0030.jpg 1 56 48 30 30
0592_0022_0011_0046_0046.jpg 1 22 11 46 46
0593_0045_0021_0044_0044.jpg 1 45 21 44 44
0594_0011_0028_0043_0043.jpg 1 11 28 43 43
0595_0057_0012_0030_0030.jpg 1 57 12 30 30
0596_0021_0018_0047_0047.jpg 1 21 18 47 47
0597_0015_0007_0026_0026.jpg 1 15 7 26 26
0598_0053_0051_0039_0039.jpg 1 53 51 39 39
0599_0027_0050_0038_0038.jpg 1 27 50 38 38
0600_0050_0028_0026_0026.jpg 1 50 28 26 26
0601_0034_0007_0045_0045.jpg 1 34 7 45 45
0602_0034_0031_0061_0061.jpg 1 34 31 61 61
0603_0056_0013_0026_0026.jpg 1 56 13 26 26
0604_0030_0021_0065_0065.jpg 1 30 21 65 65
0605_0028_0046_0041_0041.jpg 1 28 46 41 41
0606_0009_0025_0024_0024.jpg 1 9 25 24 24
0607_0028_0006_0061_0061.jpg 1 28 6 61 61
0608_0041_0040_0044_0044.jpg 1 41 40 44 44
0609_0016_0018_0049_0049.jpg 1 16 18 49 49
0610_0029_0022_0032_0032.jpg 1 29 22 32 32
0611_0050_0047_0041_0041.jpg 1 50 47 41 41
0612_0007_0042_0050_0050.jpg 1 7 42 50 50
0613_0016_0020_0056_0056.jpg 1 16 20 56 56
0614_0016_0036_0048_0048.jpg 1 16 36 48 48
0615_0023_0056_0029_0029.jpg 1 23 56 29 29
0616_0022_0017_0055_0055.jpg 1 22 17 55 55
0617_0053_0025_0037_0037.jpg 1 53 25 37 37
0618_0039_0016_0052_0052.jpg 1 39 16 52 52
0619_0008_0030_0063_0063.jpg 1 8 30 63 63
0620_0058_0020_0025_0025.jpg 1 58 20 25 25
0621_0023_0023_0065_0065.jpg 1 23 23 65 65
0622_0031_0012_0064_0064.jpg 1 31 12 64 64
0623_0014_0024_0067_0067.jpg 1 14 24 67 67
0624_0015_0037_0051_0051.jpg 1 15 37 51 51
0625_0018_0003_0069_0069.jpg 1 18 3 69 69
0626_0026_0011_0055_0055.jpg 1 26 11 55 55
0627_0029_0024_0060_0060.jpg 1 29 24 60 60
0628_0028_0015_0053_0053.jpg 1 28 15 53 53
0629_0029_0028_0067_0067.jpg 1 29 28 67 67
0630_0043_0066_0026_0026.jpg 1 43 66 26 26
0631_0033_0030_0059_0059.jpg 1 33 30 59 59
0632_0056_0049_0034_0034.jpg 1 56 49 34 34
0633_0023_0010_0056_0056.jpg 1 23 10 56 56
0634_0015_0006_0055_0055.jpg 1 15 6 55 55
0635_0043_0011_0043_0043.jpg 1 43 11 43 43
0636_0021_0034_0030_0030.jpg 1 21 34 30 30
0637_0041_0034_0042_0042.jpg 1 41 34 42 42
0638_0015_0022_0068_0068.jpg 1 15 22 68 68
0639_0005_0025_0062_0062.jpg 1 5 25 62 62
0640_0014_0019_0042_0042.jpg 1 14 19 42 42
0641_0035_0022_0060_0060.jpg 1 35 22 60 60
0642_0016_0032_0041_0041.jpg 1 16 32 41 41
0643_0057_0033_0034_0034.jpg 1 57 33 34 34
0644_0016_0031_0051_0051.jpg 1 16 31 51 51
0645_0017_0040_0030_0030.jpg 1 17 40 30 30
0646_0030_0015_0066_0066.jpg 1 30 15 66 66
0647_0044_0017_0030_0030.jpg 1 44 17 30 30
0648_0035_0041_0035_0035.jpg 1 35 41 35 35
0649_0014_0035_0060_0060.jpg 1 14 35 60 60
0650_0026_0026_0062_0062.jpg 1 26 26 62 62
0651_0047_0018_0031_0031.jpg 1 47 18 31 31
0652_0042_0060_0032_0032.jpg 1 42 60 32 32
0653_0025_0008_0068_0068.jpg 1 25 8 68 68
0654_0044_0016_0033_0033.jpg 1 44 16 33 33
0655_0007_0011_0062_0062.jpg 1 7 11 62 62
0656_0007_0045_0037_0037.jpg 1 7 45 37 37
0657_0044_0011_0042_0042.jpg 1 44 11 42 42
0658_0017_0011_0067_0067.jpg 1 17 11 67 67
0659_0023_0016_0066_0066.jpg 1 23 16 66 66
0660_0023_0021_0060_0060.jpg 1 23 21 60 60
0661_0022_0042_0043_0043.jpg 1 22 42 43 43
0662_0019_0006_0064_0064.jpg 1 19 6 64 64
0663_0017_0010_0041_0041.jpg 1 17 10 41 41
0664_0022_0006_0054_0054.jpg 1 22 6 54 54
0665_0013_0051_0036_0036.jpg 1 13 51 36 36
0666_0041_0012_0038_0038.jpg 1 41 12 38 38
0667_0061_0062_0027_0027.jpg 1 61 62 27 27
0668_0016_0014_0030_0030.jpg 1 16 14 30 30
0669_0043_0017_0026_0026.jpg 1 43 17 26 26
0670_0044_0052_0034_0034.jpg 1 44 52 34 34
0671_0041_0050_0036_0036.jpg 1 41 50 36 36
0672_0027_0024_0056_0056.jpg 1 27 24 56 56
0673_0038_0037_0042_0042.jpg 1 38 37 42 42
0674_0011_0046_0047_0047.jpg 1 11 46 47 47
0675_0022_0005_0058_0058.jpg 1 22 5 58 58
0676_0011_0023_0059_0059.jpg 1 11 23 59 59
0677_0026_0012_0053_0053.jpg 1 26 12 53 53
0678_0038_0055_0026_0026.jpg 1 38 55 26 26
0679_0027_0008_0066_0066.jpg 1 27 8 66 66
0680_0038_0024_0057_0057.jpg 1 38 24 57 57
0681_0013_0024_0068_0068.jpg 1 13 24 68 68
0682_0012_0011_0069_0069.jpg 1 12 11 69 69
0683_0032_0054_0036_0036.jpg 1 32 54 36 36
0684_0028_0006_0066_0066.jpg 1 28 6 66 66
0685_0005_0031_0061_0061.jpg 1 5 31 61 61
0686_0007_0035_0058_0058.jpg 1 7 35 58 58
0687_0029_0020_0030_0030.jpg 1 29 20 30 30
0688_0050_0027_0035_0035.jpg 1 50 27 35 35
0689_0009_0010_0047_0047.jpg 1 9 10 47 47
0690_0013_0030_0061_0061.jpg 1 13 30 61 61
0691_0025_0036_0055_0055.jpg 1 25 36 55 55
0692_0062_0025_0026_0026.jpg 1 62 25 26 26
0693_0043_0043_0049_0049.jpg 1 43 43 49 49
0694_0008_0025_0058_0058.jpg 1 8 25 58 58
0695_0045_0038_0027_0027.jpg 1 45 38 27 27
0696_0041_0020_0029_0029.jpg 1 41 20 29 29
0697_0033_0009_0031_0031.jpg 1 33 9 31 31
0698_0021_0028_0065_0065.jpg 1 21 28 65 65
0699_0036_0026_0026_0026.jpg 1 36 26 26 26
0700_0012_0015_0066_0066.jpg 1 12 15 66 66
0701_0037_0051_0028_0028.jpg 1 37 51 28 28
0702_0028_0003_0066_0066.jpg 1 28 3 66 66
0703_0023_0034_0052_0052.jpg 1 23 34 52 52
0704_0046_0053_0035_0035.jpg 1 46 53 35 35
0705_0022_0021_0068_0068.jpg 1 22 21 68 68
0706_0024_0040_0041_0041.jpg 1 24 40 41 41
0707_0024_0026_0061_0061.jpg 1 24 26 61 61
0708_0023_0004_0065_0065.jpg 1 23 4 65 65
0709_0034_0027_0043_0043.jpg 1 34 27 43 43
0710_0012_0015_0033_0033.jpg 1 12 15 33 33
0711_0038_0038_0049_0049.jpg 1 38 38 49 49
0712_0019_0009_0064_0064.jpg 1 19 9 64 64
0713_0010_0012_0042_0042.jpg 1 10 12 42 42
0714_0027_0050_0038_0038.jpg 1 27 50 38 38
0715_0057_0030_0032_0032.jpg 1 57 30 32 32
0716_0015_0036_0041_0041.jpg 1 15 36 41 41
0717_0025_0021_0054_0054.jpg 1 25 21 54 54
0718_0009_0011_0024_0024.jpg 1 9 11 24 24
0719_0041_0009_0054_0054.jpg 1 41 9 54 54
0720_0022_0021_0068_0068.jpg 1 22 21 68 68
0721_0009_0018_0046_0046.jpg 1 9 18 46 46
0722_0051_0045_0033_0033.jpg 1 51 45 33 33
0723_0011_0047_0042_0042.jpg 1 11 47 42 42
0724_0027_0014_0067_0067.jpg 1 27 14 67 67
0725_0046_0052_0041_0041.jpg 1 46 52 41 41
0726_0023_0028_0048_0048.jpg 1 23 28 48 48
0727_0027_0037_0054_0054.jpg 1 27 37 54 54
0728_0020_0044_0046_0046.jpg 1 20 44 46 46
0729_0018_0027_0050_0050.jpg 1 18 27 50 50
0730_0007_0023_0034_0034.jpg 1 7 23 34 34
0731_0022_0057_0031_0031.jpg 1 22 57 31 31
0732_0017_0009_0047_0047.jpg 1 17 9 47 47
0733_0011_0031_0037_0037.jpg 1 11 31 37 37
0734_0011_0040_0055_0055.jpg 1 11 40 55 55
0735_0019_0019_0059_0059.jpg 1 19 19 59 59
0736_0018_0007_0059_0059.jpg 1 18 7 59 59
0737_0023_0045_0024_0024.jpg 1 23 45 24 24
0738_0030_0021_0057_0057.jpg 1 30 21 57 57
0739_0033_0039_0026_0026.jpg 1 33 39 26 26
0740_0043_0056_0034_0034.jpg 1 43 56 34 34
0741_0032_0038_0054_0054.jpg 1 32 38 54 54
0742_0021_0022_0068_0068.jpg 1 21 22 68 68
0743_0040_0011_0046_0046.jpg 1 40 11 46 46
0744_0013_0011_0055_0055.jpg 1 13 11 55 55
0745_0013_0009_0066_0066.jpg 1 13 9 66 66
0746_0006_0009_0054_0054.jpg 1 6 9 54 54
0747_0012_0012_0047_0047.jpg 1 12 12 47 47
0748_0004_0005_0065_0065.jpg 1 4 5 65 65
0749_0040_0015_0046_0046.jpg 1 40 15 46 46
0750_0042_0008_0032_0032.jpg 1 42 8 32 32
0751_0016_0044_0025_0025.jpg 1 16 44 25 25
0752_0013_0028_0062_0062.jpg 1 13 28 62 62
0753_0018_0013_0068_0068.jpg 1 18 13 68 68
0754_0043_0052_0025_0025.jpg 1 43 52 25 25
0755_0033_0006_0036_0036.jpg 1 33 6 36 36
0756_0018_0030_0061_0061.jpg 1 18 30 61 61
0757_0032_0015_0062_0062.jpg 1 32 15 62 62
0758_0011_0026_0063_0063.jpg 1 11 26 63 63
0759_0013_0027_0067_0067.jpg 1 13 27 67 67
0760_0056_0015_0025_0025.jpg 1 56 15 25 25
0761_0031_0044_0033_0033.jpg 1 31 44 33 33
0762_0026_0005_0069_0069.jpg 1 26 5 69 69
0763_0037_0041_0046_0046.jpg 1 37 41 46 46
0764_0018_0025_0068_0068.jpg 1 18 25 68 68
0765_0025_0035_0024_0024.jpg 1 25 35 24 24
0766_0039_0026_0040_0040.jpg 1 39 26 40 40
0767_0031_0025_0041_0041.jpg 1 31 25 41 41
0768_0009_0009_0055_0055.jpg 1 9 9 55 55
0769_0019_0038_0056_0056.jpg 1 19 38 56 56
0770_0051_0060_0027_0027.jpg 1 51 60 27 27
0771_0017_0007_0068_0068.jpg 1 17 7 68 68
0772_0007_0033_0053_0053.jpg 1 7 33 53 53
0773_0009_0017_0069_0069.jpg 1 9 17 69 69
0774_0027_0021_0051_0051.jpg 1 27 21 51 51
0775_0047_0028_0037_0037.jpg 1 47 28 37 37
0776_0021_0018_0052_0052.jpg 1 21 18 52 52
0777_0052_0053_0037_0037.jpg 1 52 53 37 37
0778_0018_0032_0056_0056.jpg 1 18 32 56 56
0779_0029_0004_0065_0065.jpg 1 29 4 65 65
0780_0011_0033_0051_0051.jpg 1 11 33 51 51
0781_0056_0061_0030_0030.jpg 1 56 61 30 30
0782_0050_0008_0037_0037.jpg 1 50 8 37 37
0783_0012_0027_0043_0043.jpg 1 12 27 43 43
0784_0034_0006_0042_0042.jpg 1 34 6 42 42
0785_0042_0037_0041_0041.jpg 1 42 37 41 41
0786_0004_0021_0067_0067.jpg 1 4 21 67 67
0787_0030_0006_0049_0049.jpg 1 30 6 49 49
0788_0030_0031_0024_0024.jpg 1 30 31 24 24
0789_0021_0028_0054_0054.jpg 1 21 28 54 54
0790_0017_0065_0024_0024.jpg 1 17 65 24 24
0791_0031_0040_0047_0047.jpg 1 31 40 47 47
0792_0038_0031_0046_0046.jpg 1 38 31 46 46
0793_0047_0044_0040_0040.jpg 1 47 44 40 40
0794_0014_0016_0068_0068.jpg 1 14 16 68 68
0795_0004_0010_0059_0059.jpg 1 4 10 59 59
0796_0041_0018_0036_0036.jpg 1 41 18 36 36
0797_0029_0034_0052_0052.jpg 1 29 34 52 52
0798_0015_0022_0064_0064.jpg 1 15 22 64 64
0799_0012_0012_0052_0052.jpg 1 12 12 52 52
0800_0051_0023_0026_0026.jpg 1 51 23 26 26
0801_0027_0007_0067_0067.jpg 1 27 7 67 67
0802_0011_0038_0056_0056.jpg 1 11 38 56 56
0803_0017_0007_0066_0066.jpg 1 17 7 66 66
0804_0021_0034_0033_0033.jpg 1 21 34 33 33
0805_0018_0048_0043_0043.jpg 1 18 48 43 43
0806_0019_0016_0063_0063.jpg 1 19 16 63 63
0807_0007_0043_0046_0046.jpg 1 7 43 46 46
0808_0018_0033_0050_0050.jpg 1 18 33 50 50
0809_0009_0024_0044_0044.jpg 1 9 24 44 44
0810_0011_0035_0040_0040.jpg 1 11 35 40 40
0811_0050_0028_0039_0039.jpg 1 50 28 39 39
0812_0007_0025_0057_0057.jpg 1 7 25 57 57
0813_0051_0047_0037_0037.jpg 1 51 47 37 37
0814_0033_0012_0062_0062.jpg 1 33 12 62 62
0815_0015_0022_0047_0047.jpg 1 15 22 47 47
0816_0019_0011_0063_0063.jpg 1 19 11 63 63
0817_0019_0010_0068_0068.jpg 1 19 10 68 68
0818_0013_0035_0052_0052.jpg 1 13 35 52 52
0819_0039_0053_0031_0031.jpg 1 39 53 31 31
0820_0055_0041_0037_0037.jpg 1 55 41 37 37
0821_0036_0004_0055_0055.jpg 1 36 4 55 55
0822_0052_0047_0036_0036.jpg 1 52 47 36 36
0823_0042_0034_0027_0027.jpg 1 42 34 27 27
0824_0037_0051_0035_0035.jpg 1 37 51 35 35
0825_0015_0029_0062_0062.jpg 1 15 29 62 62
0826_0012_0005_0069_0069.jpg 1 12 5 69 69
0827_0018_0041_0048_0048.jpg 1 18 41 48 48
0828_0014_0023_0032_0032.jpg 1 14 23 32 32
0829_0022_0029_0044_0044.jpg 1 22 29 44 44
0830_0014_0030_0062_0062.jpg 1 14 30 62 62
0831_0030_0038_0041_0041.jpg 1 30 38 41 41
0832_0035_0059_0028_0028.jpg 1 35 59 28 28
0833_0018_0035_0046_0046.jpg 1 18 35 46 46
0834_0011_0026_0044_0044.jpg 1 11 26 44 44
0835_0023_0003_0064_0064.jpg 1 23 3 64 64
0836_0018_0008_0056_0056.jpg 1 18 8 56 56
0837_0024_0017_0028_0028.jpg 1 24 17 28 28
0838_0010_0008_0054_0054.jpg 1 10 8 54 54
0839_0024_0026_0053_0053.jpg 1 24 26 53 53
0840_0019_0023_0065_0065.jpg 1 19 23 65 65
0841_0032_0023_0029_0029.jpg 1 32 23 29 29
0842_0024_0017_0028_0028.jpg 1 24 17 28 28
0843_0021_0029_0035_0035.jpg 1 21 29 35 35
0844_0037_0030_0055_0055.jpg 1 37 30 55 55
0845_0006_0055_0036_0036.jpg 1 6 55 36 36
0846_0020_0012_0027_0027.jpg 1 20 12 27 27
0847_0018_0033_0056_0056.jpg 1 18 33 56 56
0848_0010_0042_0053_0053.jpg 1 10 42 53 53
0849_0024_0022_0057_0057.jpg 1 24 22 57 57
0850_0007_0025_0039_0039.jpg 1 7 25 39 39
0851_0049_0022_0029_0029.jpg 1 49 22 29 29
0852_0065_0037_0026_0026.jpg 1 65 37 26 26
0853_0017_0016_0040_0040.jpg 1 17 16 40 40
0854_0009_0035_0041_0041.jpg 1 9 35 41 41
0855_0015_0024_0061_0061.jpg 1 15 24 61 61
0856_0030_0005_0052_0052.jpg 1 30 5 52 52
0857_0013_0032_0045_0045.jpg 1 13 32 45 45
0858_0026_0006_0053_0053.jpg 1 26 6 53 53
0859_0019_0022_0063_0063.jpg 1 19 22 63 63
0860_0016_0048_0044_0044.jpg 1 16 48 44 44
0861_0012_0009_0068_0068.jpg 1 12 9 68 68
0862_0034_0034_0037_0037.jpg 1 34 34 37 37
0863_0023_0034_0057_0057.jpg 1 23 34 57 57
0864_0038_0010_0045_0045.jpg 1 38 10 45 45
0865_0064_0041_0027_0027.jpg 1 64 41 27 27
0866_0016_0006_0068_0068.jpg 1 16 6 68 68
0867_0020_0013_0060_0060.jpg 1 20 13 60 60
0868_0046_0007_0038_0038.jpg 1 46 7 38 38
0869_0034_0046_0044_0044.jpg 1 34 46 44 44
0870_0016_0007_0063_0063.jpg 1 16 7 63 63
0871_0032_0028_0064_0064.jpg 1 32 28 64 64
0872_0032_0010_0039_0039.jpg 1 32 10 39 39
0873_0013_0015_0044_0044.jpg 1 13 15 44 44
0874_0020_0043_0050_0050.jpg 1 20 43 50 50
0875_0007_0003_0066_0066.jpg 1 7 3 66 66
0876_0006_0037_0044_0044.jpg 1 6 37 44 44
0877_0018_0015_0067_0067.jpg 1 18 15 67 67
0878_0045_0049_0043_0043.jpg 1 45 49 43 43
0879_0008_0005_0068_0068.jpg 1 8 5 68 68
0880_0063_0047_0025_0025.jpg 1 63 47 25 25
0881_0021_0007_0059_0059.jpg 1 21 7 59 59
0882_0049_0039_0045_0045.jpg 1 49 39 45 45
0883_0038_0015_0050_0050.jpg 1 38 15 50 50
0884_0006_0029_0064_0064.jpg 1 6 29 64 64
0885_0032_0007_0036_0036.jpg 1 32 7 36 36
0886_0017_0022_0067_0067.jpg 1 17 22 67 67
0887_0037_0039_0032_0032.jpg 1 37 39 32 32
0888_0022_0047_0047_0047.jpg 1 22 47 47 47
0889_0016_0024_0061_0061.jpg 1 16 24 61 61
0890_0014_0056_0030_0030.jpg 1 14 56 30 30
0891_0043_0010_0035_0035.jpg 1 43 10 35 35
0892_0012_0019_0038_0038.jpg 1 12 19 38 38
0893_0018_0039_0030_0030.jpg 1 18 39 30 30
0894_0010_0055_0027_0027.jpg 1 10 55 27 27
0895_0046_0040_0024_0024.jpg 1 46 40 24 24
0896_0024_0029_0058_0058.jpg 1 24 29 58 58
0897_0024_0008_0063_0063.jpg 1 24 8 63 63
0898_0025_0020_0069_0069.jpg 1 25 20 69 69
0899_0023_0013_0068_0068.jpg 1 23 13 68 68
0900_0017_0015_0056_0056.jpg 1 17 15 56 56
0901_0017_0027_0067_0067.jpg 1 17 27 67 67
0902_0020_0038_0036_0036.jpg 1 20 38 36 36
0903_0006_0032_0063_0063.jpg 1 6 32 63 63
0904_0047_0034_0035_0035.jpg 1 47 34 35 35
0905_0029_0021_0057_0057.jpg 1 29 21 57 57
0906_0025_0011_0065_0065.jpg 1 25 11 65 65
0907_0012_0029_0060_0060.jpg 1 12 29 60 60
0908_0012_0023_0056_0056.jpg 1 12 23 56 56
0909_0021_0010_0069_0069.jpg 1 21 10 69 69
0910_0008_0015_0050_0050.jpg 1 8 15 50 50
0911_0007_0016_0069_0069.jpg 1 7 16 69 69
0912_0039_0042_0033_0033.jpg 1 39 42 33 33
0913_0048_0029_0028_0028.jpg 1 48 29 28 28
0914_0024_0021_0066_0066.jpg 1 24 21 66 66
0915_0017_0031_0061_0061.jpg 1 17 31 61 61
0916_0019_0027_0048_0048.jpg 1 19 27 48 48
0917_0026_0023_0068_0068.jpg 1 26 23 68 68
0918_0052_0055_0035_0035.jpg 1 52 55 35 35
0919_0013_0020_0069_0069.jpg 1 13 20 69 69
0920_0024_0036_0035_0035.jpg 1 24 36 35 35
0921_0020_0046_0042_0042.jpg 1 20 46 42 42
0922_0008_0026_0044_0044.jpg 1 8 26 44 44
0923_0034_0017_0054_0054.jpg 1 34 17 54 54
0924_0025_0008_0053_0053.jpg 1 25 8 53 53
0925_0052_0019_0033_0033.jpg 1 52 19 33 33
0926_0030_0013_0063_0063.jpg 1 30 13 63 63
0927_0033_0028_0043_0043.jpg 1 33 28 43 43
0928_0041_0036_0051_0051.jpg 1 41 36 51 51
0929_0042_0007_0049_0049.jpg 1 42 7 49 49
0930_0013_0007_0034_0034.jpg 1 13 7 34 34
0931_0019_0034_0041_0041.jpg 1 19 34 41 41
0932_0040_0005_0053_0053.jpg 1 40 5 53 53
0933_0027_0023_0050_0050.jpg 1 27 23 50 50
0934_0052_0025_0036_0036.jpg 1 52 25 36 36
0935_0024_0043_0042_0042.jpg 1 24 43 42 42
0936_0025_0012_0032_0032.jpg 1 25 12 32 32
0937_0010_0031_0052_0052.jpg 1 10 31 52 52
0938_0054_0052_0037_0037.jpg 1 54 52 37 37
0939_0013_0010_0037_0037.jpg 1 13 10 37 37
0940_0008_0012_0052_0052.jpg 1 8 12 52 52
0941_0066_0047_0025_0025.jpg 1 66 47 25 25
0942_0034_0057_0034_0034.jpg 1 34 57 34 34
0943_0061_0034_0024_0024.jpg 1 61 34 24 24
0944_0019_0021_0038_0038.jpg 1 19 21 38 38
0945_0019_0019_0036_0036.jpg 1 19 19 36 36
0946_0019_0028_0060_0060.jpg 1 19 28 60 60
0947_0043_0012_0051_0051.jpg 1 43 12 51 51
0948_0024_0050_0030_0030.jpg 1 24 50 30 30
0949_0033_0023_0058_0058.jpg 1 33 23 58 58
0950_0011_0014_0034_0034.jpg 1 11 14 34 34
0951_0014_0019_0058_0058.jpg 1 14 19 58 58
0952_0018_0014_0065_0065.jpg 1 18 14 65 65
0953_0015_0011_0060_0060.jpg 1 15 11 60 60
0954_0021_0039_0035_0035.jpg 1 21 39 35 35
0955_0024_0007_0053_0053.jpg 1 24 7 53 53
0956_0058_0051_0029_0029.jpg 1 58 51 29 29
0957_0014_0015_0024_0024.jpg 1 14 15 24 24
0958_0012_0027_0067_0067.jpg 1 12 27 67 67
0959_0048_0019_0045_0045.jpg 1 48 19 45 45
0960_0059_0052_0028_0028.jpg 1 59 52 28 28
0961_0038_0005_0053_0053.jpg 1 38 5 53 53
0962_0016_0008_0064_0064.jpg 1 16 8 64 64
0963_0042_0017_0047_0047.jpg 1 42 17 47 47
0964_0017_0023_0062_0062.jpg 1 17 23 62 62
0965_0006_0035_0039_0039.jpg 1 6 35 39 39
0966_0030_0012_0053_0053.jpg 1 30 12 53 53
0967_0029_0013_0048_0048.jpg 1 29 13 48 48
0968_0021_0011_0056_0056.jpg 1 21 11 56 56
0969_0038_0027_0055_0055.jpg 1 38 27 55 55
0970_0013_0011_0044_0044.jpg 1 13 11 44 44
0971_0047_0018_0032_0032.jpg 1 47 18 32 32
0972_0008_0018_0058_0058.jpg 1 8 18 58 58
0973_0021_0017_0048_0048.jpg 1 21 17 48 48
0974_0055_0056_0034_0034.jpg 1 55 56 34 34
0975_0039_0021_0028_0028.jpg 1 39 21 28 28
0976_0007_0009_0067_0067.jpg 1 7 9 67 67
0977_0014_0026_0024_0024.jpg 1 14 26 24 24
0978_0025_0006_0065_0065.jpg 1 25 6 65 65
0979_0012_0034_0059_0059.jpg 1 12 34 59 59
0980_0016_0027_0054_0054.jpg 1 16 27 54 54
0981_0009_0028_0039_0039.jpg 1 9 28 39 39
0982_0025_0011_0055_0055.jpg 1 25 11 55 55
0983_0043_0057_0024_0024.jpg 1 43 57 24 24
0984_0040_0006_0048_0048.jpg 1 40 6 48 48
0985_0010_0040_0048_0048.jpg 1 10 40 48 48
0986_0021_0024_0024_0024.jpg 1 21 24 24 24
0987_0054_0019_0025_0025.jpg 1 54 19 25 25
0988_0023_0008_0063_0063.jpg 1 23 8 63 63
0989_0019_0037_0049_0049.jpg 1 19 37 49 49
0990_0005_0028_0048_0048.jpg 1 5 28 48 48
0991_0026_0043_0038_0038.jpg 1 26 43 38 38
0992_0006_0038_0054_0054.jpg 1 6 38 54 54
0993_0040_0029_0047_0047.jpg 1 40 29 47 47
0994_0027_0017_0069_0069.jpg 1 27 17 69 69
0995_0022_0040_0049_0049.jpg 1 22 40 49 49
0996_0016_0035_0054_0054.jpg 1 16 35 54 54
0997_0012_0003_0069_0069.jpg 1 12 3 69 69
0998_0013_0028_0067_0067.jpg 1 13 28 67 67
0999_0036_0025_0050_0050.jpg 1 36 25 50 50
1000_0012_0008_0060_0060.jpg 1 12 8 60 60
1001_0048_0048_0036_0036.jpg 1 48 48 36 36
1002_0029_0007_0047_0047.jpg 1 29 7 47 47
1003_0006_0008_0067_0067.jpg 1 6 8 67 67
1004_0006_0022_0063_0063.jpg 1 6 22 63 63
1005_0020_0021_0067_0067.jpg 1 20 21 67 67
1006_0022_0014_0029_0029.jpg 1 22 14 29 29
1007_0038_0049_0041_0041.jpg 1 38 49 41 41
1008_0037_0023_0032_0032.jpg 1 37 23 32 32
1009_0011_0012_0064_0064.jpg 1 11 12 64 64
1010_0028_0013_0033_0033.jpg 1 28 13 33 33
1011_0027_0044_0034_0034.jpg 1 27 44 34 34
1012_0018_0033_0063_0063.jpg 1 18 33 63 63
1013_0016_0020_0067_0067.jpg 1 16 20 67 67
1014_0006_0032_0053_0053.jpg 1 6 32 53 53
1015_0013_0010_0044_0044.jpg 1 13 10 44 44
1016_0013_0044_0028_0028.jpg 1 13 44 28 28
1017_0028_0030_0063_0063.jpg 1 28 30 63 63
1018_0020_0039_0040_0040.jpg 1 20 39 40 40
1019_0017_0041_0038_0038.jpg 1 17 41 38 38
1020_0031_0005_0052_0052.jpg 1 31 5 52 52
1021_0040_0020_0048_0048.jpg 1 40 20 48 48
1022_0021_0043_0043_0043.jpg 1 21 43 43 43
1023_0058_0041_0030_0030.jpg 1 58 41 30 30
1024_0021_0012_0041_0041.jpg 1 21 12 41 41
1025_0038_0022_0056_0056.jpg 1 38 22 56 56
1026_0028_0046_0027_0027.jpg 1 28 46 27 27
1027_0023_0024_0053_0053.jpg 1 23 24 53 53
1028_0045_0009_0044_0044.jpg 1 45 9 44 44
1029_0033_0024_0034_0034.jpg 1 33 24 34 34
1030_0032_0018_0057_0057.jpg 1 32 18 57 57
1031_0027_0061_0024_0024.jpg 1 27 61 24 24
1032_0037_0026_0033_0033.jpg 1 37 26 33 33
1033_0039_0013_0050_0050.jpg 1 39 13 50 50
1034_0006_0016_0052_0052.jpg 1 6 16 52 52
1035_0017_0017_0069_0069.jpg 1 17 17 69 69
1036_0006_0014_0064_0064.jpg 1 6 14 64 64
1037_0050_0016_0039_0039.jpg 1 50 16 39 39
1038_0013_0031_0024_0024.jpg 1 13 31 24 24
1039_0023_0007_0046_0046.jpg 1 23 7 46 46
1040_0006_0040_0052_0052.jpg 1 6 40 52 52
1041_0013_0029_0067_0067.jpg 1 13 29 67 67
1042_0033_0036_0059_0059.jpg 1 33 36 59 59
1043_0011_0014_0067_0067.jpg 1 11 14 67 67
1044_0033_0040_0030_0030.jpg 1 33 40 30 30
1045_0008_0023_0027_0027.jpg 1 8 23 27 27
1046_0009_0015_0047_0047.jpg 1 9 15 47 47
1047_0012_0017_0031_0031.jpg 1 12 17 31 31
1048_0007_0015_0066_0066.jpg 1 7 15 66 66
1049_0014_0012_0033_0033.jpg 1 14 12 33 33
1050_0019_0022_0066_0066.jpg 1 19 22 66 66
1051_0008_0015_0062_0062.jpg 1 8 15 62 62
1052_0010_0029_0035_0035.jpg 1 10 29 35 35
1053_0041_0016_0049_0049.jpg 1 41 16 49 49
1054_0039_0009_0031_0031.jpg 1 39 9 31 31
1055_0013_0027_0050_0050.jpg 1 13 27 50 50
1056_0015_0030_0062_0062.jpg 1 15 30 62 62
1057_0016_0046_0036_0036.jpg 1 16 46 36 36
1058_0010_0026_0031_0031.jpg 1 10 26 31 31
1059_0035_0013_0045_0045.jpg 1 35 13 45 45
1060_0047_0037_0031_0031.jpg 1 47 37 31 31
1061_0020_0043_0043_0043.jpg 1 20 43 43 43
1062_0026_0043_0046_0046.jpg 1 26 43 46 46
1063_0036_0012_0055_0055.jpg 1 36 12 55 55
1064_0039_0057_0034_0034.jpg 1 39 57 34 34
1065_0016_0034_0056_0056.jpg 1 16 34 56 56
1066_0027_0019_0029_0029.jpg 1 27 19 29 29
1067_0012_0041_0030_0030.jpg 1 12 41 30 30
1068_0033_0060_0027_0027.jpg 1 33 60 27 27
1069_0004_0006_0064_0064.jpg 1 4 6 64 64
1070_0005_0010_0068_0068.jpg 1 5 10 68 68
1071_0008_0010_0057_0057.jpg 1 8 10 57 57
1072_0052_0022_0032_0032.jpg 1 52 22 32 32
1073_0020_0020_0061_0061.jpg 1 20 20 61 61
1074_0014_0011_0059_0059.jpg 1 14 11 59 59
1075_0013_0011_0063_0063.jpg 1 13 11 63 63
1076_0019_0013_0061_0061.jpg 1 19 13 61 61
1077_0014_0015_0050_0050.jpg 1 14 15 50 50
1078_0033_0021_0024_0024.jpg 1 33 21 24 24
1079_0043_0043_0037_0037.jpg 1 43 43 37 37
1080_0025_0018_0061_0061.jpg 1 25 18 61 61
1081_0043_0030_0048_0048.jpg 1 43 30 48 48
1082_0018_0015_0059_0059.jpg 1 18 15 59 59
1083_0008_0058_0035_0035.jpg 1 8 58 35 35
1084_0028_0014_0047_0047.jpg 1 28 14 47 47
1085_0020_0023_0061_0061.jpg 1 20 23 61 61
1086_0008_0043_0026_0026.jpg 1 8 43 26 26
1087_0006_0018_0062_0062.jpg 1 6 18 62 62
1088_0004_0010_0062_0062.jpg 1 4 10 62 62
1089_0013_0011_0068_0068.jpg 1 13 11 68 68
1090_0045_0008_0038_0038.jpg 1 45 8 38 38
1091_0058_0061_0031_0031.jpg 1 58 61 31 31
1092_0024_0008_0062_0062.jpg 1 24 8 62 62
1093_0010_0031_0058_0058.jpg 1 10 31 58 58
1094_0039_0027_0035_0035.jpg 1 39 27 35 35
1095_0022_0020_0063_0063.jpg 1 22 20 63 63
1096_0011_0055_0036_0036.jpg 1 11 55 36 36
1097_0014_0030_0062_0062.jpg 1 14 30 62 62
1098_0007_0035_0048_0048.jpg 1 7 35 48 48
1099_0025_0027_0043_0043.jpg 1 25 27 43 43
1100_0028_0011_0062_0062.jpg 1 28 11 62 62
1101_0016_0025_0063_0063.jpg 1 16 25 63 63
1102_0011_0026_0060_0060.jpg 1 11 26 60 60
1103_0032_0032_0059_0059.jpg 1 32 32 59 59
1104_0011_0043_0041_0041.jpg 1 11 43 41 41
1105_0016_0010_0061_0061.jpg 1 16 10 61 61
1106_0023_0014_0069_0069.jpg 1 23 14 69 69
1107_0017_0027_0024_0024.jpg 1 17 27 24 24
1108_0007_0035_0052_0052.jpg 1 7 35 52 52
1109_0037_0060_0029_0029.jpg 1 37 60 29 29
1110_0041_0044_0025_0025.jpg 1 41 44 25 25
1111_0036_0012_0059_0059.jpg 1 36 12 59 59
1112_0007_0008_0039_0039.jpg 1 7 8 39 39
1113_0043_0011_0050_0050.jpg 1 43 11 50 50
1114_0016_0048_0039_0039.jpg 1 16 48 39 39
1115_0023_0017_0031_0031.jpg 1 23 17 31 31
1116_0028_0049_0032_0032.jpg 1 28 49 32 32
1117_0015_0005_0045_0045.jpg 1 15 5 45 45
1118_0059_0063_0024_0024.jpg 1 59 63 24 24
1119_0041_0043_0033_0033.jpg 1 41 43 33 33
1120_0015_0015_0028_0028.jpg 1 15 15 28 28
1121_0041_0039_0032_0032.jpg 1 41 39 32 32
1122_0016_0039_0036_0036.jpg 1 16 39 36 36
1123_0012_0047_0029_0029.jpg 1 12 47 29 29
1124_0004_0020_0064_0064.jpg 1 4 20 64 64
1125_0036_0015_0035_0035.jpg 1 36 15 35 35
1126_0005_0028_0066_0066.jpg 1 5 28 66 66
1127_0017_0029_0047_0047.jpg 1 17 29 47 47
1128_0041_0056_0029_0029.jpg 1 41 56 29 29
1129_0040_0030_0047_0047.jpg 1 40 30 47 47
1130_0029_0015_0042_0042.jpg 1 29 15 42 42
1131_0026_0018_0052_0052.jpg 1 26 18 52 52
1132_0014_0012_0057_0057.jpg 1 14 12 57 57
1133_0009_0028_0058_0058.jpg 1 9 28 58 58
1134_0021_0054_0034_0034.jpg 1 21 54 34 34
1135_0025_0024_0067_0067.jpg 1 25 24 67 67
1136_0010_0038_0052_0052.jpg 1 10 38 52 52
1137_0040_0011_0030_0030.jpg 1 40 11 30 30
1138_0012_0034_0047_0047.jpg 1 12 34 47 47
1139_0037_0035_0050_0050.jpg 1 37 35 50 50
1140_0025_0038_0028_0028.jpg 1 25 38 28 28
1141_0031_0022_0051_0051.jpg 1 31 22 51 51
1142_0030_0029_0063_0063.jpg 1 30 29 63 63
1143_0022_0007_0059_0059.jpg 1 22 7 59 59
1144_0009_0036_0053_0053.jpg 1 9 36 53 53
1145_0005_0039_0050_0050.jpg 1 5 39 50 50
1146_0042_0045_0029_0029.jpg 1 42 45 29 29
1147_0040_0014_0036_0036.jpg 1 40 14 36 36
1148_0043_0051_0027_0027.jpg 1 43 51 27 27
1149_0026_0039_0053_0053.jpg 1 26 39 53 53
1150_0035_0018_0038_0038.jpg 1 35 18 38 38
1151_0013_0006_0043_0043.jpg 1 13 6 43 43
1152_0043_0010_0049_0049.jpg 1 43 10 49 49
1153_0019_0031_0049_0049.jpg 1 19 31 49 49
1154_0043_0015_0024_0024.jpg 1 43 15 24 24
1155_0020_0018_0041_0041.jpg 1 20 18 41 41
1156_0029_0005_0064_0064.jpg 1 29 5 64 64
1157_0022_0014_0041_0041.jpg 1 22 14 41 41
1158_0024_0049_0033_0033.jpg 1 24 49 33 33
1159_0009_0049_0033_0033.jpg 1 9 49 33 33
1160_0055_0044_0033_0033.jpg 1 55 44 33 33
1161_0042_0028_0031_0031.jpg 1 42 28 31 31
1162_0049_0015_0028_0028.jpg 1 49 15 28 28
1163_0038_0021_0037_0037.jpg 1 38 21 37 37
1164_0040_0041_0054_0054.jpg 1 40 41 54 54
1165_0027_0026_0039_0039.jpg 1 27 26 39 39
1166_0031_0046_0029_0029.jpg 1 31 46 29 29
1167_0030_0024_0025_0025.jpg 1 30 24 25 25
1168_0046_0027_0046_0046.jpg 1 46 27 46 46
1169_0008_0018_0056_0056.jpg 1 8 18 56 56
1170_0062_0034_0025_0025.jpg 1 62 34 25 25
1171_0021_0033_0042_0042.jpg 1 21 33 42 42
1172_0015_0017_0046_0046.jpg 1 15 17 46 46
1173_0022_0014_0053_0053.jpg 1 22 14 53 53
1174_0025_0067_0024_0024.jpg 1 25 67 24 24
1175_0043_0028_0026_0026.jpg 1 43 28 26 26
1176_0026_0027_0030_0030.jpg 1 26 27 30 30
1177_0012_0011_0026_0026.jpg 1 12 11 26 26
1178_0050_0033_0031_0031.jpg 1 50 33 31 31
1179_0010_0003_0062_0062.jpg 1 10 3 62 62
1180_0017_0026_0050_0050.jpg 1 17 26 50 50
1181_0021_0059_0031_0031.jpg 1 21 59 31 31
1182_0027_0038_0028_0028.jpg 1 27 38 28 28
1183_0024_0018_0045_0045.jpg 1 24 18 45 45
1184_0038_0042_0050_0050.jpg 1 38 42 50 50
1185_0022_0017_0053_0053.jpg 1 22 17 53 53
1186_0029_0036_0058_0058.jpg 1 29 36 58 58
1187_0018_0004_0067_0067.jpg 1 18 4 67 67
1188_0026_0024_0060_0060.jpg 1 26 24 60 60
1189_0013_0012_0051_0051.jpg 1 13 12 51 51
1190_0041_0014_0045_0045.jpg 1 41 14 45 45
1191_0008_0027_0027_0027.jpg 1 8 27 27 27
1192_0058_0011_0024_0024.jpg 1 58 11 24 24
1193_0050_0017_0034_0034.jpg 1 50 17 34 34
1194_0034_0014_0049_0049.jpg 1 34 14 49 49
1195_0013_0011_0065_0065.jpg 1 13 11 65 65
1196_0031_0016_0026_0026.jpg 1 31 16 26 26
1197_0038_0025_0036_0036.jpg 1 38 25 36 36
1198_0017_0038_0028_0028.jpg 1 17 38 28 28
1199_0028_0006_0045_0045.jpg 1 28 6 45 45
1200_0004_0034_0059_0059.jpg 1 4 34 59 59
1201_0028_0013_0044_0044.jpg 1 28 13 44 44
1202_0017_0009_0052_0052.jpg 1 17 9 52 52
1203_0029_0032_0048_0048.jpg 1 29 32 48 48
1204_0039_0053_0033_0033.jpg 1 39 53 33 33
1205_0026_0015_0057_0057.jpg 1 26 15 57 57
1206_0027_0024_0066_0066.jpg 1 27 24 66 66
1207_0011_0008_0067_0067.jpg 1 11 8 67 67
1208_0039_0031_0054_0054.jpg 1 39 31 54 54
1209_0052_0026_0028_0028.jpg 1 52 26 28 28
1210_0065_0052_0025_0025.jpg 1 65 52 25 25
1211_0050_0020_0024_0024.jpg 1 50 20 24 24
1212_0013_0033_0041_0041.jpg 1 13 33 41 41
1213_0053_0041_0040_0040.jpg 1 53 41 40 40
1214_0033_0028_0040_0040.jpg 1 33 28 40 40
1215_0029_0012_0029_0029.jpg 1 29 12 29 29
1216_0011_0034_0044_0044.jpg 1 11 34 44 44
1217_0040_0027_0054_0054.jpg 1 40 27 54 54
1218_0048_0033_0032_0032.jpg 1 48 33 32 32
1219_0054_0032_0032_0032.jpg 1 54 32 32 32
1220_0012_0044_0033_0033.jpg 1 12 44 33 33
1221_0044_0013_0032_0032.jpg 1 44 13 32 32
1222_0047_0021_0033_0033.jpg 1 47 21 33 33
1223_0032_0014_0043_0043.jpg 1 32 14 43 43
1224_0015_0014_0069_0069.jpg 1 15 14 69 69
1225_0036_0041_0049_0049.jpg 1 36 41 49 49
1226_0030_0011_0057_0057.jpg 1 30 11 57 57
1227_0019_0020_0066_0066.jpg 1 19 20 66 66
1228_0005_0010_0062_0062.jpg 1 5 10 62 62
1229_0007_0015_0065_0065.jpg 1 7 15 65 65
1230_0050_0050_0042_0042.jpg 1 50 50 42 42
1231_0016_0037_0056_0056.jpg 1 16 37 56 56
1232_0031_0026_0048_0048.jpg 1 31 26 48 48
1233_0012_0023_0024_0024.jpg 1 12 23 24 24
1234_0005_0011_0050_0050.jpg 1 5 11 50 50
1235_0059_0033_0026_0026.jpg 1 59 33 26 26
1236_0049_0026_0028_0028.jpg 1 49 26 28 28
1237_0058_0051_0030_0030.jpg 1 58 51 30 30
1238_0022_0036_0056_0056.jpg 1 22 36 56 56
1239_0023_0009_0038_0038.jpg 1 23 9 38 38
1240_0041_0015_0031_0031.jpg 1 41 15 31 31
1241_0033_0020_0034_0034.jpg 1 33 20 34 34
1242_0036_0019_0051_0051.jpg 1 36 19 51 51
1243_0022_0026_0059_0059.jpg 1 22 26 59 59
1244_0061_0031_0024_0024.jpg 1 61 31 24 24
1245_0006_0042_0042_0042.jpg 1 6 42 42 42
1246_0011_0024_0054_0054.jpg 1 11 24 54 54
1247_0044_0036_0042_0042.jpg 1 44 36 42 42
1248_0014_0015_0044_0044.jpg 1 14 15 44 44
1249_0047_0048_0041_0041.jpg 1 47 48 41 41
1250_0021_0023_0065_0065.jpg 1 21 23 65 65
1251_0051_0009_0035_0035.jpg 1 51 9 35 35
1252_0025_0027_0067_0067.jpg 1 25 27 67 67
1253_0034_0016_0034_0034.jpg 1 34 16 34 34
1254_0042_0019_0053_0053.jpg 1 42 19 53 53
1255_0051_0008_0030_0030.jpg 1 51 8 30 30
1256_0034_0054_0029_0029.jpg 1 34 54 29 29
1257_0029_0008_0054_0054.jpg 1 29 8 54 54
1258_0027_0003_0069_0069.jpg 1 27 3 69 69
1259_0018_0037_0027_0027.jpg 1 18 37 27 27
1260_0013_0017_0068_0068.jpg 1 13 17 68 68
1261_0046_0016_0040_0040.jpg 1 46 16 40 40
1262_0012_0027_0040_0040.jpg 1 12 27 40 40
1263_0036_0036_0029_0029.jpg 1 36 36 29 29
1264_0007_0025_0057_0057.jpg 1 7 25 57 57
1265_0010_0023_0046_0046.jpg 1 10 23 46 46
1266_0015_0017_0069_0069.jpg 1 15 17 69 69
1267_0026_0021_0044_0044.jpg 1 26 21 44 44
1268_0028_0024_0026_0026.jpg 1 28 24 26 26
1269_0027_0043_0024_0024.jpg 1 27 43 24 24
1270_0011_0019_0054_0054.jpg 1 11 19 54 54
1271_0042_0054_0034_0034.jpg 1 42 54 34 34
1272_0040_0006_0052_0052.jpg 1 40 6 52 52
1273_0020_0014_0031_0031.jpg 1 20 14 31 31
1274_0056_0045_0035_0035.jpg 1 56 45 35 35
1275_0023_0008_0027_0027.jpg 1 23 8 27 27
1276_0024_0054_0038_0038.jpg 1 24 54 38 38
1277_0046_0019_0024_0024.jpg 1 46 19 24 24
1278_0013_0017_0048_0048.jpg 1 13 17 48 48
1279_0034_0012_0036_0036.jpg 1 34 12 36 36
1280_0034_0034_0061_0061.jpg 1 34 34 61 61
1281_0031_0025_0054_0054.jpg 1 31 25 54 54
1282_0035_0006_0044_0044.jpg 1 35 6 44 44
1283_0017_0037_0057_0057.jpg 1 17 37 57 57
1284_0022_0005_0056_0056.jpg 1 22 5 56 56
1285_0016_0008_0035_0035.jpg 1 16 8 35 35
1286_0016_0037_0051_0051.jpg 1 16 37 51 51
1287_0022_0012_0062_0062.jpg 1 22 12 62 62
1288_0011_0019_0058_0058.jpg 1 11 19 58 58
1289_0046_0015_0047_0047.jpg 1 46 15 47 47
1290_0031_0044_0030_0030.jpg 1 31 44 30 30
1291_0012_0046_0041_0041.jpg 1 12 46 41 41
1292_0026_0059_0028_0028.jpg 1 26 59 28 28
1293_0032_0030_0058_0058.jpg 1 32 30 58 58
1294_0036_0023_0058_0058.jpg 1 36 23 58 58
1295_0058_0049_0029_0029.jpg 1 58 49 29 29
1296_0033_0015_0048_0048.jpg 1 33 15 48 48
1297_0005_0013_0067_0067.jpg 1 5 13 67 67
1298_0041_0013_0039_0039.jpg 1 41 13 39 39
1299_0006_0040_0038_0038.jpg 1 6 40 38 38
1300_0006_0006_0062_0062.jpg 1 6 6 62 62
1301_0026_0046_0045_0045.jpg 1 26 46 45 45
1302_0043_0045_0028_0028.jpg 1 43 45 28 28
1303_0035_0032_0055_0055.jpg 1 35 32 55 55
1304_0031_0041_0054_0054.jpg 1 31 41 54 54
1305_0052_0023_0028_0028.jpg 1 52 23 28 28
1306_0057_0020_0033_0033.jpg 1 57 20 33 33
1307_0036_0031_0032_0032.jpg 1 36 31 32 32
1308_0046_0013_0028_0028.jpg 1 46 13 28 28
1309_0022_0030_0059_0059.jpg 1 22 30 59 59
1310_0009_0004_0063_0063.jpg 1 9 4 63 63
1311_0022_0010_0065_0065.jpg 1 22 10 65 65
1312_0016_0013_0069_0069.jpg 1 16 13 69 69
1313_0005_0023_0043_0043.jpg 1 5 23 43 43
1314_0009_0043_0032_0032.jpg 1 9 43 32 32
1315_0057_0030_0036_0036.jpg 1 57 30 36 36
1316_0056_0045_0031_0031.jpg 1 56 45 31 31
1317_0039_0051_0037_0037.jpg 1 39 51 37 37
1318_0024_0027_0062_0062.jpg 1 24 27 62 62
1319_0005_0034_0061_0061.jpg 1 5 34 61 61
1320_0030_0028_0033_0033.jpg 1 30 28 33 33
1321_0053_0011_0027_0027.jpg 1 53 11 27 27
1322_0011_0010_0043_0043.jpg 1 11 10 43 43
1323_0010_0019_0069_0069.jpg 1 10 19 69 69
1324_0040_0039_0049_0049.jpg 1 40 39 49 49
1325_0023_0018_0026_0026.jpg 1 23 18 26 26
1326_0031_0038_0036_0036.jpg 1 31 38 36 36
1327_0031_0048_0041_0041.jpg 1 31 48 41 41
1328_0006_0011_0064_0064.jpg 1 6 11 64 64
1329_0007_0021_0056_0056.jpg 1 7 21 56 56
1330_0010_0019_0044_0044.jpg 1 10 19 44 44
1331_0005_0011_0065_0065.jpg 1 5 11 65 65
1332_0046_0006_0045_0045.jpg 1 46 6 45 45
1333_0006_0022_0055_0055.jpg 1 6 22 55 55
1334_0023_0030_0060_0060.jpg 1 23 30 60 60
1335_0025_0033_0050_0050.jpg 1 25 33 50 50
1336_0012_0035_0056_0056.jpg 1 12 35 56 56
1337_0042_0010_0046_0046.jpg 1 42 10 46 46
1338_0012_0016_0063_0063.jpg 1 12 16 63 63
1339_0018_0016_0043_0043.jpg 1 18 16 43 43
1340_0033_0033_0035_0035.jpg 1 33 33 35 35
1341_0035_0012_0027_0027.jpg 1 35 12 27 27
1342_0054_0012_0024_0024.jpg 1 54 12 24 24
1343_0030_0018_0043_0043.jpg 1 30 18 43 43
1344_0037_0034_0053_0053.jpg 1 37 34 53 53
1345_0031_0053_0027_0027.jpg 1 31 53 27 27
1346_0050_0028_0041_0041.jpg 1 50 28 41 41
1347_0015_0013_0062_0062.jpg 1 15 13 62 62
1348_0035_0008_0052_0052.jpg 1 35 8 52 52
1349_0012_0021_0064_0064.jpg 1 12 21 64 64
1350_0042_0049_0024_0024.jpg 1 42 49 24 24
1351_0035_0021_0058_0058.jpg 1 35 21 58 58
1352_0011_0014_0028_0028.jpg 1 11 14 28 28
1353_0007_0028_0053_0053.jpg 1 7 28 53 53
1354_0065_0016_0026_0026.jpg 1 65 16 26 26
1355_0043_0037_0042_0042.jpg 1 43 37 42 42
1356_0010_0024_0053_0053.jpg 1 10 24 53 53
1357_0008_0016_0067_0067.jpg 1 8 16 67 67
1358_0023_0054_0034_0034.jpg 1 23 54 34 34
1359_0012_0011_0062_0062.jpg 1 12 11 62 62
1360_0032_0013_0039_0039.jpg 1 32 13 39 39
1361_0049_0039_0037_0037.jpg 1 49 39 37 37
1362_0031_0010_0065_0065.jpg 1 31 10 65 65
1363_0052_0028_0029_0029.jpg 1 52 28 29 29
1364_0025_0011_0056_0056.jpg 1 25 11 56 56
1365_0028_0015_0033_0033.jpg 1 28 15 33 33
1366_0013_0016_0061_0061.jpg 1 13 16 61 61
1367_0016_0006_0049_0049.jpg 1 16 6 49 49
1368_0007_0031_0063_0063.jpg 1 7 31 63 63
1369_0014_0018_0056_0056.jpg 1 14 18 56 56
1370_0030_0033_0051_0051.jpg 1 30 33 51 51
1371_0006_0020_0066_0066.jpg 1 6 20 66 66
1372_0050_0033_0037_0037.jpg 1 50 33 37 37
1373_0010_0007_0026_0026.jpg 1 10 7 26 26
1374_0038_0008_0050_0050.jpg 1 38 8 50 50
1375_0011_0014_0051_0051.jpg 1 11 14 51 51
1376_0024_0015_0041_0041.jpg 1 24 15 41 41
1377_0007_0024_0039_0039.jpg 1 7 24 39 39
1378_0042_0038_0044_0044.jpg 1 42 38 44 44
1379_0020_0006_0054_0054.jpg 1 20 6 54 54
1380_0012_0022_0053_0053.jpg 1 12 22 53 53
1381_0031_0022_0056_0056.jpg 1 31 22 56 56
1382_0027_0007_0042_0042.jpg 1 27 7 42 42
1383_0028_0049_0024_0024.jpg 1 28 49 24 24
1384_0026_0003_0062_0062.jpg 1 26 3 62 62
1385_0039_0018_0029_0029.jpg 1 39 18 29 29
1386_0011_0025_0051_0051.jpg 1 11 25 51 51
1387_0041_0044_0046_0046.jpg 1 41 44 46 46
1388_0006_0044_0037_0037.jpg 1 6 44 37 37
1389_0030_0006_0039_0039.jpg 1 30 6 39 39
1390_0047_0021_0030_0030.jpg 1 47 21 30 30
1391_0018_0037_0053_0053.jpg 1 18 37 53 53
1392_0018_0010_0065_0065.jpg 1 18 10 65 65
1393_0016_0013_0040_0040.jpg 1 16 13 40 40
1394_0011_0027_0037_0037.jpg 1 11 27 37 37
1395_0008_0040_0046_0046.jpg 1 8 40 46 46
1396_0007_0022_0060_0060.jpg 1 7 22 60 60
1397_0014_0048_0027_0027.jpg 1 14 48 27 27
1398_0047_0022_0035_0035.jpg 1 47 22 35 35
1399_0028_0038_0049_0049.jpg 1 28 38 49 49
1400_0022_0039_0049_0049.jpg 1 22 39 49 49
1401_0016_0019_0067_0067.jpg 1 16 19 67 67
1402_0046_0054_0034_0034.jpg 1 46 54 34 34
1403_0046_0042_0027_0027.jpg 1 46 42 27 27
1404_0048_0027_0028_0028.jpg 1 48 27 28 28
1405_0025_0033_0055_0055.jpg 1 25 33 55 55
1406_0067_0021_0024_0024.jpg 1 67 21 24 24
1407_0030_0009_0029_0029.jpg 1 30 9 29 29
1408_0012_0010_0064_0064.jpg 1 12 10 64 64
1409_0068_0061_0024_0024.jpg 1 68 61 24 24
1410_0049_0031_0042_0042.jpg 1 49 31 42 42
1411_0013_0027_0036_0036.jpg 1 13 27 36 36
1412_0033_0021_0050_0050.jpg 1 33 21 50 50
1413_0026_0019_0060_0060.jpg 1 26 19 60 60
1414_0026_0026_0040_0040.jpg 1 26 26 40 40
1415_0020_0035_0038_0038.jpg 1 20 35 38 38
1416_0045_0029_0026_0026.jpg 1 45 29 26 26
1417_0005_0015_0061_0061.jpg 1 5 15 61 61
1418_0051_0017_0031_0031.jpg 1 51 17 31 31
1419_0015_0039_0032_0032.jpg 1 15 39 32 32
1420_0041_0021_0042_0042.jpg 1 41 21 42 42
1421_0033_0018_0059_0059.jpg 1 33 18 59 59
1422_0008_0053_0024_0024.jpg 1 8 53 24 24
1423_0057_0040_0033_0033.jpg 1 57 40 33 33
1424_0006_0009_0049_0049.jpg 1 6 9 49 49
1425_0037_0028_0041_0041.jpg 1 37 28 41 41
1426_0043_0060_0027_0027.jpg 1 43 60 27 27
1427_0048_0021_0045_0045.jpg 1 48 21 45 45
1428_0032_0022_0051_0051.jpg 1 32 22 51 51
1429_0008_0030_0062_0062.jpg 1 8 30 62 62
1430_0047_0022_0030_0030.jpg 1 47 22 30 30
1431_0019_0012_0064_0064.jpg 1 19 12 64 64
1432_0015_0031_0065_0065.jpg 1 15 31 65 65
1433_0031_0035_0033_0033.jpg 1 31 35 33 33
1434_0023_0022_0051_0051.jpg 1 23 22 51 51
1435_0047_0020_0043_0043.jpg 1 47 20 43 43
1436_0014_0027_0066_0066.jpg 1 14 27 66 66
1437_0012_0012_0049_0049.jpg 1 12 12 49 49
1438_0022_0017_0058_0058.jpg 1 22 17 58 58
1439_0020_0018_0054_0054.jpg 1 20 18 54 54
1440_0010_0019_0044_0044.jpg 1 10 19 44 44
1441_0026_0025_0069_0069.jpg 1 26 25 69 69
1442_0028_0043_0027_0027.jpg 1 28 43 27 27
1443_0026_0042_0053_0053.jpg 1 26 42 53 53
1444_0033_0017_0060_0060.jpg 1 33 17 60 60
1445_0016_0036_0040_0040.jpg 1 16 36 40 40
1446_0036_0030_0052_0052.jpg 1 36 30 52 52
1447_0017_0011_0041_0041.jpg 1 17 11 41 41
1448_0020_0011_0033_0033.jpg 1 20 11 33 33
1449_0017_0015_0030_0030.jpg 1 17 15 30 30
1450_0003_0011_0069_0069.jpg 1 3 11 69 69
1451_0008_0037_0050_0050.jpg 1 8 37 50 50
1452_0037_0039_0053_0053.jpg 1 37 39 53 53
1453_0039_0041_0038_0038.jpg 1 39 41 38 38
1454_0058_0030_0030_0030.jpg 1 58 30 30 30
1455_0017_0025_0049_0049.jpg 1 17 25 49 49
1456_0049_0033_0042_0042.jpg 1 49 33 42 42
1457_0035_0051_0039_0039.jpg 1 35 51 39 39
1458_0008_0026_0030_0030.jpg 1 8 26 30 30
1459_0024_0024_0039_0039.jpg 1 24 24 39 39
1460_0020_0012_0050_0050.jpg 1 20 12 50 50
1461_0026_0049_0037_0037.jpg 1 26 49 37 37
1462_0048_0033_0043_0043.jpg 1 48 33 43 43
1463_0006_0019_0055_0055.jpg 1 6 19 55 55
1464_0060_0035_0032_0032.jpg 1 60 35 32 32
1465_0039_0016_0051_0051.jpg 1 39 16 51 51
1466_0012_0034_0043_0043.jpg 1 12 34 43 43
1467_0014_0044_0041_0041.jpg 1 14 44 41 41
1468_0035_0034_0024_0024.jpg 1 35 34 24 24
1469_0010_0011_0037_0037.jpg 1 10 11 37 37
1470_0038_0049_0034_0034.jpg 1 38 49 34 34
1471_0051_0007_0035_0035.jpg 1 51 7 35 35
1472_0018_0026_0063_0063.jpg 1 18 26 63 63
1473_0022_0017_0047_0047.jpg 1 22 17 47 47
1474_0027_0015_0067_0067.jpg 1 27 15 67 67
1475_0013_0006_0052_0052.jpg 1 13 6 52 52
1476_0007_0015_0040_0040.jpg 1 7 15 40 40
1477_0045_0032_0044_0044.jpg 1 45 32 44 44
1478_0032_0015_0025_0025.jpg 1 32 15 25 25
1479_0006_0029_0067_0067.jpg 1 6 29 67 67
1480_0046_0035_0043_0043.jpg 1 46 35 43 43
1481_0032_0018_0047_0047.jpg 1 32 18 47 47
1482_0064_0063_0025_0025.jpg 1 64 63 25 25
1483_0015_0016_0068_0068.jpg 1 15 16 68 68
1484_0010_0032_0051_0051.jpg 1 10 32 51 51
1485_0026_0036_0039_0039.jpg 1 26 36 39 39
1486_0026_0022_0034_0034.jpg 1 26 22 34 34
1487_0045_0007_0039_0039.jpg 1 45 7 39 39
1488_0029_0018_0036_0036.jpg 1 29 18 36 36
1489_0015_0028_0050_0050.jpg 1 15 28 50 50
1490_0056_0038_0024_0024.jpg 1 56 38 24 24
1491_0038_0015_0057_0057.jpg 1 38 15 57 57
1492_0042_0039_0033_0033.jpg 1 42 39 33 33
1493_0029_0043_0049_0049.jpg 1 29 43 49 49
1494_0024_0003_0069_0069.jpg 1 24 3 69 69
1495_0010_0025_0052_0052.jpg 1 10 25 52 52
1496_0026_0022_0065_0065.jpg 1 26 22 65 65
1497_0007_0010_0068_0068.jpg 1 7 10 68 68
1498_0033_0013_0056_0056.jpg 1 33 13 56 56
1499_0043_0046_0028_0028.jpg 1 43 46 28 28
1500_0033_0023_0049_0049.jpg 1 33 23 49 49
1501_0008_0030_0033_0033.jpg 1 8 30 33 33
1502_0028_0004_0065_0065.jpg 1 28 4 65 65
1503_0013_0013_0043_0043.jpg 1 13 13 43 43
